---------------------------------------------------------------------------
[10:21:15] [ CAM : 0 ] [[ SetInteger ]
] 
---------------------------------------------------------------------------
[Detail]
Value = 0 must be equal or greater than Min = 32.
---------------------------------------------------------------------------

---------------------------------------------------------------------------
[10:21:15] [ CAM : 0 ] [[ SetInteger ]
] 
---------------------------------------------------------------------------
[Detail]
Value = 0 must be equal or greater than Min = 1.
---------------------------------------------------------------------------

---------------------------------------------------------------------------
[10:21:18] [ CAM : 0 ] [정상] 
---------------------------------------------------------------------------
[Detail]
1번 이미지 전송 완료
---------------------------------------------------------------------------

---------------------------------------------------------------------------
[10:21:18] [ CAM : 0 ] [정상] 
---------------------------------------------------------------------------
[Detail]
촬영 시퀀스 완료
---------------------------------------------------------------------------

---------------------------------------------------------------------------
[10:21:19] [ CAM : 0 ] [정상] 
---------------------------------------------------------------------------
[Detail]
물체 감지 - 촬영 시작
---------------------------------------------------------------------------

---------------------------------------------------------------------------
[10:21:19] [ CAM : 0 ] [정상] 
---------------------------------------------------------------------------
[Detail]
1번 이미지 전송 완료
---------------------------------------------------------------------------

---------------------------------------------------------------------------
[10:21:20] [ CAM : 0 ] [정상] 
---------------------------------------------------------------------------
[Detail]
2번 이미지 전송 완료
---------------------------------------------------------------------------

---------------------------------------------------------------------------
[10:21:20] [ CAM : 0 ] [정상] 
---------------------------------------------------------------------------
[Detail]
3번 이미지 전송 완료
---------------------------------------------------------------------------

---------------------------------------------------------------------------
[10:21:20] [ CAM : 0 ] [정상] 
---------------------------------------------------------------------------
[Detail]
4번 이미지 전송 완료
---------------------------------------------------------------------------

---------------------------------------------------------------------------
[10:21:20] [ CAM : 0 ] [정상] 
---------------------------------------------------------------------------
[Detail]
촬영 시퀀스 완료
---------------------------------------------------------------------------

---------------------------------------------------------------------------
[10:21:20] [ CAM : 0 ] [정상] 
---------------------------------------------------------------------------
[Detail]
물체 감지 - 촬영 시작
---------------------------------------------------------------------------

---------------------------------------------------------------------------
[10:21:21] [ CAM : 0 ] [정상] 
---------------------------------------------------------------------------
[Detail]
1번 이미지 전송 완료
---------------------------------------------------------------------------

---------------------------------------------------------------------------
[10:21:21] [ CAM : 0 ] [정상] 
---------------------------------------------------------------------------
[Detail]
2번 이미지 전송 완료
---------------------------------------------------------------------------

---------------------------------------------------------------------------
[10:21:21] [ CAM : 0 ] [정상] 
---------------------------------------------------------------------------
[Detail]
3번 이미지 전송 완료
---------------------------------------------------------------------------

---------------------------------------------------------------------------
[10:21:21] [ CAM : 0 ] [정상] 
---------------------------------------------------------------------------
[Detail]
4번 이미지 전송 완료
---------------------------------------------------------------------------

---------------------------------------------------------------------------
[10:21:21] [ CAM : 0 ] [정상] 
---------------------------------------------------------------------------
[Detail]
촬영 시퀀스 완료
---------------------------------------------------------------------------

---------------------------------------------------------------------------
[10:21:21] [ CAM : 0 ] [정상] 
---------------------------------------------------------------------------
[Detail]
물체 감지 - 촬영 시작
---------------------------------------------------------------------------

---------------------------------------------------------------------------
[10:21:22] [ CAM : 0 ] [정상] 
---------------------------------------------------------------------------
[Detail]
1번 이미지 전송 완료
---------------------------------------------------------------------------

---------------------------------------------------------------------------
[10:21:22] [ CAM : 0 ] [정상] 
---------------------------------------------------------------------------
[Detail]
2번 이미지 전송 완료
---------------------------------------------------------------------------

---------------------------------------------------------------------------
[10:21:22] [ CAM : 0 ] [정상] 
---------------------------------------------------------------------------
[Detail]
3번 이미지 전송 완료
---------------------------------------------------------------------------

---------------------------------------------------------------------------
[10:21:22] [ CAM : 0 ] [정상] 
---------------------------------------------------------------------------
[Detail]
4번 이미지 전송 완료
---------------------------------------------------------------------------

---------------------------------------------------------------------------
[10:21:22] [ CAM : 0 ] [정상] 
---------------------------------------------------------------------------
[Detail]
촬영 시퀀스 완료
---------------------------------------------------------------------------

---------------------------------------------------------------------------
[10:21:24] [ CAM : 0 ] [알림] 
---------------------------------------------------------------------------
[Detail]
수동 재분류 요청을 보냈습니다.
---------------------------------------------------------------------------

---------------------------------------------------------------------------
[10:21:24] [ CAM : 0 ] [정상] 
---------------------------------------------------------------------------
[Detail]
전송 성공 (CMD:2, Shot:1)
---------------------------------------------------------------------------

---------------------------------------------------------------------------
[10:21:26] [ CAM : 0 ] [정상] 
---------------------------------------------------------------------------
[Detail]
물체 감지 - 촬영 시작
---------------------------------------------------------------------------

---------------------------------------------------------------------------
[10:21:26] [ CAM : 0 ] [정상] 
---------------------------------------------------------------------------
[Detail]
1번 이미지 전송 완료
---------------------------------------------------------------------------

---------------------------------------------------------------------------
[10:21:26] [ CAM : 0 ] [정상] 
---------------------------------------------------------------------------
[Detail]
2번 이미지 전송 완료
---------------------------------------------------------------------------

---------------------------------------------------------------------------
[10:21:26] [ CAM : 0 ] [정상] 
---------------------------------------------------------------------------
[Detail]
3번 이미지 전송 완료
---------------------------------------------------------------------------

---------------------------------------------------------------------------
[10:21:27] [ CAM : 0 ] [정상] 
---------------------------------------------------------------------------
[Detail]
4번 이미지 전송 완료
---------------------------------------------------------------------------

---------------------------------------------------------------------------
[10:21:27] [ CAM : 0 ] [정상] 
---------------------------------------------------------------------------
[Detail]
촬영 시퀀스 완료
---------------------------------------------------------------------------

---------------------------------------------------------------------------
[10:21:27] [ CAM : 0 ] [정상] 
---------------------------------------------------------------------------
[Detail]
물체 감지 - 촬영 시작
---------------------------------------------------------------------------

---------------------------------------------------------------------------
[10:21:27] [ CAM : 0 ] [정상] 
---------------------------------------------------------------------------
[Detail]
1번 이미지 전송 완료
---------------------------------------------------------------------------

---------------------------------------------------------------------------
[10:21:27] [ CAM : 0 ] [정상] 
---------------------------------------------------------------------------
[Detail]
2번 이미지 전송 완료
---------------------------------------------------------------------------

---------------------------------------------------------------------------
[10:21:27] [ CAM : 0 ] [정상] 
---------------------------------------------------------------------------
[Detail]
3번 이미지 전송 완료
---------------------------------------------------------------------------

---------------------------------------------------------------------------
[10:21:28] [ CAM : 0 ] [정상] 
---------------------------------------------------------------------------
[Detail]
4번 이미지 전송 완료
---------------------------------------------------------------------------

---------------------------------------------------------------------------
[10:21:28] [ CAM : 0 ] [정상] 
---------------------------------------------------------------------------
[Detail]
촬영 시퀀스 완료
---------------------------------------------------------------------------

