---------------------------------------------------------------------------
[15§û_47¤Å_43ûò] [ CAM : 0 ] Error 
---------------------------------------------------------------------------
[Error position]
[ SetInteger ]
---------------------------------------------------------------------------
[Error Detail]
Value = 0 must be equal or greater than Min = 32.
---------------------------------------------------------------------------
---------------------------------------------------------------------------
[15§û_47¤Å_43ûò] [ CAM : 0 ] Error 
---------------------------------------------------------------------------
[Error position]
[ SetInteger ]
---------------------------------------------------------------------------
[Error Detail]
Value = 0 must be equal or greater than Min = 1.
---------------------------------------------------------------------------
---------------------------------------------------------------------------
[15§û_48¤Å_7ûò] [ CAM : 0 ] Error 
---------------------------------------------------------------------------
[Error position]
[ GrabLive ]
---------------------------------------------------------------------------
[Error Detail]
Grabbing has already been started.
---------------------------------------------------------------------------
