---------------------------------------------------------------------------
[17:21:27] [ CAM : 0 ] [[ SetInteger ]
] 
---------------------------------------------------------------------------
[Detail]
Value = 0 must be equal or greater than Min = 32.
---------------------------------------------------------------------------

---------------------------------------------------------------------------
[17:21:27] [ CAM : 0 ] [[ SetInteger ]
] 
---------------------------------------------------------------------------
[Detail]
Value = 0 must be equal or greater than Min = 1.
---------------------------------------------------------------------------

---------------------------------------------------------------------------
[17:21:28] [ CAM : 0 ] [정상] 
---------------------------------------------------------------------------
[Detail]
1번 이미지 전송 완료
---------------------------------------------------------------------------

---------------------------------------------------------------------------
[17:21:28] [ CAM : 0 ] [정상] 
---------------------------------------------------------------------------
[Detail]
촬영 시퀀스 완료
---------------------------------------------------------------------------

---------------------------------------------------------------------------
[17:25:51] [ CAM : 0 ] [정상] 
---------------------------------------------------------------------------
[Detail]
물체 감지 - 촬영 시작
---------------------------------------------------------------------------

---------------------------------------------------------------------------
[17:25:51] [ CAM : 0 ] [정상] 
---------------------------------------------------------------------------
[Detail]
1번 이미지 전송 완료
---------------------------------------------------------------------------

---------------------------------------------------------------------------
[17:25:51] [ CAM : 0 ] [정상] 
---------------------------------------------------------------------------
[Detail]
2번 이미지 전송 완료
---------------------------------------------------------------------------

---------------------------------------------------------------------------
[17:25:52] [ CAM : 0 ] [정상] 
---------------------------------------------------------------------------
[Detail]
3번 이미지 전송 완료
---------------------------------------------------------------------------

---------------------------------------------------------------------------
[17:25:52] [ CAM : 0 ] [정상] 
---------------------------------------------------------------------------
[Detail]
4번 이미지 전송 완료
---------------------------------------------------------------------------

---------------------------------------------------------------------------
[17:25:52] [ CAM : 0 ] [정상] 
---------------------------------------------------------------------------
[Detail]
촬영 시퀀스 완료
---------------------------------------------------------------------------

---------------------------------------------------------------------------
[17:25:52] [ CAM : 0 ] [정상] 
---------------------------------------------------------------------------
[Detail]
물체 감지 - 촬영 시작
---------------------------------------------------------------------------

---------------------------------------------------------------------------
[17:25:52] [ CAM : 0 ] [정상] 
---------------------------------------------------------------------------
[Detail]
1번 이미지 전송 완료
---------------------------------------------------------------------------

---------------------------------------------------------------------------
[17:25:52] [ CAM : 0 ] [정상] 
---------------------------------------------------------------------------
[Detail]
2번 이미지 전송 완료
---------------------------------------------------------------------------

---------------------------------------------------------------------------
[17:25:53] [ CAM : 0 ] [정상] 
---------------------------------------------------------------------------
[Detail]
3번 이미지 전송 완료
---------------------------------------------------------------------------

---------------------------------------------------------------------------
[17:25:53] [ CAM : 0 ] [정상] 
---------------------------------------------------------------------------
[Detail]
4번 이미지 전송 완료
---------------------------------------------------------------------------

---------------------------------------------------------------------------
[17:25:53] [ CAM : 0 ] [정상] 
---------------------------------------------------------------------------
[Detail]
촬영 시퀀스 완료
---------------------------------------------------------------------------

---------------------------------------------------------------------------
[17:26:00] [ CAM : 0 ] [[ SetInteger ]
] 
---------------------------------------------------------------------------
[Detail]
Value = 0 must be equal or greater than Min = 32.
---------------------------------------------------------------------------

---------------------------------------------------------------------------
[17:26:00] [ CAM : 0 ] [[ SetInteger ]
] 
---------------------------------------------------------------------------
[Detail]
Value = 0 must be equal or greater than Min = 1.
---------------------------------------------------------------------------

---------------------------------------------------------------------------
[17:26:10] [ CAM : 0 ] [[ SetInteger ]
] 
---------------------------------------------------------------------------
[Detail]
Value = 0 must be equal or greater than Min = 32.
---------------------------------------------------------------------------

---------------------------------------------------------------------------
[17:26:10] [ CAM : 0 ] [[ SetInteger ]
] 
---------------------------------------------------------------------------
[Detail]
Value = 0 must be equal or greater than Min = 1.
---------------------------------------------------------------------------

