---------------------------------------------------------------------------
[11:38:55] [ CAM : 0 ] [[ SetInteger ]
] 
---------------------------------------------------------------------------
[Detail]
Value = 0 must be equal or greater than Min = 32.
---------------------------------------------------------------------------

---------------------------------------------------------------------------
[11:38:55] [ CAM : 0 ] [[ SetInteger ]
] 
---------------------------------------------------------------------------
[Detail]
Value = 0 must be equal or greater than Min = 1.
---------------------------------------------------------------------------

---------------------------------------------------------------------------
[11:38:57] [ CAM : 0 ] [СЄЛѓ] 
---------------------------------------------------------------------------
[Detail]
ЙАУМ АЈСі! 4Рх УдПЕ НУРл
---------------------------------------------------------------------------

---------------------------------------------------------------------------
[11:38:58] [ CAM : 0 ] [СЄЛѓ] 
---------------------------------------------------------------------------
[Detail]
4Рх РќМл ПЯЗс. (СпКЙ ЙцСі ДыБт Сп)
---------------------------------------------------------------------------

---------------------------------------------------------------------------
[11:39:13] [ CAM : 0 ] [СЄЛѓ] 
---------------------------------------------------------------------------
[Detail]
ЙАУМ АЈСі! 4Рх УдПЕ НУРл
---------------------------------------------------------------------------

---------------------------------------------------------------------------
[11:39:14] [ CAM : 0 ] [СЄЛѓ] 
---------------------------------------------------------------------------
[Detail]
4Рх РќМл ПЯЗс. (СпКЙ ЙцСі ДыБт Сп)
---------------------------------------------------------------------------

---------------------------------------------------------------------------
[11:39:16] [ CAM : 0 ] [СЄЛѓ] 
---------------------------------------------------------------------------
[Detail]
ЙАУМ АЈСі! 4Рх УдПЕ НУРл
---------------------------------------------------------------------------

---------------------------------------------------------------------------
[11:39:17] [ CAM : 0 ] [СЄЛѓ] 
---------------------------------------------------------------------------
[Detail]
4Рх РќМл ПЯЗс. (СпКЙ ЙцСі ДыБт Сп)
---------------------------------------------------------------------------

---------------------------------------------------------------------------
[11:39:20] [ CAM : 0 ] [СЄЛѓ] 
---------------------------------------------------------------------------
[Detail]
ЙАУМ АЈСі! 4Рх УдПЕ НУРл
---------------------------------------------------------------------------

---------------------------------------------------------------------------
[11:39:21] [ CAM : 0 ] [СЄЛѓ] 
---------------------------------------------------------------------------
[Detail]
4Рх РќМл ПЯЗс. (СпКЙ ЙцСі ДыБт Сп)
---------------------------------------------------------------------------

---------------------------------------------------------------------------
[11:39:23] [ CAM : 0 ] [СЄЛѓ] 
---------------------------------------------------------------------------
[Detail]
ЙАУМ АЈСі! 4Рх УдПЕ НУРл
---------------------------------------------------------------------------

---------------------------------------------------------------------------
[11:39:23] [ CAM : 0 ] [СЄЛѓ] 
---------------------------------------------------------------------------
[Detail]
4Рх РќМл ПЯЗс. (СпКЙ ЙцСі ДыБт Сп)
---------------------------------------------------------------------------

---------------------------------------------------------------------------
[11:39:29] [ CAM : 0 ] [СЄЛѓ] 
---------------------------------------------------------------------------
[Detail]
ЙАУМ АЈСі! 4Рх УдПЕ НУРл
---------------------------------------------------------------------------

---------------------------------------------------------------------------
[11:39:30] [ CAM : 0 ] [СЄЛѓ] 
---------------------------------------------------------------------------
[Detail]
4Рх РќМл ПЯЗс. (СпКЙ ЙцСі ДыБт Сп)
---------------------------------------------------------------------------

---------------------------------------------------------------------------
[11:39:32] [ CAM : 0 ] [СЄЛѓ] 
---------------------------------------------------------------------------
[Detail]
ЙАУМ АЈСі! 4Рх УдПЕ НУРл
---------------------------------------------------------------------------

---------------------------------------------------------------------------
[11:39:32] [ CAM : 0 ] [СЄЛѓ] 
---------------------------------------------------------------------------
[Detail]
4Рх РќМл ПЯЗс. (СпКЙ ЙцСі ДыБт Сп)
---------------------------------------------------------------------------

---------------------------------------------------------------------------
[11:39:36] [ CAM : 0 ] [СЄЛѓ] 
---------------------------------------------------------------------------
[Detail]
ЙАУМ АЈСі! 4Рх УдПЕ НУРл
---------------------------------------------------------------------------

---------------------------------------------------------------------------
[11:39:37] [ CAM : 0 ] [СЄЛѓ] 
---------------------------------------------------------------------------
[Detail]
4Рх РќМл ПЯЗс. (СпКЙ ЙцСі ДыБт Сп)
---------------------------------------------------------------------------

---------------------------------------------------------------------------
[11:39:57] [ CAM : 0 ] [СЄЛѓ] 
---------------------------------------------------------------------------
[Detail]
ЙАУМ АЈСі! 4Рх УдПЕ НУРл
---------------------------------------------------------------------------

---------------------------------------------------------------------------
[11:39:57] [ CAM : 0 ] [СЄЛѓ] 
---------------------------------------------------------------------------
[Detail]
4Рх РќМл ПЯЗс. (СпКЙ ЙцСі ДыБт Сп)
---------------------------------------------------------------------------

