---------------------------------------------------------------------------
[11:33:05] [ CAM : 0 ] [[ SetInteger ]
] 
---------------------------------------------------------------------------
[Detail]
Value = 0 must be equal or greater than Min = 32.
---------------------------------------------------------------------------

---------------------------------------------------------------------------
[11:33:05] [ CAM : 0 ] [[ SetInteger ]
] 
---------------------------------------------------------------------------
[Detail]
Value = 0 must be equal or greater than Min = 1.
---------------------------------------------------------------------------

---------------------------------------------------------------------------
[11:33:09] [ CAM : 0 ] [정상] 
---------------------------------------------------------------------------
[Detail]
물체 감지! 4장 촬영 시작
---------------------------------------------------------------------------

---------------------------------------------------------------------------
[11:33:10] [ CAM : 0 ] [정상] 
---------------------------------------------------------------------------
[Detail]
4장 전송 완료. 다음 물체 대기 중...
---------------------------------------------------------------------------

---------------------------------------------------------------------------
[11:33:10] [ CAM : 0 ] [정상] 
---------------------------------------------------------------------------
[Detail]
물체 감지! 4장 촬영 시작
---------------------------------------------------------------------------

---------------------------------------------------------------------------
[11:33:10] [ CAM : 0 ] [정상] 
---------------------------------------------------------------------------
[Detail]
4장 전송 완료. 다음 물체 대기 중...
---------------------------------------------------------------------------

