---------------------------------------------------------------------------
[11:03:33] [ CAM : 0 ] [[ SetInteger ]
] 
---------------------------------------------------------------------------
[Detail]
Value = 0 must be equal or greater than Min = 32.
---------------------------------------------------------------------------

---------------------------------------------------------------------------
[11:03:33] [ CAM : 0 ] [[ SetInteger ]
] 
---------------------------------------------------------------------------
[Detail]
Value = 0 must be equal or greater than Min = 1.
---------------------------------------------------------------------------

---------------------------------------------------------------------------
[11:03:36] [ CAM : 0 ] [정상] 
---------------------------------------------------------------------------
[Detail]
물체 감지 - 즉시 촬영 시작
---------------------------------------------------------------------------

---------------------------------------------------------------------------
[11:03:37] [ CAM : 0 ] [정상] 
---------------------------------------------------------------------------
[Detail]
4장 촬영 완료
---------------------------------------------------------------------------

---------------------------------------------------------------------------
[11:03:47] [ CAM : 0 ] [정상] 
---------------------------------------------------------------------------
[Detail]
물체 감지 - 즉시 촬영 시작
---------------------------------------------------------------------------

---------------------------------------------------------------------------
[11:03:48] [ CAM : 0 ] [정상] 
---------------------------------------------------------------------------
[Detail]
4장 촬영 완료
---------------------------------------------------------------------------

---------------------------------------------------------------------------
[11:03:50] [ CAM : 0 ] [정상] 
---------------------------------------------------------------------------
[Detail]
물체 감지 - 즉시 촬영 시작
---------------------------------------------------------------------------

---------------------------------------------------------------------------
[11:03:50] [ CAM : 0 ] [정상] 
---------------------------------------------------------------------------
[Detail]
4장 촬영 완료
---------------------------------------------------------------------------

---------------------------------------------------------------------------
[11:03:53] [ CAM : 0 ] [정상] 
---------------------------------------------------------------------------
[Detail]
물체 감지 - 즉시 촬영 시작
---------------------------------------------------------------------------

---------------------------------------------------------------------------
[11:03:54] [ CAM : 0 ] [정상] 
---------------------------------------------------------------------------
[Detail]
4장 촬영 완료
---------------------------------------------------------------------------

---------------------------------------------------------------------------
[11:03:56] [ CAM : 0 ] [정상] 
---------------------------------------------------------------------------
[Detail]
물체 감지 - 즉시 촬영 시작
---------------------------------------------------------------------------

---------------------------------------------------------------------------
[11:03:57] [ CAM : 0 ] [정상] 
---------------------------------------------------------------------------
[Detail]
4장 촬영 완료
---------------------------------------------------------------------------

---------------------------------------------------------------------------
[11:04:01] [ CAM : 0 ] [정상] 
---------------------------------------------------------------------------
[Detail]
물체 감지 - 즉시 촬영 시작
---------------------------------------------------------------------------

---------------------------------------------------------------------------
[11:04:02] [ CAM : 0 ] [정상] 
---------------------------------------------------------------------------
[Detail]
4장 촬영 완료
---------------------------------------------------------------------------

---------------------------------------------------------------------------
[11:04:09] [ CAM : 0 ] [알림] 
---------------------------------------------------------------------------
[Detail]
시스템 모드 변경: [재분류 모드]
---------------------------------------------------------------------------

---------------------------------------------------------------------------
[11:04:14] [ CAM : 0 ] [정상] 
---------------------------------------------------------------------------
[Detail]
물체 감지 - 즉시 촬영 시작
---------------------------------------------------------------------------

---------------------------------------------------------------------------
[11:04:15] [ CAM : 0 ] [정상] 
---------------------------------------------------------------------------
[Detail]
4장 촬영 완료
---------------------------------------------------------------------------

---------------------------------------------------------------------------
[11:04:17] [ CAM : 0 ] [정상] 
---------------------------------------------------------------------------
[Detail]
물체 감지 - 즉시 촬영 시작
---------------------------------------------------------------------------

---------------------------------------------------------------------------
[11:04:17] [ CAM : 0 ] [정상] 
---------------------------------------------------------------------------
[Detail]
4장 촬영 완료
---------------------------------------------------------------------------

---------------------------------------------------------------------------
[11:04:32] [ CAM : 0 ] [[ Connect_Camera Exception ]
] 
---------------------------------------------------------------------------
[Detail]
Node is not writable.
---------------------------------------------------------------------------

---------------------------------------------------------------------------
[11:04:34] [ CAM : 0 ] [알림] 
---------------------------------------------------------------------------
[Detail]
시스템 모드 변경: [일반 분류 모드]
---------------------------------------------------------------------------

---------------------------------------------------------------------------
[11:04:39] [ CAM : 0 ] [정상] 
---------------------------------------------------------------------------
[Detail]
물체 감지 - 즉시 촬영 시작
---------------------------------------------------------------------------

---------------------------------------------------------------------------
[11:04:40] [ CAM : 0 ] [정상] 
---------------------------------------------------------------------------
[Detail]
4장 촬영 완료
---------------------------------------------------------------------------

---------------------------------------------------------------------------
[11:04:42] [ CAM : 0 ] [정상] 
---------------------------------------------------------------------------
[Detail]
물체 감지 - 즉시 촬영 시작
---------------------------------------------------------------------------

---------------------------------------------------------------------------
[11:04:43] [ CAM : 0 ] [정상] 
---------------------------------------------------------------------------
[Detail]
4장 촬영 완료
---------------------------------------------------------------------------

---------------------------------------------------------------------------
[11:04:56] [ CAM : 0 ] [정상] 
---------------------------------------------------------------------------
[Detail]
물체 감지 - 즉시 촬영 시작
---------------------------------------------------------------------------

---------------------------------------------------------------------------
[11:04:57] [ CAM : 0 ] [정상] 
---------------------------------------------------------------------------
[Detail]
4장 촬영 완료
---------------------------------------------------------------------------

---------------------------------------------------------------------------
[11:04:59] [ CAM : 0 ] [정상] 
---------------------------------------------------------------------------
[Detail]
물체 감지 - 즉시 촬영 시작
---------------------------------------------------------------------------

---------------------------------------------------------------------------
[11:05:00] [ CAM : 0 ] [정상] 
---------------------------------------------------------------------------
[Detail]
4장 촬영 완료
---------------------------------------------------------------------------

