[14:25:56] [ CAM : 0 ] [[ SetInteger ]
] Value = 0 must be equal or greater than Min = 32.
[14:25:56] [ CAM : 0 ] [[ SetInteger ]
] Value = 0 must be equal or greater than Min = 1.
[14:25:58] [ CAM : 0 ] [정상] 촬영 완료 - 대기 모드 전환
[14:26:03] [ CAM : 0 ] [알림] 물체 감지됨
[14:26:04] [ CAM : 0 ] [정상] 촬영 완료 - 대기 모드 전환
[14:26:15] [ CAM : 0 ] [알림] 물체 감지됨
[14:26:16] [ CAM : 0 ] [정상] 촬영 완료 - 대기 모드 전환
[14:26:22] [ CAM : 0 ] [알림] 물체 감지됨
[14:26:23] [ CAM : 0 ] [정상] 촬영 완료 - 대기 모드 전환
[14:26:29] [ CAM : 0 ] [알림] 시스템 모드 변경: [재분류 모드]
[14:26:32] [ CAM : 0 ] [알림] 물체 감지됨
[14:26:32] [ CAM : 0 ] [정상] 촬영 완료 - 대기 모드 전환
[14:26:37] [ CAM : 0 ] [알림] 물체 감지됨
[14:26:37] [ CAM : 0 ] [정상] 촬영 완료 - 대기 모드 전환
[14:26:43] [ CAM : 0 ] [알림] 물체 감지됨
[14:26:44] [ CAM : 0 ] [정상] 촬영 완료 - 대기 모드 전환
[14:26:48] [ CAM : 0 ] [알림] 물체 감지됨
[14:26:49] [ CAM : 0 ] [정상] 촬영 완료 - 대기 모드 전환
[14:27:16] [ CAM : 0 ] [알림] 시스템 모드 변경: [일반 분류 모드]
[14:27:17] [ CAM : 0 ] [알림] 물체 감지됨
[14:27:18] [ CAM : 0 ] [정상] 촬영 완료 - 대기 모드 전환
[14:27:20] [ CAM : 0 ] [알림] 물체 감지됨
[14:27:21] [ CAM : 0 ] [정상] 촬영 완료 - 대기 모드 전환
[14:27:23] [ CAM : 0 ] [알림] 물체 감지됨
[14:27:24] [ CAM : 0 ] [정상] 촬영 완료 - 대기 모드 전환
[14:27:26] [ CAM : 0 ] [알림] 물체 감지됨
[14:27:26] [ CAM : 0 ] [정상] 촬영 완료 - 대기 모드 전환
[14:27:28] [ CAM : 0 ] [알림] 물체 감지됨
[14:27:29] [ CAM : 0 ] [정상] 촬영 완료 - 대기 모드 전환
[14:27:31] [ CAM : 0 ] [알림] 물체 감지됨
[14:27:32] [ CAM : 0 ] [정상] 촬영 완료 - 대기 모드 전환
[14:27:34] [ CAM : 0 ] [알림] 물체 감지됨
[14:27:35] [ CAM : 0 ] [정상] 촬영 완료 - 대기 모드 전환
[14:27:37] [ CAM : 0 ] [알림] 물체 감지됨
[14:27:37] [ CAM : 0 ] [정상] 촬영 완료 - 대기 모드 전환
[14:27:39] [ CAM : 0 ] [알림] 물체 감지됨
[14:27:40] [ CAM : 0 ] [정상] 촬영 완료 - 대기 모드 전환
[14:27:42] [ CAM : 0 ] [알림] 물체 감지됨
[14:27:43] [ CAM : 0 ] [정상] 촬영 완료 - 대기 모드 전환
[14:27:45] [ CAM : 0 ] [알림] 물체 감지됨
[14:27:46] [ CAM : 0 ] [정상] 촬영 완료 - 대기 모드 전환
[14:27:48] [ CAM : 0 ] [알림] 물체 감지됨
[14:27:49] [ CAM : 0 ] [정상] 촬영 완료 - 대기 모드 전환
[14:28:06] [ CAM : 0 ] [알림] 물체 감지됨
[14:28:07] [ CAM : 0 ] [정상] 촬영 완료 - 대기 모드 전환
[14:28:14] [ CAM : 0 ] [알림] 물체 감지됨
[14:28:15] [ CAM : 0 ] [정상] 촬영 완료 - 대기 모드 전환
[14:28:20] [ CAM : 0 ] [알림] 물체 감지됨
[14:28:20] [ CAM : 0 ] [정상] 촬영 완료 - 대기 모드 전환
[14:28:25] [ CAM : 0 ] [알림] 물체 감지됨
[14:28:26] [ CAM : 0 ] [정상] 촬영 완료 - 대기 모드 전환
[14:28:42] [ CAM : 0 ] [알림] 물체 감지됨
[14:28:43] [ CAM : 0 ] [정상] 촬영 완료 - 대기 모드 전환
[14:28:50] [ CAM : 0 ] [알림] 물체 감지됨
[14:28:51] [ CAM : 0 ] [정상] 촬영 완료 - 대기 모드 전환
[14:28:53] [ CAM : 0 ] [알림] 물체 감지됨
[14:28:53] [ CAM : 0 ] [정상] 촬영 완료 - 대기 모드 전환
[14:28:55] [ CAM : 0 ] [알림] 물체 감지됨
[14:28:56] [ CAM : 0 ] [정상] 촬영 완료 - 대기 모드 전환
[14:28:58] [ CAM : 0 ] [알림] 물체 감지됨
[14:28:59] [ CAM : 0 ] [정상] 촬영 완료 - 대기 모드 전환
[14:29:01] [ CAM : 0 ] [알림] 물체 감지됨
[14:29:02] [ CAM : 0 ] [정상] 촬영 완료 - 대기 모드 전환
[14:29:04] [ CAM : 0 ] [알림] 물체 감지됨
[14:29:04] [ CAM : 0 ] [정상] 촬영 완료 - 대기 모드 전환
[14:29:06] [ CAM : 0 ] [알림] 물체 감지됨
[14:29:07] [ CAM : 0 ] [정상] 촬영 완료 - 대기 모드 전환
[14:29:09] [ CAM : 0 ] [알림] 물체 감지됨
[14:29:10] [ CAM : 0 ] [정상] 촬영 완료 - 대기 모드 전환
[14:29:12] [ CAM : 0 ] [알림] 물체 감지됨
[14:29:13] [ CAM : 0 ] [정상] 촬영 완료 - 대기 모드 전환
[14:29:15] [ CAM : 0 ] [알림] 물체 감지됨
[14:29:15] [ CAM : 0 ] [정상] 촬영 완료 - 대기 모드 전환
[14:29:18] [ CAM : 0 ] [알림] 물체 감지됨
[14:29:18] [ CAM : 0 ] [정상] 촬영 완료 - 대기 모드 전환
[14:29:20] [ CAM : 0 ] [알림] 물체 감지됨
[14:29:21] [ CAM : 0 ] [정상] 촬영 완료 - 대기 모드 전환
