[14:22:00] [ CAM : 0 ] [[ SetInteger ]
] Value = 0 must be equal or greater than Min = 32.
[14:22:00] [ CAM : 0 ] [[ SetInteger ]
] Value = 0 must be equal or greater than Min = 1.
[14:22:01] [ CAM : 0 ] [정상] 촬영 완료 - 대기 모드 전환
[14:22:03] [ CAM : 0 ] [알림] 물체 감지됨
[14:22:04] [ CAM : 0 ] [정상] 촬영 완료 - 대기 모드 전환
[14:22:11] [ CAM : 0 ] [알림] 물체 감지됨
[14:22:12] [ CAM : 0 ] [정상] 촬영 완료 - 대기 모드 전환
[14:22:19] [ CAM : 0 ] [알림] 물체 감지됨
[14:22:19] [ CAM : 0 ] [정상] 촬영 완료 - 대기 모드 전환
[14:22:25] [ CAM : 0 ] [알림] 물체 감지됨
[14:22:26] [ CAM : 0 ] [정상] 촬영 완료 - 대기 모드 전환
[14:22:34] [ CAM : 0 ] [알림] 물체 감지됨
[14:22:35] [ CAM : 0 ] [정상] 촬영 완료 - 대기 모드 전환
[14:22:39] [ CAM : 0 ] [알림] 물체 감지됨
[14:22:40] [ CAM : 0 ] [정상] 촬영 완료 - 대기 모드 전환
[14:22:46] [ CAM : 0 ] [알림] 물체 감지됨
[14:22:47] [ CAM : 0 ] [정상] 촬영 완료 - 대기 모드 전환
[14:22:51] [ CAM : 0 ] [알림] 물체 감지됨
[14:22:52] [ CAM : 0 ] [정상] 촬영 완료 - 대기 모드 전환
[14:23:02] [ CAM : 0 ] [알림] 시스템 모드 변경: [재분류 모드]
[14:23:04] [ CAM : 0 ] [알림] 물체 감지됨
[14:23:05] [ CAM : 0 ] [정상] 촬영 완료 - 대기 모드 전환
[14:23:09] [ CAM : 0 ] [알림] 물체 감지됨
[14:23:10] [ CAM : 0 ] [정상] 촬영 완료 - 대기 모드 전환
