---------------------------------------------------------------------------
[09:34:59] [ CAM : 0 ] [[ SetInteger ]
] 
---------------------------------------------------------------------------
[Detail]
Value = 0 must be equal or greater than Min = 32.
---------------------------------------------------------------------------

---------------------------------------------------------------------------
[09:34:59] [ CAM : 0 ] [[ SetInteger ]
] 
---------------------------------------------------------------------------
[Detail]
Value = 0 must be equal or greater than Min = 1.
---------------------------------------------------------------------------

---------------------------------------------------------------------------
[09:35:00] [ CAM : 0 ] [СЄЛѓ] 
---------------------------------------------------------------------------
[Detail]
1Йј РЬЙЬСі РќМл ПЯЗс
---------------------------------------------------------------------------

---------------------------------------------------------------------------
[09:35:00] [ CAM : 0 ] [СЄЛѓ] 
---------------------------------------------------------------------------
[Detail]
УдПЕ НУФіНК ПЯЗс
---------------------------------------------------------------------------

---------------------------------------------------------------------------
[09:35:06] [ CAM : 0 ] [СЄЛѓ] 
---------------------------------------------------------------------------
[Detail]
ЙАУМ АЈСі - УдПЕ НУРл
---------------------------------------------------------------------------

---------------------------------------------------------------------------
[09:35:06] [ CAM : 0 ] [СЄЛѓ] 
---------------------------------------------------------------------------
[Detail]
1Йј РЬЙЬСі РќМл ПЯЗс
---------------------------------------------------------------------------

---------------------------------------------------------------------------
[09:35:06] [ CAM : 0 ] [СЄЛѓ] 
---------------------------------------------------------------------------
[Detail]
2Йј РЬЙЬСі РќМл ПЯЗс
---------------------------------------------------------------------------

---------------------------------------------------------------------------
[09:35:07] [ CAM : 0 ] [СЄЛѓ] 
---------------------------------------------------------------------------
[Detail]
3Йј РЬЙЬСі РќМл ПЯЗс
---------------------------------------------------------------------------

---------------------------------------------------------------------------
[09:35:07] [ CAM : 0 ] [СЄЛѓ] 
---------------------------------------------------------------------------
[Detail]
4Йј РЬЙЬСі РќМл ПЯЗс
---------------------------------------------------------------------------

---------------------------------------------------------------------------
[09:35:07] [ CAM : 0 ] [СЄЛѓ] 
---------------------------------------------------------------------------
[Detail]
УдПЕ НУФіНК ПЯЗс
---------------------------------------------------------------------------

---------------------------------------------------------------------------
[09:35:07] [ CAM : 0 ] [СЄЛѓ] 
---------------------------------------------------------------------------
[Detail]
ЙАУМ АЈСі - УдПЕ НУРл
---------------------------------------------------------------------------

---------------------------------------------------------------------------
[09:35:07] [ CAM : 0 ] [СЄЛѓ] 
---------------------------------------------------------------------------
[Detail]
1Йј РЬЙЬСі РќМл ПЯЗс
---------------------------------------------------------------------------

---------------------------------------------------------------------------
[09:35:07] [ CAM : 0 ] [СЄЛѓ] 
---------------------------------------------------------------------------
[Detail]
2Йј РЬЙЬСі РќМл ПЯЗс
---------------------------------------------------------------------------

---------------------------------------------------------------------------
[09:35:08] [ CAM : 0 ] [СЄЛѓ] 
---------------------------------------------------------------------------
[Detail]
3Йј РЬЙЬСі РќМл ПЯЗс
---------------------------------------------------------------------------

---------------------------------------------------------------------------
[09:35:08] [ CAM : 0 ] [СЄЛѓ] 
---------------------------------------------------------------------------
[Detail]
4Йј РЬЙЬСі РќМл ПЯЗс
---------------------------------------------------------------------------

---------------------------------------------------------------------------
[09:35:08] [ CAM : 0 ] [СЄЛѓ] 
---------------------------------------------------------------------------
[Detail]
УдПЕ НУФіНК ПЯЗс
---------------------------------------------------------------------------

---------------------------------------------------------------------------
[09:35:08] [ CAM : 0 ] [СЄЛѓ] 
---------------------------------------------------------------------------
[Detail]
ЙАУМ АЈСі - УдПЕ НУРл
---------------------------------------------------------------------------

---------------------------------------------------------------------------
[09:35:08] [ CAM : 0 ] [СЄЛѓ] 
---------------------------------------------------------------------------
[Detail]
1Йј РЬЙЬСі РќМл ПЯЗс
---------------------------------------------------------------------------

---------------------------------------------------------------------------
[09:35:08] [ CAM : 0 ] [СЄЛѓ] 
---------------------------------------------------------------------------
[Detail]
2Йј РЬЙЬСі РќМл ПЯЗс
---------------------------------------------------------------------------

---------------------------------------------------------------------------
[09:35:09] [ CAM : 0 ] [СЄЛѓ] 
---------------------------------------------------------------------------
[Detail]
3Йј РЬЙЬСі РќМл ПЯЗс
---------------------------------------------------------------------------

---------------------------------------------------------------------------
[09:35:09] [ CAM : 0 ] [СЄЛѓ] 
---------------------------------------------------------------------------
[Detail]
4Йј РЬЙЬСі РќМл ПЯЗс
---------------------------------------------------------------------------

---------------------------------------------------------------------------
[09:35:09] [ CAM : 0 ] [СЄЛѓ] 
---------------------------------------------------------------------------
[Detail]
УдПЕ НУФіНК ПЯЗс
---------------------------------------------------------------------------

---------------------------------------------------------------------------
[09:35:30] [ CAM : 0 ] [[ SetInteger ]
] 
---------------------------------------------------------------------------
[Detail]
Value = 0 must be equal or greater than Min = 32.
---------------------------------------------------------------------------

---------------------------------------------------------------------------
[09:35:30] [ CAM : 0 ] [[ SetInteger ]
] 
---------------------------------------------------------------------------
[Detail]
Value = 0 must be equal or greater than Min = 1.
---------------------------------------------------------------------------

---------------------------------------------------------------------------
[09:35:37] [ CAM : 0 ] [[ Connect_Camera Exception ]
] 
---------------------------------------------------------------------------
[Detail]
Node is not writable.
---------------------------------------------------------------------------

