---------------------------------------------------------------------------
[15§û_6¤Å_54ûò] [ CAM : 0 ] Error 
---------------------------------------------------------------------------
[Error position]
[ SetInteger ]
---------------------------------------------------------------------------
[Error Detail]
Value = 0 must be equal or greater than Min = 32.
---------------------------------------------------------------------------
---------------------------------------------------------------------------
[15§û_6¤Å_54ûò] [ CAM : 0 ] Error 
---------------------------------------------------------------------------
[Error position]
[ SetInteger ]
---------------------------------------------------------------------------
[Error Detail]
Value = 0 must be equal or greater than Min = 1.
---------------------------------------------------------------------------
---------------------------------------------------------------------------
[15§û_6¤Å_58ûò] [ CAM : 0 ] Error 
---------------------------------------------------------------------------
[Error position]
[ SingleGrab ]
---------------------------------------------------------------------------
[Error Detail]
Grabbing has already been started.
---------------------------------------------------------------------------
---------------------------------------------------------------------------
[15§û_7¤Å_23ûò] [ CAM : 0 ] Error 
---------------------------------------------------------------------------
[Error position]
[ SingleGrab ]
---------------------------------------------------------------------------
[Error Detail]
Grabbing has already been started.
---------------------------------------------------------------------------
