---------------------------------------------------------------------------
[11:41:19] [ CAM : 0 ] [[ SetInteger ]
] 
---------------------------------------------------------------------------
[Detail]
Value = 0 must be equal or greater than Min = 32.
---------------------------------------------------------------------------

---------------------------------------------------------------------------
[11:41:19] [ CAM : 0 ] [[ SetInteger ]
] 
---------------------------------------------------------------------------
[Detail]
Value = 0 must be equal or greater than Min = 1.
---------------------------------------------------------------------------

---------------------------------------------------------------------------
[11:41:22] [ CAM : 0 ] [정상] 
---------------------------------------------------------------------------
[Detail]
물체 감지! 4장 촬영 시작
---------------------------------------------------------------------------

---------------------------------------------------------------------------
[11:41:23] [ CAM : 0 ] [정상] 
---------------------------------------------------------------------------
[Detail]
4장 전송 완료. (중복 방지 대기 중)
---------------------------------------------------------------------------

---------------------------------------------------------------------------
[11:41:37] [ CAM : 0 ] [정상] 
---------------------------------------------------------------------------
[Detail]
물체 감지! 4장 촬영 시작
---------------------------------------------------------------------------

---------------------------------------------------------------------------
[11:41:38] [ CAM : 0 ] [정상] 
---------------------------------------------------------------------------
[Detail]
4장 전송 완료. (중복 방지 대기 중)
---------------------------------------------------------------------------

---------------------------------------------------------------------------
[11:41:40] [ CAM : 0 ] [정상] 
---------------------------------------------------------------------------
[Detail]
물체 감지! 4장 촬영 시작
---------------------------------------------------------------------------

---------------------------------------------------------------------------
[11:41:40] [ CAM : 0 ] [정상] 
---------------------------------------------------------------------------
[Detail]
4장 전송 완료. (중복 방지 대기 중)
---------------------------------------------------------------------------

---------------------------------------------------------------------------
[11:41:46] [ CAM : 0 ] [정상] 
---------------------------------------------------------------------------
[Detail]
물체 감지! 4장 촬영 시작
---------------------------------------------------------------------------

---------------------------------------------------------------------------
[11:41:46] [ CAM : 0 ] [정상] 
---------------------------------------------------------------------------
[Detail]
4장 전송 완료. (중복 방지 대기 중)
---------------------------------------------------------------------------

---------------------------------------------------------------------------
[11:41:48] [ CAM : 0 ] [정상] 
---------------------------------------------------------------------------
[Detail]
물체 감지! 4장 촬영 시작
---------------------------------------------------------------------------

---------------------------------------------------------------------------
[11:41:49] [ CAM : 0 ] [정상] 
---------------------------------------------------------------------------
[Detail]
4장 전송 완료. (중복 방지 대기 중)
---------------------------------------------------------------------------

---------------------------------------------------------------------------
[11:41:51] [ CAM : 0 ] [정상] 
---------------------------------------------------------------------------
[Detail]
물체 감지! 4장 촬영 시작
---------------------------------------------------------------------------

---------------------------------------------------------------------------
[11:41:52] [ CAM : 0 ] [정상] 
---------------------------------------------------------------------------
[Detail]
4장 전송 완료. (중복 방지 대기 중)
---------------------------------------------------------------------------

---------------------------------------------------------------------------
[11:41:56] [ CAM : 0 ] [알림] 
---------------------------------------------------------------------------
[Detail]
시스템 모드 변경: [재분류 모드]
---------------------------------------------------------------------------

