---------------------------------------------------------------------------
[10:33:17] [ CAM : 0 ] [[ SetInteger ]
] 
---------------------------------------------------------------------------
[Detail]
Value = 0 must be equal or greater than Min = 32.
---------------------------------------------------------------------------

---------------------------------------------------------------------------
[10:33:17] [ CAM : 0 ] [[ SetInteger ]
] 
---------------------------------------------------------------------------
[Detail]
Value = 0 must be equal or greater than Min = 1.
---------------------------------------------------------------------------

---------------------------------------------------------------------------
[10:33:18] [ CAM : 0 ] [정상] 
---------------------------------------------------------------------------
[Detail]
[일반] 1번 전송 완료
---------------------------------------------------------------------------

---------------------------------------------------------------------------
[10:33:18] [ CAM : 0 ] [정상] 
---------------------------------------------------------------------------
[Detail]
[일반] 2번 전송 완료
---------------------------------------------------------------------------

---------------------------------------------------------------------------
[10:33:18] [ CAM : 0 ] [정상] 
---------------------------------------------------------------------------
[Detail]
[일반] 3번 전송 완료
---------------------------------------------------------------------------

---------------------------------------------------------------------------
[10:33:19] [ CAM : 0 ] [정상] 
---------------------------------------------------------------------------
[Detail]
[일반] 4번 전송 완료
---------------------------------------------------------------------------

