---------------------------------------------------------------------------
[14§û_28¤Å_7ûò] [ CAM : 0 ] Error 
---------------------------------------------------------------------------
[Error position]
[ SetInteger ]
---------------------------------------------------------------------------
[Error Detail]
Value = 0 must be equal or greater than Min = 32.
---------------------------------------------------------------------------
---------------------------------------------------------------------------
[14§û_28¤Å_7ûò] [ CAM : 0 ] Error 
---------------------------------------------------------------------------
[Error position]
[ SetInteger ]
---------------------------------------------------------------------------
[Error Detail]
Value = 0 must be equal or greater than Min = 1.
---------------------------------------------------------------------------
---------------------------------------------------------------------------
[14§û_28¤Å_20ûò] [ CAM : 0 ] Error 
---------------------------------------------------------------------------
[Error position]
[ SingleGrab ]
---------------------------------------------------------------------------
[Error Detail]
Grabbing has already been started.
---------------------------------------------------------------------------
