---------------------------------------------------------------------------
[10:31:29] [ CAM : 0 ] [[ SetInteger ]
] 
---------------------------------------------------------------------------
[Detail]
Value = 0 must be equal or greater than Min = 32.
---------------------------------------------------------------------------

---------------------------------------------------------------------------
[10:31:29] [ CAM : 0 ] [[ SetInteger ]
] 
---------------------------------------------------------------------------
[Detail]
Value = 0 must be equal or greater than Min = 1.
---------------------------------------------------------------------------

---------------------------------------------------------------------------
[10:31:31] [ CAM : 0 ] [정상] 
---------------------------------------------------------------------------
[Detail]
[일반] 1번 전송 완료
---------------------------------------------------------------------------

---------------------------------------------------------------------------
[10:31:31] [ CAM : 0 ] [정상] 
---------------------------------------------------------------------------
[Detail]
[일반] 2번 전송 완료
---------------------------------------------------------------------------

---------------------------------------------------------------------------
[10:31:31] [ CAM : 0 ] [정상] 
---------------------------------------------------------------------------
[Detail]
[일반] 3번 전송 완료
---------------------------------------------------------------------------

---------------------------------------------------------------------------
[10:31:33] [ CAM : 0 ] [알림] 
---------------------------------------------------------------------------
[Detail]
시스템 모드 변경: [재분류 모드]
---------------------------------------------------------------------------

---------------------------------------------------------------------------
[10:31:38] [ CAM : 0 ] [정상] 
---------------------------------------------------------------------------
[Detail]
[재분류] 4번 전송 완료
---------------------------------------------------------------------------

---------------------------------------------------------------------------
[10:31:39] [ CAM : 0 ] [정상] 
---------------------------------------------------------------------------
[Detail]
[재분류] 5번 전송 완료
---------------------------------------------------------------------------

---------------------------------------------------------------------------
[10:31:39] [ CAM : 0 ] [정상] 
---------------------------------------------------------------------------
[Detail]
[재분류] 6번 전송 완료
---------------------------------------------------------------------------

---------------------------------------------------------------------------
[10:31:39] [ CAM : 0 ] [정상] 
---------------------------------------------------------------------------
[Detail]
[재분류] 7번 전송 완료
---------------------------------------------------------------------------

---------------------------------------------------------------------------
[10:31:39] [ CAM : 0 ] [정상] 
---------------------------------------------------------------------------
[Detail]
[재분류] 8번 전송 완료
---------------------------------------------------------------------------

---------------------------------------------------------------------------
[10:31:40] [ CAM : 0 ] [정상] 
---------------------------------------------------------------------------
[Detail]
[재분류] 9번 전송 완료
---------------------------------------------------------------------------

---------------------------------------------------------------------------
[10:31:40] [ CAM : 0 ] [정상] 
---------------------------------------------------------------------------
[Detail]
[재분류] 10번 전송 완료
---------------------------------------------------------------------------

---------------------------------------------------------------------------
[10:31:40] [ CAM : 0 ] [정상] 
---------------------------------------------------------------------------
[Detail]
[재분류] 11번 전송 완료
---------------------------------------------------------------------------

---------------------------------------------------------------------------
[10:31:40] [ CAM : 0 ] [정상] 
---------------------------------------------------------------------------
[Detail]
[재분류] 12번 전송 완료
---------------------------------------------------------------------------

---------------------------------------------------------------------------
[10:31:41] [ CAM : 0 ] [정상] 
---------------------------------------------------------------------------
[Detail]
[재분류] 13번 전송 완료
---------------------------------------------------------------------------

---------------------------------------------------------------------------
[10:31:41] [ CAM : 0 ] [정상] 
---------------------------------------------------------------------------
[Detail]
[재분류] 14번 전송 완료
---------------------------------------------------------------------------

---------------------------------------------------------------------------
[10:31:41] [ CAM : 0 ] [정상] 
---------------------------------------------------------------------------
[Detail]
[재분류] 15번 전송 완료
---------------------------------------------------------------------------

---------------------------------------------------------------------------
[10:31:41] [ CAM : 0 ] [정상] 
---------------------------------------------------------------------------
[Detail]
[재분류] 16번 전송 완료
---------------------------------------------------------------------------

---------------------------------------------------------------------------
[10:31:42] [ CAM : 0 ] [정상] 
---------------------------------------------------------------------------
[Detail]
[재분류] 17번 전송 완료
---------------------------------------------------------------------------

---------------------------------------------------------------------------
[10:31:42] [ CAM : 0 ] [정상] 
---------------------------------------------------------------------------
[Detail]
[재분류] 18번 전송 완료
---------------------------------------------------------------------------

---------------------------------------------------------------------------
[10:31:42] [ CAM : 0 ] [정상] 
---------------------------------------------------------------------------
[Detail]
[재분류] 19번 전송 완료
---------------------------------------------------------------------------

---------------------------------------------------------------------------
[10:31:42] [ CAM : 0 ] [정상] 
---------------------------------------------------------------------------
[Detail]
[재분류] 20번 전송 완료
---------------------------------------------------------------------------

---------------------------------------------------------------------------
[10:31:43] [ CAM : 0 ] [정상] 
---------------------------------------------------------------------------
[Detail]
[재분류] 21번 전송 완료
---------------------------------------------------------------------------

---------------------------------------------------------------------------
[10:31:43] [ CAM : 0 ] [정상] 
---------------------------------------------------------------------------
[Detail]
[재분류] 22번 전송 완료
---------------------------------------------------------------------------

---------------------------------------------------------------------------
[10:31:43] [ CAM : 0 ] [정상] 
---------------------------------------------------------------------------
[Detail]
[재분류] 23번 전송 완료
---------------------------------------------------------------------------

---------------------------------------------------------------------------
[10:31:43] [ CAM : 0 ] [정상] 
---------------------------------------------------------------------------
[Detail]
[재분류] 24번 전송 완료
---------------------------------------------------------------------------

---------------------------------------------------------------------------
[10:31:44] [ CAM : 0 ] [정상] 
---------------------------------------------------------------------------
[Detail]
[재분류] 25번 전송 완료
---------------------------------------------------------------------------

---------------------------------------------------------------------------
[10:31:44] [ CAM : 0 ] [정상] 
---------------------------------------------------------------------------
[Detail]
[재분류] 26번 전송 완료
---------------------------------------------------------------------------

---------------------------------------------------------------------------
[10:31:44] [ CAM : 0 ] [정상] 
---------------------------------------------------------------------------
[Detail]
[재분류] 27번 전송 완료
---------------------------------------------------------------------------

---------------------------------------------------------------------------
[10:31:44] [ CAM : 0 ] [정상] 
---------------------------------------------------------------------------
[Detail]
[재분류] 28번 전송 완료
---------------------------------------------------------------------------

---------------------------------------------------------------------------
[10:31:45] [ CAM : 0 ] [정상] 
---------------------------------------------------------------------------
[Detail]
[재분류] 29번 전송 완료
---------------------------------------------------------------------------

---------------------------------------------------------------------------
[10:31:45] [ CAM : 0 ] [정상] 
---------------------------------------------------------------------------
[Detail]
[재분류] 30번 전송 완료
---------------------------------------------------------------------------

---------------------------------------------------------------------------
[10:31:45] [ CAM : 0 ] [정상] 
---------------------------------------------------------------------------
[Detail]
[재분류] 31번 전송 완료
---------------------------------------------------------------------------

---------------------------------------------------------------------------
[10:31:45] [ CAM : 0 ] [정상] 
---------------------------------------------------------------------------
[Detail]
[재분류] 32번 전송 완료
---------------------------------------------------------------------------

