---------------------------------------------------------------------------
[14:48:03] [ CAM : 0 ] [[ SetInteger ]
] 
---------------------------------------------------------------------------
[Detail]
Value = 0 must be equal or greater than Min = 32.
---------------------------------------------------------------------------

---------------------------------------------------------------------------
[14:48:03] [ CAM : 0 ] [[ SetInteger ]
] 
---------------------------------------------------------------------------
[Detail]
Value = 0 must be equal or greater than Min = 1.
---------------------------------------------------------------------------

---------------------------------------------------------------------------
[14:48:05] [ CAM : 0 ] [정상] 
---------------------------------------------------------------------------
[Detail]
1번 이미지 전송 완료
---------------------------------------------------------------------------

---------------------------------------------------------------------------
[14:48:05] [ CAM : 0 ] [정상] 
---------------------------------------------------------------------------
[Detail]
촬영 시퀀스 완료
---------------------------------------------------------------------------

---------------------------------------------------------------------------
[14:48:07] [ CAM : 0 ] [정상] 
---------------------------------------------------------------------------
[Detail]
물체 감지 - 촬영 시작
---------------------------------------------------------------------------

---------------------------------------------------------------------------
[14:48:07] [ CAM : 0 ] [정상] 
---------------------------------------------------------------------------
[Detail]
1번 이미지 전송 완료
---------------------------------------------------------------------------

---------------------------------------------------------------------------
[14:48:08] [ CAM : 0 ] [정상] 
---------------------------------------------------------------------------
[Detail]
2번 이미지 전송 완료
---------------------------------------------------------------------------

---------------------------------------------------------------------------
[14:48:08] [ CAM : 0 ] [정상] 
---------------------------------------------------------------------------
[Detail]
3번 이미지 전송 완료
---------------------------------------------------------------------------

---------------------------------------------------------------------------
[14:48:08] [ CAM : 0 ] [정상] 
---------------------------------------------------------------------------
[Detail]
4번 이미지 전송 완료
---------------------------------------------------------------------------

---------------------------------------------------------------------------
[14:48:08] [ CAM : 0 ] [정상] 
---------------------------------------------------------------------------
[Detail]
촬영 시퀀스 완료
---------------------------------------------------------------------------

---------------------------------------------------------------------------
[14:48:08] [ CAM : 0 ] [정상] 
---------------------------------------------------------------------------
[Detail]
물체 감지 - 촬영 시작
---------------------------------------------------------------------------

---------------------------------------------------------------------------
[14:48:08] [ CAM : 0 ] [정상] 
---------------------------------------------------------------------------
[Detail]
1번 이미지 전송 완료
---------------------------------------------------------------------------

---------------------------------------------------------------------------
[14:48:09] [ CAM : 0 ] [정상] 
---------------------------------------------------------------------------
[Detail]
2번 이미지 전송 완료
---------------------------------------------------------------------------

---------------------------------------------------------------------------
[14:48:09] [ CAM : 0 ] [정상] 
---------------------------------------------------------------------------
[Detail]
3번 이미지 전송 완료
---------------------------------------------------------------------------

---------------------------------------------------------------------------
[14:48:09] [ CAM : 0 ] [정상] 
---------------------------------------------------------------------------
[Detail]
4번 이미지 전송 완료
---------------------------------------------------------------------------

---------------------------------------------------------------------------
[14:48:09] [ CAM : 0 ] [정상] 
---------------------------------------------------------------------------
[Detail]
촬영 시퀀스 완료
---------------------------------------------------------------------------

---------------------------------------------------------------------------
[14:48:09] [ CAM : 0 ] [정상] 
---------------------------------------------------------------------------
[Detail]
물체 감지 - 촬영 시작
---------------------------------------------------------------------------

---------------------------------------------------------------------------
[14:48:09] [ CAM : 0 ] [정상] 
---------------------------------------------------------------------------
[Detail]
1번 이미지 전송 완료
---------------------------------------------------------------------------

---------------------------------------------------------------------------
[14:48:10] [ CAM : 0 ] [정상] 
---------------------------------------------------------------------------
[Detail]
2번 이미지 전송 완료
---------------------------------------------------------------------------

---------------------------------------------------------------------------
[14:48:10] [ CAM : 0 ] [정상] 
---------------------------------------------------------------------------
[Detail]
3번 이미지 전송 완료
---------------------------------------------------------------------------

---------------------------------------------------------------------------
[14:48:10] [ CAM : 0 ] [정상] 
---------------------------------------------------------------------------
[Detail]
4번 이미지 전송 완료
---------------------------------------------------------------------------

---------------------------------------------------------------------------
[14:48:10] [ CAM : 0 ] [정상] 
---------------------------------------------------------------------------
[Detail]
촬영 시퀀스 완료
---------------------------------------------------------------------------

---------------------------------------------------------------------------
[14:48:10] [ CAM : 0 ] [정상] 
---------------------------------------------------------------------------
[Detail]
물체 감지 - 촬영 시작
---------------------------------------------------------------------------

---------------------------------------------------------------------------
[14:48:10] [ CAM : 0 ] [정상] 
---------------------------------------------------------------------------
[Detail]
1번 이미지 전송 완료
---------------------------------------------------------------------------

---------------------------------------------------------------------------
[14:48:11] [ CAM : 0 ] [정상] 
---------------------------------------------------------------------------
[Detail]
2번 이미지 전송 완료
---------------------------------------------------------------------------

---------------------------------------------------------------------------
[14:48:11] [ CAM : 0 ] [정상] 
---------------------------------------------------------------------------
[Detail]
3번 이미지 전송 완료
---------------------------------------------------------------------------

---------------------------------------------------------------------------
[14:48:11] [ CAM : 0 ] [정상] 
---------------------------------------------------------------------------
[Detail]
4번 이미지 전송 완료
---------------------------------------------------------------------------

---------------------------------------------------------------------------
[14:48:11] [ CAM : 0 ] [정상] 
---------------------------------------------------------------------------
[Detail]
촬영 시퀀스 완료
---------------------------------------------------------------------------

---------------------------------------------------------------------------
[14:49:00] [ CAM : 0 ] [정상] 
---------------------------------------------------------------------------
[Detail]
물체 감지 - 촬영 시작
---------------------------------------------------------------------------

---------------------------------------------------------------------------
[14:49:00] [ CAM : 0 ] [정상] 
---------------------------------------------------------------------------
[Detail]
1번 이미지 전송 완료
---------------------------------------------------------------------------

---------------------------------------------------------------------------
[14:49:00] [ CAM : 0 ] [정상] 
---------------------------------------------------------------------------
[Detail]
2번 이미지 전송 완료
---------------------------------------------------------------------------

---------------------------------------------------------------------------
[14:49:00] [ CAM : 0 ] [정상] 
---------------------------------------------------------------------------
[Detail]
3번 이미지 전송 완료
---------------------------------------------------------------------------

---------------------------------------------------------------------------
[14:49:01] [ CAM : 0 ] [정상] 
---------------------------------------------------------------------------
[Detail]
4번 이미지 전송 완료
---------------------------------------------------------------------------

---------------------------------------------------------------------------
[14:49:01] [ CAM : 0 ] [정상] 
---------------------------------------------------------------------------
[Detail]
촬영 시퀀스 완료
---------------------------------------------------------------------------

---------------------------------------------------------------------------
[14:49:01] [ CAM : 0 ] [정상] 
---------------------------------------------------------------------------
[Detail]
물체 감지 - 촬영 시작
---------------------------------------------------------------------------

---------------------------------------------------------------------------
[14:49:01] [ CAM : 0 ] [정상] 
---------------------------------------------------------------------------
[Detail]
1번 이미지 전송 완료
---------------------------------------------------------------------------

---------------------------------------------------------------------------
[14:49:01] [ CAM : 0 ] [정상] 
---------------------------------------------------------------------------
[Detail]
2번 이미지 전송 완료
---------------------------------------------------------------------------

---------------------------------------------------------------------------
[14:49:01] [ CAM : 0 ] [정상] 
---------------------------------------------------------------------------
[Detail]
3번 이미지 전송 완료
---------------------------------------------------------------------------

---------------------------------------------------------------------------
[14:49:02] [ CAM : 0 ] [정상] 
---------------------------------------------------------------------------
[Detail]
4번 이미지 전송 완료
---------------------------------------------------------------------------

---------------------------------------------------------------------------
[14:49:02] [ CAM : 0 ] [정상] 
---------------------------------------------------------------------------
[Detail]
촬영 시퀀스 완료
---------------------------------------------------------------------------

---------------------------------------------------------------------------
[14:49:02] [ CAM : 0 ] [정상] 
---------------------------------------------------------------------------
[Detail]
물체 감지 - 촬영 시작
---------------------------------------------------------------------------

---------------------------------------------------------------------------
[14:49:02] [ CAM : 0 ] [정상] 
---------------------------------------------------------------------------
[Detail]
1번 이미지 전송 완료
---------------------------------------------------------------------------

---------------------------------------------------------------------------
[14:49:02] [ CAM : 0 ] [정상] 
---------------------------------------------------------------------------
[Detail]
2번 이미지 전송 완료
---------------------------------------------------------------------------

---------------------------------------------------------------------------
[14:49:02] [ CAM : 0 ] [정상] 
---------------------------------------------------------------------------
[Detail]
3번 이미지 전송 완료
---------------------------------------------------------------------------

---------------------------------------------------------------------------
[14:49:03] [ CAM : 0 ] [정상] 
---------------------------------------------------------------------------
[Detail]
4번 이미지 전송 완료
---------------------------------------------------------------------------

---------------------------------------------------------------------------
[14:49:03] [ CAM : 0 ] [정상] 
---------------------------------------------------------------------------
[Detail]
촬영 시퀀스 완료
---------------------------------------------------------------------------

---------------------------------------------------------------------------
[14:49:03] [ CAM : 0 ] [정상] 
---------------------------------------------------------------------------
[Detail]
물체 감지 - 촬영 시작
---------------------------------------------------------------------------

---------------------------------------------------------------------------
[14:49:03] [ CAM : 0 ] [정상] 
---------------------------------------------------------------------------
[Detail]
1번 이미지 전송 완료
---------------------------------------------------------------------------

---------------------------------------------------------------------------
[14:49:03] [ CAM : 0 ] [정상] 
---------------------------------------------------------------------------
[Detail]
2번 이미지 전송 완료
---------------------------------------------------------------------------

---------------------------------------------------------------------------
[14:49:03] [ CAM : 0 ] [정상] 
---------------------------------------------------------------------------
[Detail]
3번 이미지 전송 완료
---------------------------------------------------------------------------

---------------------------------------------------------------------------
[14:49:04] [ CAM : 0 ] [정상] 
---------------------------------------------------------------------------
[Detail]
4번 이미지 전송 완료
---------------------------------------------------------------------------

---------------------------------------------------------------------------
[14:49:04] [ CAM : 0 ] [정상] 
---------------------------------------------------------------------------
[Detail]
촬영 시퀀스 완료
---------------------------------------------------------------------------

---------------------------------------------------------------------------
[14:49:04] [ CAM : 0 ] [정상] 
---------------------------------------------------------------------------
[Detail]
물체 감지 - 촬영 시작
---------------------------------------------------------------------------

---------------------------------------------------------------------------
[14:49:04] [ CAM : 0 ] [정상] 
---------------------------------------------------------------------------
[Detail]
1번 이미지 전송 완료
---------------------------------------------------------------------------

---------------------------------------------------------------------------
[14:49:04] [ CAM : 0 ] [정상] 
---------------------------------------------------------------------------
[Detail]
2번 이미지 전송 완료
---------------------------------------------------------------------------

---------------------------------------------------------------------------
[14:49:04] [ CAM : 0 ] [정상] 
---------------------------------------------------------------------------
[Detail]
3번 이미지 전송 완료
---------------------------------------------------------------------------

---------------------------------------------------------------------------
[14:49:05] [ CAM : 0 ] [정상] 
---------------------------------------------------------------------------
[Detail]
4번 이미지 전송 완료
---------------------------------------------------------------------------

---------------------------------------------------------------------------
[14:49:05] [ CAM : 0 ] [정상] 
---------------------------------------------------------------------------
[Detail]
촬영 시퀀스 완료
---------------------------------------------------------------------------

---------------------------------------------------------------------------
[14:49:05] [ CAM : 0 ] [정상] 
---------------------------------------------------------------------------
[Detail]
물체 감지 - 촬영 시작
---------------------------------------------------------------------------

---------------------------------------------------------------------------
[14:49:05] [ CAM : 0 ] [정상] 
---------------------------------------------------------------------------
[Detail]
1번 이미지 전송 완료
---------------------------------------------------------------------------

---------------------------------------------------------------------------
[14:49:05] [ CAM : 0 ] [정상] 
---------------------------------------------------------------------------
[Detail]
2번 이미지 전송 완료
---------------------------------------------------------------------------

---------------------------------------------------------------------------
[14:49:05] [ CAM : 0 ] [정상] 
---------------------------------------------------------------------------
[Detail]
3번 이미지 전송 완료
---------------------------------------------------------------------------

---------------------------------------------------------------------------
[14:49:06] [ CAM : 0 ] [정상] 
---------------------------------------------------------------------------
[Detail]
4번 이미지 전송 완료
---------------------------------------------------------------------------

---------------------------------------------------------------------------
[14:49:06] [ CAM : 0 ] [정상] 
---------------------------------------------------------------------------
[Detail]
촬영 시퀀스 완료
---------------------------------------------------------------------------

---------------------------------------------------------------------------
[14:49:07] [ CAM : 0 ] [정상] 
---------------------------------------------------------------------------
[Detail]
물체 감지 - 촬영 시작
---------------------------------------------------------------------------

---------------------------------------------------------------------------
[14:49:07] [ CAM : 0 ] [정상] 
---------------------------------------------------------------------------
[Detail]
1번 이미지 전송 완료
---------------------------------------------------------------------------

---------------------------------------------------------------------------
[14:49:07] [ CAM : 0 ] [정상] 
---------------------------------------------------------------------------
[Detail]
2번 이미지 전송 완료
---------------------------------------------------------------------------

---------------------------------------------------------------------------
[14:49:07] [ CAM : 0 ] [정상] 
---------------------------------------------------------------------------
[Detail]
3번 이미지 전송 완료
---------------------------------------------------------------------------

---------------------------------------------------------------------------
[14:49:08] [ CAM : 0 ] [정상] 
---------------------------------------------------------------------------
[Detail]
4번 이미지 전송 완료
---------------------------------------------------------------------------

---------------------------------------------------------------------------
[14:49:08] [ CAM : 0 ] [정상] 
---------------------------------------------------------------------------
[Detail]
촬영 시퀀스 완료
---------------------------------------------------------------------------

---------------------------------------------------------------------------
[14:49:08] [ CAM : 0 ] [정상] 
---------------------------------------------------------------------------
[Detail]
물체 감지 - 촬영 시작
---------------------------------------------------------------------------

---------------------------------------------------------------------------
[14:49:08] [ CAM : 0 ] [정상] 
---------------------------------------------------------------------------
[Detail]
1번 이미지 전송 완료
---------------------------------------------------------------------------

---------------------------------------------------------------------------
[14:49:08] [ CAM : 0 ] [정상] 
---------------------------------------------------------------------------
[Detail]
2번 이미지 전송 완료
---------------------------------------------------------------------------

---------------------------------------------------------------------------
[14:49:08] [ CAM : 0 ] [정상] 
---------------------------------------------------------------------------
[Detail]
3번 이미지 전송 완료
---------------------------------------------------------------------------

---------------------------------------------------------------------------
[14:49:09] [ CAM : 0 ] [정상] 
---------------------------------------------------------------------------
[Detail]
4번 이미지 전송 완료
---------------------------------------------------------------------------

---------------------------------------------------------------------------
[14:49:09] [ CAM : 0 ] [정상] 
---------------------------------------------------------------------------
[Detail]
촬영 시퀀스 완료
---------------------------------------------------------------------------

---------------------------------------------------------------------------
[14:49:09] [ CAM : 0 ] [정상] 
---------------------------------------------------------------------------
[Detail]
물체 감지 - 촬영 시작
---------------------------------------------------------------------------

---------------------------------------------------------------------------
[14:49:09] [ CAM : 0 ] [정상] 
---------------------------------------------------------------------------
[Detail]
1번 이미지 전송 완료
---------------------------------------------------------------------------

---------------------------------------------------------------------------
[14:49:09] [ CAM : 0 ] [정상] 
---------------------------------------------------------------------------
[Detail]
2번 이미지 전송 완료
---------------------------------------------------------------------------

---------------------------------------------------------------------------
[14:49:09] [ CAM : 0 ] [정상] 
---------------------------------------------------------------------------
[Detail]
3번 이미지 전송 완료
---------------------------------------------------------------------------

---------------------------------------------------------------------------
[14:49:10] [ CAM : 0 ] [정상] 
---------------------------------------------------------------------------
[Detail]
4번 이미지 전송 완료
---------------------------------------------------------------------------

---------------------------------------------------------------------------
[14:49:10] [ CAM : 0 ] [정상] 
---------------------------------------------------------------------------
[Detail]
촬영 시퀀스 완료
---------------------------------------------------------------------------

---------------------------------------------------------------------------
[14:49:11] [ CAM : 0 ] [정상] 
---------------------------------------------------------------------------
[Detail]
물체 감지 - 촬영 시작
---------------------------------------------------------------------------

---------------------------------------------------------------------------
[14:49:11] [ CAM : 0 ] [정상] 
---------------------------------------------------------------------------
[Detail]
1번 이미지 전송 완료
---------------------------------------------------------------------------

---------------------------------------------------------------------------
[14:49:11] [ CAM : 0 ] [정상] 
---------------------------------------------------------------------------
[Detail]
2번 이미지 전송 완료
---------------------------------------------------------------------------

---------------------------------------------------------------------------
[14:49:12] [ CAM : 0 ] [정상] 
---------------------------------------------------------------------------
[Detail]
3번 이미지 전송 완료
---------------------------------------------------------------------------

---------------------------------------------------------------------------
[14:49:12] [ CAM : 0 ] [정상] 
---------------------------------------------------------------------------
[Detail]
4번 이미지 전송 완료
---------------------------------------------------------------------------

---------------------------------------------------------------------------
[14:49:12] [ CAM : 0 ] [정상] 
---------------------------------------------------------------------------
[Detail]
촬영 시퀀스 완료
---------------------------------------------------------------------------

---------------------------------------------------------------------------
[14:49:12] [ CAM : 0 ] [정상] 
---------------------------------------------------------------------------
[Detail]
물체 감지 - 촬영 시작
---------------------------------------------------------------------------

---------------------------------------------------------------------------
[14:49:12] [ CAM : 0 ] [정상] 
---------------------------------------------------------------------------
[Detail]
1번 이미지 전송 완료
---------------------------------------------------------------------------

---------------------------------------------------------------------------
[14:49:12] [ CAM : 0 ] [정상] 
---------------------------------------------------------------------------
[Detail]
2번 이미지 전송 완료
---------------------------------------------------------------------------

---------------------------------------------------------------------------
[14:49:13] [ CAM : 0 ] [정상] 
---------------------------------------------------------------------------
[Detail]
3번 이미지 전송 완료
---------------------------------------------------------------------------

---------------------------------------------------------------------------
[14:49:13] [ CAM : 0 ] [정상] 
---------------------------------------------------------------------------
[Detail]
4번 이미지 전송 완료
---------------------------------------------------------------------------

---------------------------------------------------------------------------
[14:49:13] [ CAM : 0 ] [정상] 
---------------------------------------------------------------------------
[Detail]
촬영 시퀀스 완료
---------------------------------------------------------------------------

---------------------------------------------------------------------------
[14:49:13] [ CAM : 0 ] [정상] 
---------------------------------------------------------------------------
[Detail]
물체 감지 - 촬영 시작
---------------------------------------------------------------------------

---------------------------------------------------------------------------
[14:49:13] [ CAM : 0 ] [정상] 
---------------------------------------------------------------------------
[Detail]
1번 이미지 전송 완료
---------------------------------------------------------------------------

---------------------------------------------------------------------------
[14:49:14] [ CAM : 0 ] [정상] 
---------------------------------------------------------------------------
[Detail]
2번 이미지 전송 완료
---------------------------------------------------------------------------

---------------------------------------------------------------------------
[14:49:14] [ CAM : 0 ] [정상] 
---------------------------------------------------------------------------
[Detail]
3번 이미지 전송 완료
---------------------------------------------------------------------------

---------------------------------------------------------------------------
[14:49:14] [ CAM : 0 ] [정상] 
---------------------------------------------------------------------------
[Detail]
4번 이미지 전송 완료
---------------------------------------------------------------------------

---------------------------------------------------------------------------
[14:49:14] [ CAM : 0 ] [정상] 
---------------------------------------------------------------------------
[Detail]
촬영 시퀀스 완료
---------------------------------------------------------------------------

---------------------------------------------------------------------------
[14:49:15] [ CAM : 0 ] [정상] 
---------------------------------------------------------------------------
[Detail]
물체 감지 - 촬영 시작
---------------------------------------------------------------------------

---------------------------------------------------------------------------
[14:49:15] [ CAM : 0 ] [정상] 
---------------------------------------------------------------------------
[Detail]
1번 이미지 전송 완료
---------------------------------------------------------------------------

---------------------------------------------------------------------------
[14:49:15] [ CAM : 0 ] [정상] 
---------------------------------------------------------------------------
[Detail]
2번 이미지 전송 완료
---------------------------------------------------------------------------

---------------------------------------------------------------------------
[14:49:15] [ CAM : 0 ] [정상] 
---------------------------------------------------------------------------
[Detail]
3번 이미지 전송 완료
---------------------------------------------------------------------------

---------------------------------------------------------------------------
[14:49:15] [ CAM : 0 ] [정상] 
---------------------------------------------------------------------------
[Detail]
4번 이미지 전송 완료
---------------------------------------------------------------------------

---------------------------------------------------------------------------
[14:49:15] [ CAM : 0 ] [정상] 
---------------------------------------------------------------------------
[Detail]
촬영 시퀀스 완료
---------------------------------------------------------------------------

---------------------------------------------------------------------------
[14:49:15] [ CAM : 0 ] [정상] 
---------------------------------------------------------------------------
[Detail]
물체 감지 - 촬영 시작
---------------------------------------------------------------------------

---------------------------------------------------------------------------
[14:49:16] [ CAM : 0 ] [정상] 
---------------------------------------------------------------------------
[Detail]
1번 이미지 전송 완료
---------------------------------------------------------------------------

---------------------------------------------------------------------------
[14:49:16] [ CAM : 0 ] [정상] 
---------------------------------------------------------------------------
[Detail]
2번 이미지 전송 완료
---------------------------------------------------------------------------

---------------------------------------------------------------------------
[14:49:16] [ CAM : 0 ] [정상] 
---------------------------------------------------------------------------
[Detail]
3번 이미지 전송 완료
---------------------------------------------------------------------------

---------------------------------------------------------------------------
[14:49:16] [ CAM : 0 ] [정상] 
---------------------------------------------------------------------------
[Detail]
4번 이미지 전송 완료
---------------------------------------------------------------------------

---------------------------------------------------------------------------
[14:49:16] [ CAM : 0 ] [정상] 
---------------------------------------------------------------------------
[Detail]
촬영 시퀀스 완료
---------------------------------------------------------------------------

---------------------------------------------------------------------------
[14:49:17] [ CAM : 0 ] [정상] 
---------------------------------------------------------------------------
[Detail]
물체 감지 - 촬영 시작
---------------------------------------------------------------------------

---------------------------------------------------------------------------
[14:49:17] [ CAM : 0 ] [정상] 
---------------------------------------------------------------------------
[Detail]
1번 이미지 전송 완료
---------------------------------------------------------------------------

---------------------------------------------------------------------------
[14:49:18] [ CAM : 0 ] [정상] 
---------------------------------------------------------------------------
[Detail]
2번 이미지 전송 완료
---------------------------------------------------------------------------

---------------------------------------------------------------------------
[14:49:18] [ CAM : 0 ] [정상] 
---------------------------------------------------------------------------
[Detail]
3번 이미지 전송 완료
---------------------------------------------------------------------------

---------------------------------------------------------------------------
[14:49:18] [ CAM : 0 ] [정상] 
---------------------------------------------------------------------------
[Detail]
4번 이미지 전송 완료
---------------------------------------------------------------------------

---------------------------------------------------------------------------
[14:49:18] [ CAM : 0 ] [정상] 
---------------------------------------------------------------------------
[Detail]
촬영 시퀀스 완료
---------------------------------------------------------------------------

---------------------------------------------------------------------------
[14:49:18] [ CAM : 0 ] [정상] 
---------------------------------------------------------------------------
[Detail]
물체 감지 - 촬영 시작
---------------------------------------------------------------------------

---------------------------------------------------------------------------
[14:49:18] [ CAM : 0 ] [정상] 
---------------------------------------------------------------------------
[Detail]
1번 이미지 전송 완료
---------------------------------------------------------------------------

---------------------------------------------------------------------------
[14:49:19] [ CAM : 0 ] [정상] 
---------------------------------------------------------------------------
[Detail]
2번 이미지 전송 완료
---------------------------------------------------------------------------

---------------------------------------------------------------------------
[14:49:19] [ CAM : 0 ] [정상] 
---------------------------------------------------------------------------
[Detail]
3번 이미지 전송 완료
---------------------------------------------------------------------------

---------------------------------------------------------------------------
[14:49:19] [ CAM : 0 ] [정상] 
---------------------------------------------------------------------------
[Detail]
4번 이미지 전송 완료
---------------------------------------------------------------------------

---------------------------------------------------------------------------
[14:49:19] [ CAM : 0 ] [정상] 
---------------------------------------------------------------------------
[Detail]
촬영 시퀀스 완료
---------------------------------------------------------------------------

---------------------------------------------------------------------------
[14:49:19] [ CAM : 0 ] [정상] 
---------------------------------------------------------------------------
[Detail]
물체 감지 - 촬영 시작
---------------------------------------------------------------------------

---------------------------------------------------------------------------
[14:49:19] [ CAM : 0 ] [정상] 
---------------------------------------------------------------------------
[Detail]
1번 이미지 전송 완료
---------------------------------------------------------------------------

---------------------------------------------------------------------------
[14:49:20] [ CAM : 0 ] [정상] 
---------------------------------------------------------------------------
[Detail]
2번 이미지 전송 완료
---------------------------------------------------------------------------

---------------------------------------------------------------------------
[14:49:20] [ CAM : 0 ] [정상] 
---------------------------------------------------------------------------
[Detail]
3번 이미지 전송 완료
---------------------------------------------------------------------------

---------------------------------------------------------------------------
[14:49:20] [ CAM : 0 ] [정상] 
---------------------------------------------------------------------------
[Detail]
4번 이미지 전송 완료
---------------------------------------------------------------------------

---------------------------------------------------------------------------
[14:49:20] [ CAM : 0 ] [정상] 
---------------------------------------------------------------------------
[Detail]
촬영 시퀀스 완료
---------------------------------------------------------------------------

---------------------------------------------------------------------------
[14:49:21] [ CAM : 0 ] [정상] 
---------------------------------------------------------------------------
[Detail]
물체 감지 - 촬영 시작
---------------------------------------------------------------------------

---------------------------------------------------------------------------
[14:49:21] [ CAM : 0 ] [정상] 
---------------------------------------------------------------------------
[Detail]
1번 이미지 전송 완료
---------------------------------------------------------------------------

---------------------------------------------------------------------------
[14:49:21] [ CAM : 0 ] [정상] 
---------------------------------------------------------------------------
[Detail]
2번 이미지 전송 완료
---------------------------------------------------------------------------

---------------------------------------------------------------------------
[14:49:21] [ CAM : 0 ] [정상] 
---------------------------------------------------------------------------
[Detail]
3번 이미지 전송 완료
---------------------------------------------------------------------------

---------------------------------------------------------------------------
[14:49:22] [ CAM : 0 ] [정상] 
---------------------------------------------------------------------------
[Detail]
4번 이미지 전송 완료
---------------------------------------------------------------------------

---------------------------------------------------------------------------
[14:49:22] [ CAM : 0 ] [정상] 
---------------------------------------------------------------------------
[Detail]
촬영 시퀀스 완료
---------------------------------------------------------------------------

---------------------------------------------------------------------------
[14:49:22] [ CAM : 0 ] [정상] 
---------------------------------------------------------------------------
[Detail]
물체 감지 - 촬영 시작
---------------------------------------------------------------------------

---------------------------------------------------------------------------
[14:49:22] [ CAM : 0 ] [정상] 
---------------------------------------------------------------------------
[Detail]
1번 이미지 전송 완료
---------------------------------------------------------------------------

---------------------------------------------------------------------------
[14:49:22] [ CAM : 0 ] [정상] 
---------------------------------------------------------------------------
[Detail]
2번 이미지 전송 완료
---------------------------------------------------------------------------

---------------------------------------------------------------------------
[14:49:22] [ CAM : 0 ] [정상] 
---------------------------------------------------------------------------
[Detail]
3번 이미지 전송 완료
---------------------------------------------------------------------------

---------------------------------------------------------------------------
[14:49:23] [ CAM : 0 ] [정상] 
---------------------------------------------------------------------------
[Detail]
4번 이미지 전송 완료
---------------------------------------------------------------------------

---------------------------------------------------------------------------
[14:49:23] [ CAM : 0 ] [정상] 
---------------------------------------------------------------------------
[Detail]
촬영 시퀀스 완료
---------------------------------------------------------------------------

