---------------------------------------------------------------------------
[14:45:44] [ CAM : 0 ] [[ SetInteger ]
] 
---------------------------------------------------------------------------
[Detail]
Value = 0 must be equal or greater than Min = 32.
---------------------------------------------------------------------------

---------------------------------------------------------------------------
[14:45:44] [ CAM : 0 ] [[ SetInteger ]
] 
---------------------------------------------------------------------------
[Detail]
Value = 0 must be equal or greater than Min = 1.
---------------------------------------------------------------------------

---------------------------------------------------------------------------
[14:45:46] [ CAM : 0 ] [정상] 
---------------------------------------------------------------------------
[Detail]
1번 이미지 전송 완료
---------------------------------------------------------------------------

---------------------------------------------------------------------------
[14:45:46] [ CAM : 0 ] [정상] 
---------------------------------------------------------------------------
[Detail]
촬영 시퀀스 완료
---------------------------------------------------------------------------

---------------------------------------------------------------------------
[14:45:49] [ CAM : 0 ] [정상] 
---------------------------------------------------------------------------
[Detail]
물체 감지 - 촬영 시작
---------------------------------------------------------------------------

---------------------------------------------------------------------------
[14:45:49] [ CAM : 0 ] [정상] 
---------------------------------------------------------------------------
[Detail]
1번 이미지 전송 완료
---------------------------------------------------------------------------

---------------------------------------------------------------------------
[14:45:49] [ CAM : 0 ] [정상] 
---------------------------------------------------------------------------
[Detail]
2번 이미지 전송 완료
---------------------------------------------------------------------------

---------------------------------------------------------------------------
[14:45:50] [ CAM : 0 ] [정상] 
---------------------------------------------------------------------------
[Detail]
3번 이미지 전송 완료
---------------------------------------------------------------------------

---------------------------------------------------------------------------
[14:45:50] [ CAM : 0 ] [정상] 
---------------------------------------------------------------------------
[Detail]
4번 이미지 전송 완료
---------------------------------------------------------------------------

---------------------------------------------------------------------------
[14:45:50] [ CAM : 0 ] [정상] 
---------------------------------------------------------------------------
[Detail]
촬영 시퀀스 완료
---------------------------------------------------------------------------

---------------------------------------------------------------------------
[14:45:50] [ CAM : 0 ] [정상] 
---------------------------------------------------------------------------
[Detail]
물체 감지 - 촬영 시작
---------------------------------------------------------------------------

---------------------------------------------------------------------------
[14:45:50] [ CAM : 0 ] [정상] 
---------------------------------------------------------------------------
[Detail]
1번 이미지 전송 완료
---------------------------------------------------------------------------

---------------------------------------------------------------------------
[14:45:50] [ CAM : 0 ] [정상] 
---------------------------------------------------------------------------
[Detail]
2번 이미지 전송 완료
---------------------------------------------------------------------------

---------------------------------------------------------------------------
[14:45:51] [ CAM : 0 ] [정상] 
---------------------------------------------------------------------------
[Detail]
3번 이미지 전송 완료
---------------------------------------------------------------------------

---------------------------------------------------------------------------
[14:45:51] [ CAM : 0 ] [정상] 
---------------------------------------------------------------------------
[Detail]
4번 이미지 전송 완료
---------------------------------------------------------------------------

---------------------------------------------------------------------------
[14:45:51] [ CAM : 0 ] [정상] 
---------------------------------------------------------------------------
[Detail]
촬영 시퀀스 완료
---------------------------------------------------------------------------

---------------------------------------------------------------------------
[14:45:51] [ CAM : 0 ] [정상] 
---------------------------------------------------------------------------
[Detail]
물체 감지 - 촬영 시작
---------------------------------------------------------------------------

---------------------------------------------------------------------------
[14:45:51] [ CAM : 0 ] [정상] 
---------------------------------------------------------------------------
[Detail]
1번 이미지 전송 완료
---------------------------------------------------------------------------

---------------------------------------------------------------------------
[14:45:51] [ CAM : 0 ] [정상] 
---------------------------------------------------------------------------
[Detail]
2번 이미지 전송 완료
---------------------------------------------------------------------------

---------------------------------------------------------------------------
[14:45:52] [ CAM : 0 ] [정상] 
---------------------------------------------------------------------------
[Detail]
3번 이미지 전송 완료
---------------------------------------------------------------------------

---------------------------------------------------------------------------
[14:45:52] [ CAM : 0 ] [정상] 
---------------------------------------------------------------------------
[Detail]
4번 이미지 전송 완료
---------------------------------------------------------------------------

---------------------------------------------------------------------------
[14:45:52] [ CAM : 0 ] [정상] 
---------------------------------------------------------------------------
[Detail]
촬영 시퀀스 완료
---------------------------------------------------------------------------

