[15:21:43] [ CAM : 0 ] [[ SetInteger ]
] Value = 0 must be equal or greater than Min = 32.
[15:21:43] [ CAM : 0 ] [[ SetInteger ]
] Value = 0 must be equal or greater than Min = 1.
[15:21:46] [ CAM : 0 ] [정상] 촬영 완료 - 대기 모드 전환
[15:22:07] [ CAM : 0 ] [알림] 물체 감지됨
[15:22:08] [ CAM : 0 ] [정상] 촬영 완료 - 대기 모드 전환
[15:22:09] [ CAM : 0 ] [알림] 시스템 모드 변경: [재분류 모드]
[15:22:10] [ CAM : 0 ] [알림] 물체 감지됨
[15:22:11] [ CAM : 0 ] [정상] 촬영 완료 - 대기 모드 전환
[15:22:13] [ CAM : 0 ] [알림] 시스템 모드 변경: [일반 분류 모드]
[15:22:13] [ CAM : 0 ] [알림] 물체 감지됨
[15:22:14] [ CAM : 0 ] [정상] 촬영 완료 - 대기 모드 전환
[15:22:14] [ CAM : 0 ] [알림] 시스템 모드 변경: [재분류 모드]
[15:22:15] [ CAM : 0 ] [알림] 시스템 모드 변경: [일반 분류 모드]
[15:22:15] [ CAM : 0 ] [알림] 시스템 모드 변경: [재분류 모드]
[15:22:16] [ CAM : 0 ] [알림] 물체 감지됨
[15:22:16] [ CAM : 0 ] [알림] 시스템 모드 변경: [일반 분류 모드]
[15:22:16] [ CAM : 0 ] [정상] 촬영 완료 - 대기 모드 전환
[15:22:18] [ CAM : 0 ] [알림] 물체 감지됨
[15:22:19] [ CAM : 0 ] [정상] 촬영 완료 - 대기 모드 전환
[15:22:21] [ CAM : 0 ] [알림] 물체 감지됨
[15:22:22] [ CAM : 0 ] [정상] 촬영 완료 - 대기 모드 전환
[15:22:24] [ CAM : 0 ] [알림] 물체 감지됨
[15:22:25] [ CAM : 0 ] [정상] 촬영 완료 - 대기 모드 전환
[15:22:27] [ CAM : 0 ] [알림] 물체 감지됨
