---------------------------------------------------------------------------
[09:11:18] [ CAM : 0 ] [[ SetInteger ]
] 
---------------------------------------------------------------------------
[Detail]
Value = 0 must be equal or greater than Min = 32.
---------------------------------------------------------------------------

---------------------------------------------------------------------------
[09:11:18] [ CAM : 0 ] [[ SetInteger ]
] 
---------------------------------------------------------------------------
[Detail]
Value = 0 must be equal or greater than Min = 1.
---------------------------------------------------------------------------

---------------------------------------------------------------------------
[09:11:19] [ CAM : 0 ] [СЄЛѓ] 
---------------------------------------------------------------------------
[Detail]
1Йј РЬЙЬСі РќМл ПЯЗс
---------------------------------------------------------------------------

---------------------------------------------------------------------------
[09:11:19] [ CAM : 0 ] [СЄЛѓ] 
---------------------------------------------------------------------------
[Detail]
УдПЕ НУФіНК ПЯЗс
---------------------------------------------------------------------------

---------------------------------------------------------------------------
[09:11:20] [ CAM : 0 ] [СЄЛѓ] 
---------------------------------------------------------------------------
[Detail]
ЙАУМ АЈСі - УдПЕ НУРл
---------------------------------------------------------------------------

---------------------------------------------------------------------------
[09:11:20] [ CAM : 0 ] [СЄЛѓ] 
---------------------------------------------------------------------------
[Detail]
1Йј РЬЙЬСі РќМл ПЯЗс
---------------------------------------------------------------------------

---------------------------------------------------------------------------
[09:11:20] [ CAM : 0 ] [СЄЛѓ] 
---------------------------------------------------------------------------
[Detail]
2Йј РЬЙЬСі РќМл ПЯЗс
---------------------------------------------------------------------------

---------------------------------------------------------------------------
[09:11:20] [ CAM : 0 ] [СЄЛѓ] 
---------------------------------------------------------------------------
[Detail]
3Йј РЬЙЬСі РќМл ПЯЗс
---------------------------------------------------------------------------

---------------------------------------------------------------------------
[09:11:21] [ CAM : 0 ] [СЄЛѓ] 
---------------------------------------------------------------------------
[Detail]
4Йј РЬЙЬСі РќМл ПЯЗс
---------------------------------------------------------------------------

---------------------------------------------------------------------------
[09:11:21] [ CAM : 0 ] [СЄЛѓ] 
---------------------------------------------------------------------------
[Detail]
УдПЕ НУФіНК ПЯЗс
---------------------------------------------------------------------------

---------------------------------------------------------------------------
[09:11:21] [ CAM : 0 ] [СЄЛѓ] 
---------------------------------------------------------------------------
[Detail]
ЙАУМ АЈСі - УдПЕ НУРл
---------------------------------------------------------------------------

---------------------------------------------------------------------------
[09:11:21] [ CAM : 0 ] [СЄЛѓ] 
---------------------------------------------------------------------------
[Detail]
1Йј РЬЙЬСі РќМл ПЯЗс
---------------------------------------------------------------------------

---------------------------------------------------------------------------
[09:11:21] [ CAM : 0 ] [СЄЛѓ] 
---------------------------------------------------------------------------
[Detail]
2Йј РЬЙЬСі РќМл ПЯЗс
---------------------------------------------------------------------------

---------------------------------------------------------------------------
[09:11:21] [ CAM : 0 ] [СЄЛѓ] 
---------------------------------------------------------------------------
[Detail]
3Йј РЬЙЬСі РќМл ПЯЗс
---------------------------------------------------------------------------

---------------------------------------------------------------------------
[09:11:22] [ CAM : 0 ] [СЄЛѓ] 
---------------------------------------------------------------------------
[Detail]
4Йј РЬЙЬСі РќМл ПЯЗс
---------------------------------------------------------------------------

---------------------------------------------------------------------------
[09:11:22] [ CAM : 0 ] [СЄЛѓ] 
---------------------------------------------------------------------------
[Detail]
УдПЕ НУФіНК ПЯЗс
---------------------------------------------------------------------------

---------------------------------------------------------------------------
[09:11:27] [ CAM : 0 ] [СЄЛѓ] 
---------------------------------------------------------------------------
[Detail]
ЙАУМ АЈСі - УдПЕ НУРл
---------------------------------------------------------------------------

---------------------------------------------------------------------------
[09:11:27] [ CAM : 0 ] [СЄЛѓ] 
---------------------------------------------------------------------------
[Detail]
1Йј РЬЙЬСі РќМл ПЯЗс
---------------------------------------------------------------------------

---------------------------------------------------------------------------
[09:11:28] [ CAM : 0 ] [СЄЛѓ] 
---------------------------------------------------------------------------
[Detail]
2Йј РЬЙЬСі РќМл ПЯЗс
---------------------------------------------------------------------------

---------------------------------------------------------------------------
[09:11:28] [ CAM : 0 ] [СЄЛѓ] 
---------------------------------------------------------------------------
[Detail]
3Йј РЬЙЬСі РќМл ПЯЗс
---------------------------------------------------------------------------

---------------------------------------------------------------------------
[09:11:28] [ CAM : 0 ] [СЄЛѓ] 
---------------------------------------------------------------------------
[Detail]
4Йј РЬЙЬСі РќМл ПЯЗс
---------------------------------------------------------------------------

---------------------------------------------------------------------------
[09:11:28] [ CAM : 0 ] [СЄЛѓ] 
---------------------------------------------------------------------------
[Detail]
УдПЕ НУФіНК ПЯЗс
---------------------------------------------------------------------------

---------------------------------------------------------------------------
[09:11:28] [ CAM : 0 ] [СЄЛѓ] 
---------------------------------------------------------------------------
[Detail]
ЙАУМ АЈСі - УдПЕ НУРл
---------------------------------------------------------------------------

---------------------------------------------------------------------------
[09:11:28] [ CAM : 0 ] [СЄЛѓ] 
---------------------------------------------------------------------------
[Detail]
1Йј РЬЙЬСі РќМл ПЯЗс
---------------------------------------------------------------------------

---------------------------------------------------------------------------
[09:11:29] [ CAM : 0 ] [СЄЛѓ] 
---------------------------------------------------------------------------
[Detail]
2Йј РЬЙЬСі РќМл ПЯЗс
---------------------------------------------------------------------------

---------------------------------------------------------------------------
[09:11:29] [ CAM : 0 ] [СЄЛѓ] 
---------------------------------------------------------------------------
[Detail]
3Йј РЬЙЬСі РќМл ПЯЗс
---------------------------------------------------------------------------

---------------------------------------------------------------------------
[09:11:29] [ CAM : 0 ] [СЄЛѓ] 
---------------------------------------------------------------------------
[Detail]
4Йј РЬЙЬСі РќМл ПЯЗс
---------------------------------------------------------------------------

---------------------------------------------------------------------------
[09:11:29] [ CAM : 0 ] [СЄЛѓ] 
---------------------------------------------------------------------------
[Detail]
УдПЕ НУФіНК ПЯЗс
---------------------------------------------------------------------------

---------------------------------------------------------------------------
[09:11:33] [ CAM : 0 ] [СЄЛѓ] 
---------------------------------------------------------------------------
[Detail]
ЙАУМ АЈСі - УдПЕ НУРл
---------------------------------------------------------------------------

---------------------------------------------------------------------------
[09:11:33] [ CAM : 0 ] [СЄЛѓ] 
---------------------------------------------------------------------------
[Detail]
1Йј РЬЙЬСі РќМл ПЯЗс
---------------------------------------------------------------------------

---------------------------------------------------------------------------
[09:11:33] [ CAM : 0 ] [СЄЛѓ] 
---------------------------------------------------------------------------
[Detail]
2Йј РЬЙЬСі РќМл ПЯЗс
---------------------------------------------------------------------------

---------------------------------------------------------------------------
[09:11:39] [ CAM : 0 ] [СЄЛѓ] 
---------------------------------------------------------------------------
[Detail]
3Йј РЬЙЬСі РќМл ПЯЗс
---------------------------------------------------------------------------

---------------------------------------------------------------------------
[09:11:39] [ CAM : 0 ] [СЄЛѓ] 
---------------------------------------------------------------------------
[Detail]
4Йј РЬЙЬСі РќМл ПЯЗс
---------------------------------------------------------------------------

---------------------------------------------------------------------------
[09:11:39] [ CAM : 0 ] [СЄЛѓ] 
---------------------------------------------------------------------------
[Detail]
УдПЕ НУФіНК ПЯЗс
---------------------------------------------------------------------------

---------------------------------------------------------------------------
[09:11:39] [ CAM : 0 ] [СЄЛѓ] 
---------------------------------------------------------------------------
[Detail]
ЙАУМ АЈСі - УдПЕ НУРл
---------------------------------------------------------------------------

---------------------------------------------------------------------------
[09:11:39] [ CAM : 0 ] [СЄЛѓ] 
---------------------------------------------------------------------------
[Detail]
1Йј РЬЙЬСі РќМл ПЯЗс
---------------------------------------------------------------------------

---------------------------------------------------------------------------
[09:11:39] [ CAM : 0 ] [СЄЛѓ] 
---------------------------------------------------------------------------
[Detail]
2Йј РЬЙЬСі РќМл ПЯЗс
---------------------------------------------------------------------------

---------------------------------------------------------------------------
[09:11:40] [ CAM : 0 ] [СЄЛѓ] 
---------------------------------------------------------------------------
[Detail]
3Йј РЬЙЬСі РќМл ПЯЗс
---------------------------------------------------------------------------

---------------------------------------------------------------------------
[09:11:40] [ CAM : 0 ] [СЄЛѓ] 
---------------------------------------------------------------------------
[Detail]
4Йј РЬЙЬСі РќМл ПЯЗс
---------------------------------------------------------------------------

---------------------------------------------------------------------------
[09:11:40] [ CAM : 0 ] [СЄЛѓ] 
---------------------------------------------------------------------------
[Detail]
УдПЕ НУФіНК ПЯЗс
---------------------------------------------------------------------------

---------------------------------------------------------------------------
[09:11:41] [ CAM : 0 ] [СЄЛѓ] 
---------------------------------------------------------------------------
[Detail]
ЙАУМ АЈСі - УдПЕ НУРл
---------------------------------------------------------------------------

---------------------------------------------------------------------------
[09:11:41] [ CAM : 0 ] [СЄЛѓ] 
---------------------------------------------------------------------------
[Detail]
1Йј РЬЙЬСі РќМл ПЯЗс
---------------------------------------------------------------------------

---------------------------------------------------------------------------
[09:11:42] [ CAM : 0 ] [СЄЛѓ] 
---------------------------------------------------------------------------
[Detail]
2Йј РЬЙЬСі РќМл ПЯЗс
---------------------------------------------------------------------------

---------------------------------------------------------------------------
[09:11:42] [ CAM : 0 ] [СЄЛѓ] 
---------------------------------------------------------------------------
[Detail]
3Йј РЬЙЬСі РќМл ПЯЗс
---------------------------------------------------------------------------

---------------------------------------------------------------------------
[09:11:42] [ CAM : 0 ] [СЄЛѓ] 
---------------------------------------------------------------------------
[Detail]
4Йј РЬЙЬСі РќМл ПЯЗс
---------------------------------------------------------------------------

---------------------------------------------------------------------------
[09:11:42] [ CAM : 0 ] [СЄЛѓ] 
---------------------------------------------------------------------------
[Detail]
УдПЕ НУФіНК ПЯЗс
---------------------------------------------------------------------------

---------------------------------------------------------------------------
[09:11:42] [ CAM : 0 ] [СЄЛѓ] 
---------------------------------------------------------------------------
[Detail]
ЙАУМ АЈСі - УдПЕ НУРл
---------------------------------------------------------------------------

---------------------------------------------------------------------------
[09:11:42] [ CAM : 0 ] [СЄЛѓ] 
---------------------------------------------------------------------------
[Detail]
1Йј РЬЙЬСі РќМл ПЯЗс
---------------------------------------------------------------------------

---------------------------------------------------------------------------
[09:11:43] [ CAM : 0 ] [СЄЛѓ] 
---------------------------------------------------------------------------
[Detail]
2Йј РЬЙЬСі РќМл ПЯЗс
---------------------------------------------------------------------------

---------------------------------------------------------------------------
[09:11:43] [ CAM : 0 ] [СЄЛѓ] 
---------------------------------------------------------------------------
[Detail]
3Йј РЬЙЬСі РќМл ПЯЗс
---------------------------------------------------------------------------

---------------------------------------------------------------------------
[09:11:43] [ CAM : 0 ] [СЄЛѓ] 
---------------------------------------------------------------------------
[Detail]
4Йј РЬЙЬСі РќМл ПЯЗс
---------------------------------------------------------------------------

---------------------------------------------------------------------------
[09:11:43] [ CAM : 0 ] [СЄЛѓ] 
---------------------------------------------------------------------------
[Detail]
УдПЕ НУФіНК ПЯЗс
---------------------------------------------------------------------------

---------------------------------------------------------------------------
[09:11:45] [ CAM : 0 ] [СЄЛѓ] 
---------------------------------------------------------------------------
[Detail]
ЙАУМ АЈСі - УдПЕ НУРл
---------------------------------------------------------------------------

---------------------------------------------------------------------------
[09:11:45] [ CAM : 0 ] [СЄЛѓ] 
---------------------------------------------------------------------------
[Detail]
1Йј РЬЙЬСі РќМл ПЯЗс
---------------------------------------------------------------------------

---------------------------------------------------------------------------
[09:11:46] [ CAM : 0 ] [СЄЛѓ] 
---------------------------------------------------------------------------
[Detail]
2Йј РЬЙЬСі РќМл ПЯЗс
---------------------------------------------------------------------------

---------------------------------------------------------------------------
[09:11:46] [ CAM : 0 ] [СЄЛѓ] 
---------------------------------------------------------------------------
[Detail]
3Йј РЬЙЬСі РќМл ПЯЗс
---------------------------------------------------------------------------

---------------------------------------------------------------------------
[09:11:46] [ CAM : 0 ] [СЄЛѓ] 
---------------------------------------------------------------------------
[Detail]
4Йј РЬЙЬСі РќМл ПЯЗс
---------------------------------------------------------------------------

---------------------------------------------------------------------------
[09:11:46] [ CAM : 0 ] [СЄЛѓ] 
---------------------------------------------------------------------------
[Detail]
УдПЕ НУФіНК ПЯЗс
---------------------------------------------------------------------------

---------------------------------------------------------------------------
[09:11:46] [ CAM : 0 ] [СЄЛѓ] 
---------------------------------------------------------------------------
[Detail]
ЙАУМ АЈСі - УдПЕ НУРл
---------------------------------------------------------------------------

---------------------------------------------------------------------------
[09:11:46] [ CAM : 0 ] [СЄЛѓ] 
---------------------------------------------------------------------------
[Detail]
1Йј РЬЙЬСі РќМл ПЯЗс
---------------------------------------------------------------------------

---------------------------------------------------------------------------
[09:11:47] [ CAM : 0 ] [СЄЛѓ] 
---------------------------------------------------------------------------
[Detail]
2Йј РЬЙЬСі РќМл ПЯЗс
---------------------------------------------------------------------------

---------------------------------------------------------------------------
[09:11:47] [ CAM : 0 ] [СЄЛѓ] 
---------------------------------------------------------------------------
[Detail]
3Йј РЬЙЬСі РќМл ПЯЗс
---------------------------------------------------------------------------

---------------------------------------------------------------------------
[09:11:47] [ CAM : 0 ] [СЄЛѓ] 
---------------------------------------------------------------------------
[Detail]
4Йј РЬЙЬСі РќМл ПЯЗс
---------------------------------------------------------------------------

---------------------------------------------------------------------------
[09:11:47] [ CAM : 0 ] [СЄЛѓ] 
---------------------------------------------------------------------------
[Detail]
УдПЕ НУФіНК ПЯЗс
---------------------------------------------------------------------------

---------------------------------------------------------------------------
[09:11:49] [ CAM : 0 ] [СЄЛѓ] 
---------------------------------------------------------------------------
[Detail]
ЙАУМ АЈСі - УдПЕ НУРл
---------------------------------------------------------------------------

---------------------------------------------------------------------------
[09:11:49] [ CAM : 0 ] [СЄЛѓ] 
---------------------------------------------------------------------------
[Detail]
1Йј РЬЙЬСі РќМл ПЯЗс
---------------------------------------------------------------------------

---------------------------------------------------------------------------
[09:11:50] [ CAM : 0 ] [СЄЛѓ] 
---------------------------------------------------------------------------
[Detail]
2Йј РЬЙЬСі РќМл ПЯЗс
---------------------------------------------------------------------------

---------------------------------------------------------------------------
[09:11:50] [ CAM : 0 ] [СЄЛѓ] 
---------------------------------------------------------------------------
[Detail]
3Йј РЬЙЬСі РќМл ПЯЗс
---------------------------------------------------------------------------

---------------------------------------------------------------------------
[09:11:50] [ CAM : 0 ] [СЄЛѓ] 
---------------------------------------------------------------------------
[Detail]
4Йј РЬЙЬСі РќМл ПЯЗс
---------------------------------------------------------------------------

---------------------------------------------------------------------------
[09:11:50] [ CAM : 0 ] [СЄЛѓ] 
---------------------------------------------------------------------------
[Detail]
УдПЕ НУФіНК ПЯЗс
---------------------------------------------------------------------------

---------------------------------------------------------------------------
[09:11:50] [ CAM : 0 ] [СЄЛѓ] 
---------------------------------------------------------------------------
[Detail]
ЙАУМ АЈСі - УдПЕ НУРл
---------------------------------------------------------------------------

---------------------------------------------------------------------------
[09:11:50] [ CAM : 0 ] [СЄЛѓ] 
---------------------------------------------------------------------------
[Detail]
1Йј РЬЙЬСі РќМл ПЯЗс
---------------------------------------------------------------------------

---------------------------------------------------------------------------
[09:11:51] [ CAM : 0 ] [СЄЛѓ] 
---------------------------------------------------------------------------
[Detail]
2Йј РЬЙЬСі РќМл ПЯЗс
---------------------------------------------------------------------------

---------------------------------------------------------------------------
[09:11:51] [ CAM : 0 ] [СЄЛѓ] 
---------------------------------------------------------------------------
[Detail]
3Йј РЬЙЬСі РќМл ПЯЗс
---------------------------------------------------------------------------

---------------------------------------------------------------------------
[09:11:51] [ CAM : 0 ] [СЄЛѓ] 
---------------------------------------------------------------------------
[Detail]
4Йј РЬЙЬСі РќМл ПЯЗс
---------------------------------------------------------------------------

---------------------------------------------------------------------------
[09:11:51] [ CAM : 0 ] [СЄЛѓ] 
---------------------------------------------------------------------------
[Detail]
УдПЕ НУФіНК ПЯЗс
---------------------------------------------------------------------------

---------------------------------------------------------------------------
[09:11:54] [ CAM : 0 ] [СЄЛѓ] 
---------------------------------------------------------------------------
[Detail]
ЙАУМ АЈСі - УдПЕ НУРл
---------------------------------------------------------------------------

---------------------------------------------------------------------------
[09:11:54] [ CAM : 0 ] [СЄЛѓ] 
---------------------------------------------------------------------------
[Detail]
1Йј РЬЙЬСі РќМл ПЯЗс
---------------------------------------------------------------------------

---------------------------------------------------------------------------
[09:11:54] [ CAM : 0 ] [СЄЛѓ] 
---------------------------------------------------------------------------
[Detail]
2Йј РЬЙЬСі РќМл ПЯЗс
---------------------------------------------------------------------------

---------------------------------------------------------------------------
[09:11:55] [ CAM : 0 ] [СЄЛѓ] 
---------------------------------------------------------------------------
[Detail]
3Йј РЬЙЬСі РќМл ПЯЗс
---------------------------------------------------------------------------

---------------------------------------------------------------------------
[09:11:55] [ CAM : 0 ] [СЄЛѓ] 
---------------------------------------------------------------------------
[Detail]
4Йј РЬЙЬСі РќМл ПЯЗс
---------------------------------------------------------------------------

---------------------------------------------------------------------------
[09:11:55] [ CAM : 0 ] [СЄЛѓ] 
---------------------------------------------------------------------------
[Detail]
УдПЕ НУФіНК ПЯЗс
---------------------------------------------------------------------------

---------------------------------------------------------------------------
[09:11:55] [ CAM : 0 ] [СЄЛѓ] 
---------------------------------------------------------------------------
[Detail]
ЙАУМ АЈСі - УдПЕ НУРл
---------------------------------------------------------------------------

---------------------------------------------------------------------------
[09:11:55] [ CAM : 0 ] [СЄЛѓ] 
---------------------------------------------------------------------------
[Detail]
1Йј РЬЙЬСі РќМл ПЯЗс
---------------------------------------------------------------------------

---------------------------------------------------------------------------
[09:11:55] [ CAM : 0 ] [СЄЛѓ] 
---------------------------------------------------------------------------
[Detail]
2Йј РЬЙЬСі РќМл ПЯЗс
---------------------------------------------------------------------------

---------------------------------------------------------------------------
[09:11:56] [ CAM : 0 ] [СЄЛѓ] 
---------------------------------------------------------------------------
[Detail]
3Йј РЬЙЬСі РќМл ПЯЗс
---------------------------------------------------------------------------

---------------------------------------------------------------------------
[09:11:56] [ CAM : 0 ] [СЄЛѓ] 
---------------------------------------------------------------------------
[Detail]
4Йј РЬЙЬСі РќМл ПЯЗс
---------------------------------------------------------------------------

---------------------------------------------------------------------------
[09:11:56] [ CAM : 0 ] [СЄЛѓ] 
---------------------------------------------------------------------------
[Detail]
УдПЕ НУФіНК ПЯЗс
---------------------------------------------------------------------------

---------------------------------------------------------------------------
[09:11:59] [ CAM : 0 ] [[ Connect_Camera Exception ]
] 
---------------------------------------------------------------------------
[Detail]
Node is not writable.
---------------------------------------------------------------------------

---------------------------------------------------------------------------
[09:12:03] [ CAM : 0 ] [СЄЛѓ] 
---------------------------------------------------------------------------
[Detail]
ЙАУМ АЈСі - УдПЕ НУРл
---------------------------------------------------------------------------

---------------------------------------------------------------------------
[09:12:03] [ CAM : 0 ] [СЄЛѓ] 
---------------------------------------------------------------------------
[Detail]
1Йј РЬЙЬСі РќМл ПЯЗс
---------------------------------------------------------------------------

---------------------------------------------------------------------------
[09:12:03] [ CAM : 0 ] [СЄЛѓ] 
---------------------------------------------------------------------------
[Detail]
2Йј РЬЙЬСі РќМл ПЯЗс
---------------------------------------------------------------------------

---------------------------------------------------------------------------
[09:12:04] [ CAM : 0 ] [СЄЛѓ] 
---------------------------------------------------------------------------
[Detail]
3Йј РЬЙЬСі РќМл ПЯЗс
---------------------------------------------------------------------------

---------------------------------------------------------------------------
[09:12:04] [ CAM : 0 ] [СЄЛѓ] 
---------------------------------------------------------------------------
[Detail]
4Йј РЬЙЬСі РќМл ПЯЗс
---------------------------------------------------------------------------

---------------------------------------------------------------------------
[09:12:04] [ CAM : 0 ] [СЄЛѓ] 
---------------------------------------------------------------------------
[Detail]
УдПЕ НУФіНК ПЯЗс
---------------------------------------------------------------------------

---------------------------------------------------------------------------
[09:12:04] [ CAM : 0 ] [СЄЛѓ] 
---------------------------------------------------------------------------
[Detail]
ЙАУМ АЈСі - УдПЕ НУРл
---------------------------------------------------------------------------

---------------------------------------------------------------------------
[09:12:04] [ CAM : 0 ] [СЄЛѓ] 
---------------------------------------------------------------------------
[Detail]
1Йј РЬЙЬСі РќМл ПЯЗс
---------------------------------------------------------------------------

---------------------------------------------------------------------------
[09:12:04] [ CAM : 0 ] [СЄЛѓ] 
---------------------------------------------------------------------------
[Detail]
2Йј РЬЙЬСі РќМл ПЯЗс
---------------------------------------------------------------------------

---------------------------------------------------------------------------
[09:12:05] [ CAM : 0 ] [СЄЛѓ] 
---------------------------------------------------------------------------
[Detail]
3Йј РЬЙЬСі РќМл ПЯЗс
---------------------------------------------------------------------------

---------------------------------------------------------------------------
[09:12:05] [ CAM : 0 ] [СЄЛѓ] 
---------------------------------------------------------------------------
[Detail]
4Йј РЬЙЬСі РќМл ПЯЗс
---------------------------------------------------------------------------

---------------------------------------------------------------------------
[09:12:05] [ CAM : 0 ] [СЄЛѓ] 
---------------------------------------------------------------------------
[Detail]
УдПЕ НУФіНК ПЯЗс
---------------------------------------------------------------------------

---------------------------------------------------------------------------
[09:12:05] [ CAM : 0 ] [СЄЛѓ] 
---------------------------------------------------------------------------
[Detail]
ЙАУМ АЈСі - УдПЕ НУРл
---------------------------------------------------------------------------

---------------------------------------------------------------------------
[09:12:05] [ CAM : 0 ] [СЄЛѓ] 
---------------------------------------------------------------------------
[Detail]
1Йј РЬЙЬСі РќМл ПЯЗс
---------------------------------------------------------------------------

---------------------------------------------------------------------------
[09:12:05] [ CAM : 0 ] [СЄЛѓ] 
---------------------------------------------------------------------------
[Detail]
2Йј РЬЙЬСі РќМл ПЯЗс
---------------------------------------------------------------------------

---------------------------------------------------------------------------
[09:12:06] [ CAM : 0 ] [СЄЛѓ] 
---------------------------------------------------------------------------
[Detail]
3Йј РЬЙЬСі РќМл ПЯЗс
---------------------------------------------------------------------------

---------------------------------------------------------------------------
[09:12:06] [ CAM : 0 ] [СЄЛѓ] 
---------------------------------------------------------------------------
[Detail]
4Йј РЬЙЬСі РќМл ПЯЗс
---------------------------------------------------------------------------

---------------------------------------------------------------------------
[09:12:06] [ CAM : 0 ] [СЄЛѓ] 
---------------------------------------------------------------------------
[Detail]
УдПЕ НУФіНК ПЯЗс
---------------------------------------------------------------------------

---------------------------------------------------------------------------
[09:12:08] [ CAM : 0 ] [СЄЛѓ] 
---------------------------------------------------------------------------
[Detail]
ЙАУМ АЈСі - УдПЕ НУРл
---------------------------------------------------------------------------

---------------------------------------------------------------------------
[09:12:08] [ CAM : 0 ] [СЄЛѓ] 
---------------------------------------------------------------------------
[Detail]
1Йј РЬЙЬСі РќМл ПЯЗс
---------------------------------------------------------------------------

---------------------------------------------------------------------------
[09:12:08] [ CAM : 0 ] [СЄЛѓ] 
---------------------------------------------------------------------------
[Detail]
2Йј РЬЙЬСі РќМл ПЯЗс
---------------------------------------------------------------------------

---------------------------------------------------------------------------
[09:12:08] [ CAM : 0 ] [СЄЛѓ] 
---------------------------------------------------------------------------
[Detail]
3Йј РЬЙЬСі РќМл ПЯЗс
---------------------------------------------------------------------------

---------------------------------------------------------------------------
[09:12:09] [ CAM : 0 ] [СЄЛѓ] 
---------------------------------------------------------------------------
[Detail]
4Йј РЬЙЬСі РќМл ПЯЗс
---------------------------------------------------------------------------

---------------------------------------------------------------------------
[09:12:09] [ CAM : 0 ] [СЄЛѓ] 
---------------------------------------------------------------------------
[Detail]
УдПЕ НУФіНК ПЯЗс
---------------------------------------------------------------------------

---------------------------------------------------------------------------
[09:12:09] [ CAM : 0 ] [СЄЛѓ] 
---------------------------------------------------------------------------
[Detail]
ЙАУМ АЈСі - УдПЕ НУРл
---------------------------------------------------------------------------

---------------------------------------------------------------------------
[09:12:09] [ CAM : 0 ] [СЄЛѓ] 
---------------------------------------------------------------------------
[Detail]
1Йј РЬЙЬСі РќМл ПЯЗс
---------------------------------------------------------------------------

---------------------------------------------------------------------------
[09:12:09] [ CAM : 0 ] [СЄЛѓ] 
---------------------------------------------------------------------------
[Detail]
2Йј РЬЙЬСі РќМл ПЯЗс
---------------------------------------------------------------------------

---------------------------------------------------------------------------
[09:12:09] [ CAM : 0 ] [[ Connect_Camera Exception ]
] 
---------------------------------------------------------------------------
[Detail]
Node is not writable.
---------------------------------------------------------------------------

---------------------------------------------------------------------------
[09:12:09] [ CAM : 0 ] [СЄЛѓ] 
---------------------------------------------------------------------------
[Detail]
3Йј РЬЙЬСі РќМл ПЯЗс
---------------------------------------------------------------------------

---------------------------------------------------------------------------
[09:12:10] [ CAM : 0 ] [СЄЛѓ] 
---------------------------------------------------------------------------
[Detail]
4Йј РЬЙЬСі РќМл ПЯЗс
---------------------------------------------------------------------------

---------------------------------------------------------------------------
[09:12:10] [ CAM : 0 ] [СЄЛѓ] 
---------------------------------------------------------------------------
[Detail]
УдПЕ НУФіНК ПЯЗс
---------------------------------------------------------------------------

---------------------------------------------------------------------------
[09:12:10] [ CAM : 0 ] [СЄЛѓ] 
---------------------------------------------------------------------------
[Detail]
ЙАУМ АЈСі - УдПЕ НУРл
---------------------------------------------------------------------------

---------------------------------------------------------------------------
[09:12:10] [ CAM : 0 ] [СЄЛѓ] 
---------------------------------------------------------------------------
[Detail]
1Йј РЬЙЬСі РќМл ПЯЗс
---------------------------------------------------------------------------

---------------------------------------------------------------------------
[09:12:10] [ CAM : 0 ] [СЄЛѓ] 
---------------------------------------------------------------------------
[Detail]
2Йј РЬЙЬСі РќМл ПЯЗс
---------------------------------------------------------------------------

---------------------------------------------------------------------------
[09:12:10] [ CAM : 0 ] [СЄЛѓ] 
---------------------------------------------------------------------------
[Detail]
3Йј РЬЙЬСі РќМл ПЯЗс
---------------------------------------------------------------------------

---------------------------------------------------------------------------
[09:12:11] [ CAM : 0 ] [СЄЛѓ] 
---------------------------------------------------------------------------
[Detail]
4Йј РЬЙЬСі РќМл ПЯЗс
---------------------------------------------------------------------------

---------------------------------------------------------------------------
[09:12:11] [ CAM : 0 ] [СЄЛѓ] 
---------------------------------------------------------------------------
[Detail]
УдПЕ НУФіНК ПЯЗс
---------------------------------------------------------------------------

---------------------------------------------------------------------------
[09:12:12] [ CAM : 0 ] [[ SetInteger ]
] 
---------------------------------------------------------------------------
[Detail]
Value = 0 must be equal or greater than Min = 32.
---------------------------------------------------------------------------

---------------------------------------------------------------------------
[09:12:12] [ CAM : 0 ] [[ SetInteger ]
] 
---------------------------------------------------------------------------
[Detail]
Value = 0 must be equal or greater than Min = 1.
---------------------------------------------------------------------------

---------------------------------------------------------------------------
[09:12:13] [ CAM : 0 ] [СЄЛѓ] 
---------------------------------------------------------------------------
[Detail]
ЙАУМ АЈСі - УдПЕ НУРл
---------------------------------------------------------------------------

---------------------------------------------------------------------------
[09:12:13] [ CAM : 0 ] [СЄЛѓ] 
---------------------------------------------------------------------------
[Detail]
1Йј РЬЙЬСі РќМл ПЯЗс
---------------------------------------------------------------------------

---------------------------------------------------------------------------
[09:12:13] [ CAM : 0 ] [СЄЛѓ] 
---------------------------------------------------------------------------
[Detail]
2Йј РЬЙЬСі РќМл ПЯЗс
---------------------------------------------------------------------------

---------------------------------------------------------------------------
[09:12:14] [ CAM : 0 ] [СЄЛѓ] 
---------------------------------------------------------------------------
[Detail]
3Йј РЬЙЬСі РќМл ПЯЗс
---------------------------------------------------------------------------

---------------------------------------------------------------------------
[09:12:14] [ CAM : 0 ] [СЄЛѓ] 
---------------------------------------------------------------------------
[Detail]
4Йј РЬЙЬСі РќМл ПЯЗс
---------------------------------------------------------------------------

---------------------------------------------------------------------------
[09:12:14] [ CAM : 0 ] [СЄЛѓ] 
---------------------------------------------------------------------------
[Detail]
УдПЕ НУФіНК ПЯЗс
---------------------------------------------------------------------------

---------------------------------------------------------------------------
[09:12:14] [ CAM : 0 ] [СЄЛѓ] 
---------------------------------------------------------------------------
[Detail]
ЙАУМ АЈСі - УдПЕ НУРл
---------------------------------------------------------------------------

---------------------------------------------------------------------------
[09:12:14] [ CAM : 0 ] [СЄЛѓ] 
---------------------------------------------------------------------------
[Detail]
1Йј РЬЙЬСі РќМл ПЯЗс
---------------------------------------------------------------------------

---------------------------------------------------------------------------
[09:12:14] [ CAM : 0 ] [СЄЛѓ] 
---------------------------------------------------------------------------
[Detail]
2Йј РЬЙЬСі РќМл ПЯЗс
---------------------------------------------------------------------------

---------------------------------------------------------------------------
[09:12:15] [ CAM : 0 ] [СЄЛѓ] 
---------------------------------------------------------------------------
[Detail]
3Йј РЬЙЬСі РќМл ПЯЗс
---------------------------------------------------------------------------

---------------------------------------------------------------------------
[09:12:15] [ CAM : 0 ] [СЄЛѓ] 
---------------------------------------------------------------------------
[Detail]
4Йј РЬЙЬСі РќМл ПЯЗс
---------------------------------------------------------------------------

---------------------------------------------------------------------------
[09:12:15] [ CAM : 0 ] [СЄЛѓ] 
---------------------------------------------------------------------------
[Detail]
УдПЕ НУФіНК ПЯЗс
---------------------------------------------------------------------------

---------------------------------------------------------------------------
[09:12:19] [ CAM : 0 ] [СЄЛѓ] 
---------------------------------------------------------------------------
[Detail]
ЙАУМ АЈСі - УдПЕ НУРл
---------------------------------------------------------------------------

---------------------------------------------------------------------------
[09:12:19] [ CAM : 0 ] [СЄЛѓ] 
---------------------------------------------------------------------------
[Detail]
1Йј РЬЙЬСі РќМл ПЯЗс
---------------------------------------------------------------------------

---------------------------------------------------------------------------
[09:12:19] [ CAM : 0 ] [СЄЛѓ] 
---------------------------------------------------------------------------
[Detail]
2Йј РЬЙЬСі РќМл ПЯЗс
---------------------------------------------------------------------------

---------------------------------------------------------------------------
[09:12:20] [ CAM : 0 ] [СЄЛѓ] 
---------------------------------------------------------------------------
[Detail]
3Йј РЬЙЬСі РќМл ПЯЗс
---------------------------------------------------------------------------

---------------------------------------------------------------------------
[09:12:20] [ CAM : 0 ] [СЄЛѓ] 
---------------------------------------------------------------------------
[Detail]
4Йј РЬЙЬСі РќМл ПЯЗс
---------------------------------------------------------------------------

---------------------------------------------------------------------------
[09:12:20] [ CAM : 0 ] [СЄЛѓ] 
---------------------------------------------------------------------------
[Detail]
УдПЕ НУФіНК ПЯЗс
---------------------------------------------------------------------------

---------------------------------------------------------------------------
[09:12:20] [ CAM : 0 ] [СЄЛѓ] 
---------------------------------------------------------------------------
[Detail]
ЙАУМ АЈСі - УдПЕ НУРл
---------------------------------------------------------------------------

---------------------------------------------------------------------------
[09:12:20] [ CAM : 0 ] [СЄЛѓ] 
---------------------------------------------------------------------------
[Detail]
1Йј РЬЙЬСі РќМл ПЯЗс
---------------------------------------------------------------------------

---------------------------------------------------------------------------
[09:12:20] [ CAM : 0 ] [СЄЛѓ] 
---------------------------------------------------------------------------
[Detail]
2Йј РЬЙЬСі РќМл ПЯЗс
---------------------------------------------------------------------------

---------------------------------------------------------------------------
[09:12:21] [ CAM : 0 ] [СЄЛѓ] 
---------------------------------------------------------------------------
[Detail]
3Йј РЬЙЬСі РќМл ПЯЗс
---------------------------------------------------------------------------

---------------------------------------------------------------------------
[09:12:21] [ CAM : 0 ] [СЄЛѓ] 
---------------------------------------------------------------------------
[Detail]
4Йј РЬЙЬСі РќМл ПЯЗс
---------------------------------------------------------------------------

---------------------------------------------------------------------------
[09:12:21] [ CAM : 0 ] [СЄЛѓ] 
---------------------------------------------------------------------------
[Detail]
УдПЕ НУФіНК ПЯЗс
---------------------------------------------------------------------------

---------------------------------------------------------------------------
[09:12:21] [ CAM : 0 ] [СЄЛѓ] 
---------------------------------------------------------------------------
[Detail]
ЙАУМ АЈСі - УдПЕ НУРл
---------------------------------------------------------------------------

---------------------------------------------------------------------------
[09:12:21] [ CAM : 0 ] [СЄЛѓ] 
---------------------------------------------------------------------------
[Detail]
1Йј РЬЙЬСі РќМл ПЯЗс
---------------------------------------------------------------------------

---------------------------------------------------------------------------
[09:12:21] [ CAM : 0 ] [СЄЛѓ] 
---------------------------------------------------------------------------
[Detail]
2Йј РЬЙЬСі РќМл ПЯЗс
---------------------------------------------------------------------------

---------------------------------------------------------------------------
[09:12:22] [ CAM : 0 ] [СЄЛѓ] 
---------------------------------------------------------------------------
[Detail]
3Йј РЬЙЬСі РќМл ПЯЗс
---------------------------------------------------------------------------

---------------------------------------------------------------------------
[09:12:22] [ CAM : 0 ] [СЄЛѓ] 
---------------------------------------------------------------------------
[Detail]
4Йј РЬЙЬСі РќМл ПЯЗс
---------------------------------------------------------------------------

---------------------------------------------------------------------------
[09:12:22] [ CAM : 0 ] [СЄЛѓ] 
---------------------------------------------------------------------------
[Detail]
УдПЕ НУФіНК ПЯЗс
---------------------------------------------------------------------------

---------------------------------------------------------------------------
[09:12:26] [ CAM : 0 ] [СЄЛѓ] 
---------------------------------------------------------------------------
[Detail]
ЙАУМ АЈСі - УдПЕ НУРл
---------------------------------------------------------------------------

---------------------------------------------------------------------------
[09:12:26] [ CAM : 0 ] [СЄЛѓ] 
---------------------------------------------------------------------------
[Detail]
1Йј РЬЙЬСі РќМл ПЯЗс
---------------------------------------------------------------------------

---------------------------------------------------------------------------
[09:12:27] [ CAM : 0 ] [СЄЛѓ] 
---------------------------------------------------------------------------
[Detail]
2Йј РЬЙЬСі РќМл ПЯЗс
---------------------------------------------------------------------------

---------------------------------------------------------------------------
[09:12:27] [ CAM : 0 ] [СЄЛѓ] 
---------------------------------------------------------------------------
[Detail]
3Йј РЬЙЬСі РќМл ПЯЗс
---------------------------------------------------------------------------

---------------------------------------------------------------------------
[09:12:27] [ CAM : 0 ] [СЄЛѓ] 
---------------------------------------------------------------------------
[Detail]
4Йј РЬЙЬСі РќМл ПЯЗс
---------------------------------------------------------------------------

---------------------------------------------------------------------------
[09:12:27] [ CAM : 0 ] [СЄЛѓ] 
---------------------------------------------------------------------------
[Detail]
УдПЕ НУФіНК ПЯЗс
---------------------------------------------------------------------------

---------------------------------------------------------------------------
[09:12:27] [ CAM : 0 ] [СЄЛѓ] 
---------------------------------------------------------------------------
[Detail]
ЙАУМ АЈСі - УдПЕ НУРл
---------------------------------------------------------------------------

---------------------------------------------------------------------------
[09:12:27] [ CAM : 0 ] [СЄЛѓ] 
---------------------------------------------------------------------------
[Detail]
1Йј РЬЙЬСі РќМл ПЯЗс
---------------------------------------------------------------------------

---------------------------------------------------------------------------
[09:12:28] [ CAM : 0 ] [СЄЛѓ] 
---------------------------------------------------------------------------
[Detail]
2Йј РЬЙЬСі РќМл ПЯЗс
---------------------------------------------------------------------------

---------------------------------------------------------------------------
[09:12:28] [ CAM : 0 ] [СЄЛѓ] 
---------------------------------------------------------------------------
[Detail]
3Йј РЬЙЬСі РќМл ПЯЗс
---------------------------------------------------------------------------

---------------------------------------------------------------------------
[09:12:28] [ CAM : 0 ] [СЄЛѓ] 
---------------------------------------------------------------------------
[Detail]
4Йј РЬЙЬСі РќМл ПЯЗс
---------------------------------------------------------------------------

---------------------------------------------------------------------------
[09:12:28] [ CAM : 0 ] [СЄЛѓ] 
---------------------------------------------------------------------------
[Detail]
УдПЕ НУФіНК ПЯЗс
---------------------------------------------------------------------------

---------------------------------------------------------------------------
[09:12:32] [ CAM : 0 ] [СЄЛѓ] 
---------------------------------------------------------------------------
[Detail]
ЙАУМ АЈСі - УдПЕ НУРл
---------------------------------------------------------------------------

---------------------------------------------------------------------------
[09:12:32] [ CAM : 0 ] [СЄЛѓ] 
---------------------------------------------------------------------------
[Detail]
1Йј РЬЙЬСі РќМл ПЯЗс
---------------------------------------------------------------------------

---------------------------------------------------------------------------
[09:12:32] [ CAM : 0 ] [СЄЛѓ] 
---------------------------------------------------------------------------
[Detail]
2Йј РЬЙЬСі РќМл ПЯЗс
---------------------------------------------------------------------------

---------------------------------------------------------------------------
[09:12:32] [ CAM : 0 ] [СЄЛѓ] 
---------------------------------------------------------------------------
[Detail]
3Йј РЬЙЬСі РќМл ПЯЗс
---------------------------------------------------------------------------

---------------------------------------------------------------------------
[09:12:32] [ CAM : 0 ] [СЄЛѓ] 
---------------------------------------------------------------------------
[Detail]
4Йј РЬЙЬСі РќМл ПЯЗс
---------------------------------------------------------------------------

---------------------------------------------------------------------------
[09:12:32] [ CAM : 0 ] [СЄЛѓ] 
---------------------------------------------------------------------------
[Detail]
УдПЕ НУФіНК ПЯЗс
---------------------------------------------------------------------------

---------------------------------------------------------------------------
[09:12:32] [ CAM : 0 ] [СЄЛѓ] 
---------------------------------------------------------------------------
[Detail]
ЙАУМ АЈСі - УдПЕ НУРл
---------------------------------------------------------------------------

---------------------------------------------------------------------------
[09:12:33] [ CAM : 0 ] [СЄЛѓ] 
---------------------------------------------------------------------------
[Detail]
1Йј РЬЙЬСі РќМл ПЯЗс
---------------------------------------------------------------------------

---------------------------------------------------------------------------
[09:12:33] [ CAM : 0 ] [СЄЛѓ] 
---------------------------------------------------------------------------
[Detail]
2Йј РЬЙЬСі РќМл ПЯЗс
---------------------------------------------------------------------------

---------------------------------------------------------------------------
[09:12:33] [ CAM : 0 ] [СЄЛѓ] 
---------------------------------------------------------------------------
[Detail]
3Йј РЬЙЬСі РќМл ПЯЗс
---------------------------------------------------------------------------

---------------------------------------------------------------------------
[09:12:33] [ CAM : 0 ] [СЄЛѓ] 
---------------------------------------------------------------------------
[Detail]
4Йј РЬЙЬСі РќМл ПЯЗс
---------------------------------------------------------------------------

---------------------------------------------------------------------------
[09:12:33] [ CAM : 0 ] [СЄЛѓ] 
---------------------------------------------------------------------------
[Detail]
УдПЕ НУФіНК ПЯЗс
---------------------------------------------------------------------------

---------------------------------------------------------------------------
[09:12:33] [ CAM : 0 ] [СЄЛѓ] 
---------------------------------------------------------------------------
[Detail]
ЙАУМ АЈСі - УдПЕ НУРл
---------------------------------------------------------------------------

---------------------------------------------------------------------------
[09:12:34] [ CAM : 0 ] [СЄЛѓ] 
---------------------------------------------------------------------------
[Detail]
1Йј РЬЙЬСі РќМл ПЯЗс
---------------------------------------------------------------------------

---------------------------------------------------------------------------
[09:12:34] [ CAM : 0 ] [СЄЛѓ] 
---------------------------------------------------------------------------
[Detail]
2Йј РЬЙЬСі РќМл ПЯЗс
---------------------------------------------------------------------------

---------------------------------------------------------------------------
[09:12:34] [ CAM : 0 ] [СЄЛѓ] 
---------------------------------------------------------------------------
[Detail]
3Йј РЬЙЬСі РќМл ПЯЗс
---------------------------------------------------------------------------

---------------------------------------------------------------------------
[09:12:34] [ CAM : 0 ] [СЄЛѓ] 
---------------------------------------------------------------------------
[Detail]
4Йј РЬЙЬСі РќМл ПЯЗс
---------------------------------------------------------------------------

---------------------------------------------------------------------------
[09:12:34] [ CAM : 0 ] [СЄЛѓ] 
---------------------------------------------------------------------------
[Detail]
УдПЕ НУФіНК ПЯЗс
---------------------------------------------------------------------------

---------------------------------------------------------------------------
[09:12:34] [ CAM : 0 ] [СЄЛѓ] 
---------------------------------------------------------------------------
[Detail]
ЙАУМ АЈСі - УдПЕ НУРл
---------------------------------------------------------------------------

---------------------------------------------------------------------------
[09:12:35] [ CAM : 0 ] [СЄЛѓ] 
---------------------------------------------------------------------------
[Detail]
1Йј РЬЙЬСі РќМл ПЯЗс
---------------------------------------------------------------------------

---------------------------------------------------------------------------
[09:12:35] [ CAM : 0 ] [СЄЛѓ] 
---------------------------------------------------------------------------
[Detail]
2Йј РЬЙЬСі РќМл ПЯЗс
---------------------------------------------------------------------------

---------------------------------------------------------------------------
[09:12:35] [ CAM : 0 ] [СЄЛѓ] 
---------------------------------------------------------------------------
[Detail]
3Йј РЬЙЬСі РќМл ПЯЗс
---------------------------------------------------------------------------

---------------------------------------------------------------------------
[09:12:35] [ CAM : 0 ] [СЄЛѓ] 
---------------------------------------------------------------------------
[Detail]
4Йј РЬЙЬСі РќМл ПЯЗс
---------------------------------------------------------------------------

---------------------------------------------------------------------------
[09:12:35] [ CAM : 0 ] [СЄЛѓ] 
---------------------------------------------------------------------------
[Detail]
УдПЕ НУФіНК ПЯЗс
---------------------------------------------------------------------------

---------------------------------------------------------------------------
[09:12:35] [ CAM : 0 ] [СЄЛѓ] 
---------------------------------------------------------------------------
[Detail]
ЙАУМ АЈСі - УдПЕ НУРл
---------------------------------------------------------------------------

---------------------------------------------------------------------------
[09:12:36] [ CAM : 0 ] [СЄЛѓ] 
---------------------------------------------------------------------------
[Detail]
1Йј РЬЙЬСі РќМл ПЯЗс
---------------------------------------------------------------------------

---------------------------------------------------------------------------
[09:12:36] [ CAM : 0 ] [СЄЛѓ] 
---------------------------------------------------------------------------
[Detail]
2Йј РЬЙЬСі РќМл ПЯЗс
---------------------------------------------------------------------------

---------------------------------------------------------------------------
[09:12:36] [ CAM : 0 ] [СЄЛѓ] 
---------------------------------------------------------------------------
[Detail]
3Йј РЬЙЬСі РќМл ПЯЗс
---------------------------------------------------------------------------

---------------------------------------------------------------------------
[09:12:36] [ CAM : 0 ] [СЄЛѓ] 
---------------------------------------------------------------------------
[Detail]
4Йј РЬЙЬСі РќМл ПЯЗс
---------------------------------------------------------------------------

---------------------------------------------------------------------------
[09:12:36] [ CAM : 0 ] [СЄЛѓ] 
---------------------------------------------------------------------------
[Detail]
УдПЕ НУФіНК ПЯЗс
---------------------------------------------------------------------------

---------------------------------------------------------------------------
[09:12:36] [ CAM : 0 ] [СЄЛѓ] 
---------------------------------------------------------------------------
[Detail]
ЙАУМ АЈСі - УдПЕ НУРл
---------------------------------------------------------------------------

---------------------------------------------------------------------------
[09:12:37] [ CAM : 0 ] [СЄЛѓ] 
---------------------------------------------------------------------------
[Detail]
1Йј РЬЙЬСі РќМл ПЯЗс
---------------------------------------------------------------------------

---------------------------------------------------------------------------
[09:12:37] [ CAM : 0 ] [СЄЛѓ] 
---------------------------------------------------------------------------
[Detail]
2Йј РЬЙЬСі РќМл ПЯЗс
---------------------------------------------------------------------------

---------------------------------------------------------------------------
[09:12:37] [ CAM : 0 ] [СЄЛѓ] 
---------------------------------------------------------------------------
[Detail]
3Йј РЬЙЬСі РќМл ПЯЗс
---------------------------------------------------------------------------

---------------------------------------------------------------------------
[09:12:37] [ CAM : 0 ] [СЄЛѓ] 
---------------------------------------------------------------------------
[Detail]
4Йј РЬЙЬСі РќМл ПЯЗс
---------------------------------------------------------------------------

---------------------------------------------------------------------------
[09:12:37] [ CAM : 0 ] [СЄЛѓ] 
---------------------------------------------------------------------------
[Detail]
УдПЕ НУФіНК ПЯЗс
---------------------------------------------------------------------------

---------------------------------------------------------------------------
[09:12:38] [ CAM : 0 ] [СЄЛѓ] 
---------------------------------------------------------------------------
[Detail]
ЙАУМ АЈСі - УдПЕ НУРл
---------------------------------------------------------------------------

---------------------------------------------------------------------------
[09:12:38] [ CAM : 0 ] [СЄЛѓ] 
---------------------------------------------------------------------------
[Detail]
1Йј РЬЙЬСі РќМл ПЯЗс
---------------------------------------------------------------------------

---------------------------------------------------------------------------
[09:12:38] [ CAM : 0 ] [СЄЛѓ] 
---------------------------------------------------------------------------
[Detail]
2Йј РЬЙЬСі РќМл ПЯЗс
---------------------------------------------------------------------------

---------------------------------------------------------------------------
[09:12:38] [ CAM : 0 ] [СЄЛѓ] 
---------------------------------------------------------------------------
[Detail]
3Йј РЬЙЬСі РќМл ПЯЗс
---------------------------------------------------------------------------

---------------------------------------------------------------------------
[09:12:38] [ CAM : 0 ] [СЄЛѓ] 
---------------------------------------------------------------------------
[Detail]
4Йј РЬЙЬСі РќМл ПЯЗс
---------------------------------------------------------------------------

---------------------------------------------------------------------------
[09:12:38] [ CAM : 0 ] [СЄЛѓ] 
---------------------------------------------------------------------------
[Detail]
УдПЕ НУФіНК ПЯЗс
---------------------------------------------------------------------------

---------------------------------------------------------------------------
[09:12:38] [ CAM : 0 ] [СЄЛѓ] 
---------------------------------------------------------------------------
[Detail]
ЙАУМ АЈСі - УдПЕ НУРл
---------------------------------------------------------------------------

---------------------------------------------------------------------------
[09:12:39] [ CAM : 0 ] [СЄЛѓ] 
---------------------------------------------------------------------------
[Detail]
1Йј РЬЙЬСі РќМл ПЯЗс
---------------------------------------------------------------------------

---------------------------------------------------------------------------
[09:12:39] [ CAM : 0 ] [СЄЛѓ] 
---------------------------------------------------------------------------
[Detail]
2Йј РЬЙЬСі РќМл ПЯЗс
---------------------------------------------------------------------------

---------------------------------------------------------------------------
[09:12:39] [ CAM : 0 ] [СЄЛѓ] 
---------------------------------------------------------------------------
[Detail]
3Йј РЬЙЬСі РќМл ПЯЗс
---------------------------------------------------------------------------

---------------------------------------------------------------------------
[09:12:39] [ CAM : 0 ] [СЄЛѓ] 
---------------------------------------------------------------------------
[Detail]
4Йј РЬЙЬСі РќМл ПЯЗс
---------------------------------------------------------------------------

---------------------------------------------------------------------------
[09:12:39] [ CAM : 0 ] [СЄЛѓ] 
---------------------------------------------------------------------------
[Detail]
УдПЕ НУФіНК ПЯЗс
---------------------------------------------------------------------------

---------------------------------------------------------------------------
[09:12:41] [ CAM : 0 ] [СЄЛѓ] 
---------------------------------------------------------------------------
[Detail]
ЙАУМ АЈСі - УдПЕ НУРл
---------------------------------------------------------------------------

---------------------------------------------------------------------------
[09:12:41] [ CAM : 0 ] [СЄЛѓ] 
---------------------------------------------------------------------------
[Detail]
1Йј РЬЙЬСі РќМл ПЯЗс
---------------------------------------------------------------------------

---------------------------------------------------------------------------
[09:12:42] [ CAM : 0 ] [СЄЛѓ] 
---------------------------------------------------------------------------
[Detail]
2Йј РЬЙЬСі РќМл ПЯЗс
---------------------------------------------------------------------------

---------------------------------------------------------------------------
[09:12:42] [ CAM : 0 ] [СЄЛѓ] 
---------------------------------------------------------------------------
[Detail]
3Йј РЬЙЬСі РќМл ПЯЗс
---------------------------------------------------------------------------

---------------------------------------------------------------------------
[09:12:42] [ CAM : 0 ] [СЄЛѓ] 
---------------------------------------------------------------------------
[Detail]
4Йј РЬЙЬСі РќМл ПЯЗс
---------------------------------------------------------------------------

---------------------------------------------------------------------------
[09:12:42] [ CAM : 0 ] [СЄЛѓ] 
---------------------------------------------------------------------------
[Detail]
УдПЕ НУФіНК ПЯЗс
---------------------------------------------------------------------------

---------------------------------------------------------------------------
[09:12:42] [ CAM : 0 ] [СЄЛѓ] 
---------------------------------------------------------------------------
[Detail]
ЙАУМ АЈСі - УдПЕ НУРл
---------------------------------------------------------------------------

---------------------------------------------------------------------------
[09:12:42] [ CAM : 0 ] [СЄЛѓ] 
---------------------------------------------------------------------------
[Detail]
1Йј РЬЙЬСі РќМл ПЯЗс
---------------------------------------------------------------------------

---------------------------------------------------------------------------
[09:12:43] [ CAM : 0 ] [СЄЛѓ] 
---------------------------------------------------------------------------
[Detail]
2Йј РЬЙЬСі РќМл ПЯЗс
---------------------------------------------------------------------------

---------------------------------------------------------------------------
[09:12:43] [ CAM : 0 ] [СЄЛѓ] 
---------------------------------------------------------------------------
[Detail]
3Йј РЬЙЬСі РќМл ПЯЗс
---------------------------------------------------------------------------

---------------------------------------------------------------------------
[09:12:43] [ CAM : 0 ] [СЄЛѓ] 
---------------------------------------------------------------------------
[Detail]
4Йј РЬЙЬСі РќМл ПЯЗс
---------------------------------------------------------------------------

---------------------------------------------------------------------------
[09:12:43] [ CAM : 0 ] [СЄЛѓ] 
---------------------------------------------------------------------------
[Detail]
УдПЕ НУФіНК ПЯЗс
---------------------------------------------------------------------------

---------------------------------------------------------------------------
[09:12:54] [ CAM : 0 ] [СЄЛѓ] 
---------------------------------------------------------------------------
[Detail]
ЙАУМ АЈСі - УдПЕ НУРл
---------------------------------------------------------------------------

---------------------------------------------------------------------------
[09:12:54] [ CAM : 0 ] [СЄЛѓ] 
---------------------------------------------------------------------------
[Detail]
1Йј РЬЙЬСі РќМл ПЯЗс
---------------------------------------------------------------------------

---------------------------------------------------------------------------
[09:12:54] [ CAM : 0 ] [СЄЛѓ] 
---------------------------------------------------------------------------
[Detail]
2Йј РЬЙЬСі РќМл ПЯЗс
---------------------------------------------------------------------------

---------------------------------------------------------------------------
[09:12:54] [ CAM : 0 ] [СЄЛѓ] 
---------------------------------------------------------------------------
[Detail]
3Йј РЬЙЬСі РќМл ПЯЗс
---------------------------------------------------------------------------

---------------------------------------------------------------------------
[09:12:54] [ CAM : 0 ] [СЄЛѓ] 
---------------------------------------------------------------------------
[Detail]
4Йј РЬЙЬСі РќМл ПЯЗс
---------------------------------------------------------------------------

---------------------------------------------------------------------------
[09:12:54] [ CAM : 0 ] [СЄЛѓ] 
---------------------------------------------------------------------------
[Detail]
УдПЕ НУФіНК ПЯЗс
---------------------------------------------------------------------------

---------------------------------------------------------------------------
[09:12:54] [ CAM : 0 ] [СЄЛѓ] 
---------------------------------------------------------------------------
[Detail]
ЙАУМ АЈСі - УдПЕ НУРл
---------------------------------------------------------------------------

---------------------------------------------------------------------------
[09:12:55] [ CAM : 0 ] [СЄЛѓ] 
---------------------------------------------------------------------------
[Detail]
1Йј РЬЙЬСі РќМл ПЯЗс
---------------------------------------------------------------------------

---------------------------------------------------------------------------
[09:12:55] [ CAM : 0 ] [СЄЛѓ] 
---------------------------------------------------------------------------
[Detail]
2Йј РЬЙЬСі РќМл ПЯЗс
---------------------------------------------------------------------------

---------------------------------------------------------------------------
[09:12:55] [ CAM : 0 ] [СЄЛѓ] 
---------------------------------------------------------------------------
[Detail]
3Йј РЬЙЬСі РќМл ПЯЗс
---------------------------------------------------------------------------

---------------------------------------------------------------------------
[09:12:55] [ CAM : 0 ] [СЄЛѓ] 
---------------------------------------------------------------------------
[Detail]
4Йј РЬЙЬСі РќМл ПЯЗс
---------------------------------------------------------------------------

---------------------------------------------------------------------------
[09:12:55] [ CAM : 0 ] [СЄЛѓ] 
---------------------------------------------------------------------------
[Detail]
УдПЕ НУФіНК ПЯЗс
---------------------------------------------------------------------------

---------------------------------------------------------------------------
[09:12:56] [ CAM : 0 ] [СЄЛѓ] 
---------------------------------------------------------------------------
[Detail]
ЙАУМ АЈСі - УдПЕ НУРл
---------------------------------------------------------------------------

---------------------------------------------------------------------------
[09:12:56] [ CAM : 0 ] [СЄЛѓ] 
---------------------------------------------------------------------------
[Detail]
1Йј РЬЙЬСі РќМл ПЯЗс
---------------------------------------------------------------------------

---------------------------------------------------------------------------
[09:12:57] [ CAM : 0 ] [СЄЛѓ] 
---------------------------------------------------------------------------
[Detail]
2Йј РЬЙЬСі РќМл ПЯЗс
---------------------------------------------------------------------------

---------------------------------------------------------------------------
[09:12:57] [ CAM : 0 ] [СЄЛѓ] 
---------------------------------------------------------------------------
[Detail]
3Йј РЬЙЬСі РќМл ПЯЗс
---------------------------------------------------------------------------

---------------------------------------------------------------------------
[09:12:57] [ CAM : 0 ] [СЄЛѓ] 
---------------------------------------------------------------------------
[Detail]
4Йј РЬЙЬСі РќМл ПЯЗс
---------------------------------------------------------------------------

---------------------------------------------------------------------------
[09:12:57] [ CAM : 0 ] [СЄЛѓ] 
---------------------------------------------------------------------------
[Detail]
УдПЕ НУФіНК ПЯЗс
---------------------------------------------------------------------------

---------------------------------------------------------------------------
[09:12:57] [ CAM : 0 ] [СЄЛѓ] 
---------------------------------------------------------------------------
[Detail]
ЙАУМ АЈСі - УдПЕ НУРл
---------------------------------------------------------------------------

---------------------------------------------------------------------------
[09:12:57] [ CAM : 0 ] [СЄЛѓ] 
---------------------------------------------------------------------------
[Detail]
1Йј РЬЙЬСі РќМл ПЯЗс
---------------------------------------------------------------------------

---------------------------------------------------------------------------
[09:12:58] [ CAM : 0 ] [СЄЛѓ] 
---------------------------------------------------------------------------
[Detail]
2Йј РЬЙЬСі РќМл ПЯЗс
---------------------------------------------------------------------------

---------------------------------------------------------------------------
[09:12:58] [ CAM : 0 ] [СЄЛѓ] 
---------------------------------------------------------------------------
[Detail]
3Йј РЬЙЬСі РќМл ПЯЗс
---------------------------------------------------------------------------

---------------------------------------------------------------------------
[09:12:58] [ CAM : 0 ] [СЄЛѓ] 
---------------------------------------------------------------------------
[Detail]
4Йј РЬЙЬСі РќМл ПЯЗс
---------------------------------------------------------------------------

---------------------------------------------------------------------------
[09:12:58] [ CAM : 0 ] [СЄЛѓ] 
---------------------------------------------------------------------------
[Detail]
УдПЕ НУФіНК ПЯЗс
---------------------------------------------------------------------------

