---------------------------------------------------------------------------
[10:36:53] [ CAM : 0 ] [[ SetInteger ]
] 
---------------------------------------------------------------------------
[Detail]
Value = 0 must be equal or greater than Min = 32.
---------------------------------------------------------------------------

---------------------------------------------------------------------------
[10:36:53] [ CAM : 0 ] [[ SetInteger ]
] 
---------------------------------------------------------------------------
[Detail]
Value = 0 must be equal or greater than Min = 1.
---------------------------------------------------------------------------

---------------------------------------------------------------------------
[10:36:56] [ CAM : 0 ] [СЄЛѓ] 
---------------------------------------------------------------------------
[Detail]
ЙАУМ АЈСі - УдПЕ НУРл
---------------------------------------------------------------------------

---------------------------------------------------------------------------
[10:36:56] [ CAM : 0 ] [СЄЛѓ] 
---------------------------------------------------------------------------
[Detail]
[РЯЙн] 1Йј РќМл ПЯЗс
---------------------------------------------------------------------------

---------------------------------------------------------------------------
[10:36:56] [ CAM : 0 ] [СЄЛѓ] 
---------------------------------------------------------------------------
[Detail]
[РЯЙн] 2Йј РќМл ПЯЗс
---------------------------------------------------------------------------

---------------------------------------------------------------------------
[10:36:56] [ CAM : 0 ] [СЄЛѓ] 
---------------------------------------------------------------------------
[Detail]
[РЯЙн] 3Йј РќМл ПЯЗс
---------------------------------------------------------------------------

---------------------------------------------------------------------------
[10:36:56] [ CAM : 0 ] [СЄЛѓ] 
---------------------------------------------------------------------------
[Detail]
[РЯЙн] 4Йј РќМл ПЯЗс
---------------------------------------------------------------------------

---------------------------------------------------------------------------
[10:36:56] [ CAM : 0 ] [СЄЛѓ] 
---------------------------------------------------------------------------
[Detail]
УдПЕ НУФіНК ПЯЗс
---------------------------------------------------------------------------

---------------------------------------------------------------------------
[10:36:56] [ CAM : 0 ] [СЄЛѓ] 
---------------------------------------------------------------------------
[Detail]
ЙАУМ АЈСі - УдПЕ НУРл
---------------------------------------------------------------------------

---------------------------------------------------------------------------
[10:36:57] [ CAM : 0 ] [СЄЛѓ] 
---------------------------------------------------------------------------
[Detail]
[РЯЙн] 1Йј РќМл ПЯЗс
---------------------------------------------------------------------------

---------------------------------------------------------------------------
[10:36:57] [ CAM : 0 ] [СЄЛѓ] 
---------------------------------------------------------------------------
[Detail]
[РЯЙн] 2Йј РќМл ПЯЗс
---------------------------------------------------------------------------

---------------------------------------------------------------------------
[10:36:57] [ CAM : 0 ] [СЄЛѓ] 
---------------------------------------------------------------------------
[Detail]
[РЯЙн] 3Йј РќМл ПЯЗс
---------------------------------------------------------------------------

---------------------------------------------------------------------------
[10:36:57] [ CAM : 0 ] [СЄЛѓ] 
---------------------------------------------------------------------------
[Detail]
[РЯЙн] 4Йј РќМл ПЯЗс
---------------------------------------------------------------------------

---------------------------------------------------------------------------
[10:36:57] [ CAM : 0 ] [СЄЛѓ] 
---------------------------------------------------------------------------
[Detail]
УдПЕ НУФіНК ПЯЗс
---------------------------------------------------------------------------

---------------------------------------------------------------------------
[10:36:57] [ CAM : 0 ] [СЄЛѓ] 
---------------------------------------------------------------------------
[Detail]
ЙАУМ АЈСі - УдПЕ НУРл
---------------------------------------------------------------------------

---------------------------------------------------------------------------
[10:36:57] [ CAM : 0 ] [СЄЛѓ] 
---------------------------------------------------------------------------
[Detail]
[РЯЙн] 1Йј РќМл ПЯЗс
---------------------------------------------------------------------------

---------------------------------------------------------------------------
[10:36:58] [ CAM : 0 ] [СЄЛѓ] 
---------------------------------------------------------------------------
[Detail]
[РЯЙн] 2Йј РќМл ПЯЗс
---------------------------------------------------------------------------

---------------------------------------------------------------------------
[10:36:58] [ CAM : 0 ] [СЄЛѓ] 
---------------------------------------------------------------------------
[Detail]
[РЯЙн] 3Йј РќМл ПЯЗс
---------------------------------------------------------------------------

---------------------------------------------------------------------------
[10:36:58] [ CAM : 0 ] [СЄЛѓ] 
---------------------------------------------------------------------------
[Detail]
[РЯЙн] 4Йј РќМл ПЯЗс
---------------------------------------------------------------------------

---------------------------------------------------------------------------
[10:36:58] [ CAM : 0 ] [СЄЛѓ] 
---------------------------------------------------------------------------
[Detail]
УдПЕ НУФіНК ПЯЗс
---------------------------------------------------------------------------

---------------------------------------------------------------------------
[10:36:59] [ CAM : 0 ] [ОЫИВ] 
---------------------------------------------------------------------------
[Detail]
НУНКХл И№Ех КЏАц: [РчКаЗљ И№Ех]
---------------------------------------------------------------------------

---------------------------------------------------------------------------
[10:37:01] [ CAM : 0 ] [СЄЛѓ] 
---------------------------------------------------------------------------
[Detail]
ЙАУМ АЈСі - УдПЕ НУРл
---------------------------------------------------------------------------

---------------------------------------------------------------------------
[10:37:01] [ CAM : 0 ] [СЄЛѓ] 
---------------------------------------------------------------------------
[Detail]
[РчКаЗљ] 1Йј РќМл ПЯЗс
---------------------------------------------------------------------------

---------------------------------------------------------------------------
[10:37:01] [ CAM : 0 ] [СЄЛѓ] 
---------------------------------------------------------------------------
[Detail]
[РчКаЗљ] 2Йј РќМл ПЯЗс
---------------------------------------------------------------------------

---------------------------------------------------------------------------
[10:37:01] [ CAM : 0 ] [СЄЛѓ] 
---------------------------------------------------------------------------
[Detail]
[РчКаЗљ] 3Йј РќМл ПЯЗс
---------------------------------------------------------------------------

---------------------------------------------------------------------------
[10:37:01] [ CAM : 0 ] [СЄЛѓ] 
---------------------------------------------------------------------------
[Detail]
[РчКаЗљ] 4Йј РќМл ПЯЗс
---------------------------------------------------------------------------

---------------------------------------------------------------------------
[10:37:01] [ CAM : 0 ] [СЄЛѓ] 
---------------------------------------------------------------------------
[Detail]
УдПЕ НУФіНК ПЯЗс
---------------------------------------------------------------------------

---------------------------------------------------------------------------
[10:37:01] [ CAM : 0 ] [СЄЛѓ] 
---------------------------------------------------------------------------
[Detail]
ЙАУМ АЈСі - УдПЕ НУРл
---------------------------------------------------------------------------

---------------------------------------------------------------------------
[10:37:02] [ CAM : 0 ] [СЄЛѓ] 
---------------------------------------------------------------------------
[Detail]
[РчКаЗљ] 1Йј РќМл ПЯЗс
---------------------------------------------------------------------------

---------------------------------------------------------------------------
[10:37:02] [ CAM : 0 ] [СЄЛѓ] 
---------------------------------------------------------------------------
[Detail]
[РчКаЗљ] 2Йј РќМл ПЯЗс
---------------------------------------------------------------------------

---------------------------------------------------------------------------
[10:37:02] [ CAM : 0 ] [СЄЛѓ] 
---------------------------------------------------------------------------
[Detail]
[РчКаЗљ] 3Йј РќМл ПЯЗс
---------------------------------------------------------------------------

---------------------------------------------------------------------------
[10:37:02] [ CAM : 0 ] [СЄЛѓ] 
---------------------------------------------------------------------------
[Detail]
[РчКаЗљ] 4Йј РќМл ПЯЗс
---------------------------------------------------------------------------

---------------------------------------------------------------------------
[10:37:02] [ CAM : 0 ] [СЄЛѓ] 
---------------------------------------------------------------------------
[Detail]
УдПЕ НУФіНК ПЯЗс
---------------------------------------------------------------------------

---------------------------------------------------------------------------
[10:37:02] [ CAM : 0 ] [СЄЛѓ] 
---------------------------------------------------------------------------
[Detail]
ЙАУМ АЈСі - УдПЕ НУРл
---------------------------------------------------------------------------

---------------------------------------------------------------------------
[10:37:03] [ CAM : 0 ] [СЄЛѓ] 
---------------------------------------------------------------------------
[Detail]
[РчКаЗљ] 1Йј РќМл ПЯЗс
---------------------------------------------------------------------------

---------------------------------------------------------------------------
[10:37:03] [ CAM : 0 ] [СЄЛѓ] 
---------------------------------------------------------------------------
[Detail]
[РчКаЗљ] 2Йј РќМл ПЯЗс
---------------------------------------------------------------------------

---------------------------------------------------------------------------
[10:37:03] [ CAM : 0 ] [СЄЛѓ] 
---------------------------------------------------------------------------
[Detail]
[РчКаЗљ] 3Йј РќМл ПЯЗс
---------------------------------------------------------------------------

---------------------------------------------------------------------------
[10:37:03] [ CAM : 0 ] [СЄЛѓ] 
---------------------------------------------------------------------------
[Detail]
[РчКаЗљ] 4Йј РќМл ПЯЗс
---------------------------------------------------------------------------

---------------------------------------------------------------------------
[10:37:03] [ CAM : 0 ] [СЄЛѓ] 
---------------------------------------------------------------------------
[Detail]
УдПЕ НУФіНК ПЯЗс
---------------------------------------------------------------------------

---------------------------------------------------------------------------
[10:37:27] [ CAM : 0 ] [ОЫИВ] 
---------------------------------------------------------------------------
[Detail]
НУНКХл И№Ех КЏАц: [РЯЙн КаЗљ И№Ех]
---------------------------------------------------------------------------

