---------------------------------------------------------------------------
[09:28:01] [ CAM : 0 ] [[ SetInteger ]
] 
---------------------------------------------------------------------------
[Detail]
Value = 0 must be equal or greater than Min = 32.
---------------------------------------------------------------------------

---------------------------------------------------------------------------
[09:28:01] [ CAM : 0 ] [[ SetInteger ]
] 
---------------------------------------------------------------------------
[Detail]
Value = 0 must be equal or greater than Min = 1.
---------------------------------------------------------------------------

---------------------------------------------------------------------------
[09:28:03] [ CAM : 0 ] [СЄЛѓ] 
---------------------------------------------------------------------------
[Detail]
1Йј РЬЙЬСі РќМл ПЯЗс
---------------------------------------------------------------------------

---------------------------------------------------------------------------
[09:28:03] [ CAM : 0 ] [СЄЛѓ] 
---------------------------------------------------------------------------
[Detail]
УдПЕ НУФіНК ПЯЗс
---------------------------------------------------------------------------

---------------------------------------------------------------------------
[09:28:07] [ CAM : 0 ] [СЄЛѓ] 
---------------------------------------------------------------------------
[Detail]
ЙАУМ АЈСі - УдПЕ НУРл
---------------------------------------------------------------------------

---------------------------------------------------------------------------
[09:28:07] [ CAM : 0 ] [СЄЛѓ] 
---------------------------------------------------------------------------
[Detail]
1Йј РЬЙЬСі РќМл ПЯЗс
---------------------------------------------------------------------------

---------------------------------------------------------------------------
[09:28:08] [ CAM : 0 ] [СЄЛѓ] 
---------------------------------------------------------------------------
[Detail]
2Йј РЬЙЬСі РќМл ПЯЗс
---------------------------------------------------------------------------

---------------------------------------------------------------------------
[09:28:08] [ CAM : 0 ] [СЄЛѓ] 
---------------------------------------------------------------------------
[Detail]
3Йј РЬЙЬСі РќМл ПЯЗс
---------------------------------------------------------------------------

---------------------------------------------------------------------------
[09:28:08] [ CAM : 0 ] [СЄЛѓ] 
---------------------------------------------------------------------------
[Detail]
4Йј РЬЙЬСі РќМл ПЯЗс
---------------------------------------------------------------------------

---------------------------------------------------------------------------
[09:28:08] [ CAM : 0 ] [СЄЛѓ] 
---------------------------------------------------------------------------
[Detail]
УдПЕ НУФіНК ПЯЗс
---------------------------------------------------------------------------

---------------------------------------------------------------------------
[09:28:08] [ CAM : 0 ] [СЄЛѓ] 
---------------------------------------------------------------------------
[Detail]
ЙАУМ АЈСі - УдПЕ НУРл
---------------------------------------------------------------------------

---------------------------------------------------------------------------
[09:28:08] [ CAM : 0 ] [СЄЛѓ] 
---------------------------------------------------------------------------
[Detail]
1Йј РЬЙЬСі РќМл ПЯЗс
---------------------------------------------------------------------------

---------------------------------------------------------------------------
[09:28:09] [ CAM : 0 ] [СЄЛѓ] 
---------------------------------------------------------------------------
[Detail]
2Йј РЬЙЬСі РќМл ПЯЗс
---------------------------------------------------------------------------

---------------------------------------------------------------------------
[09:28:09] [ CAM : 0 ] [СЄЛѓ] 
---------------------------------------------------------------------------
[Detail]
3Йј РЬЙЬСі РќМл ПЯЗс
---------------------------------------------------------------------------

---------------------------------------------------------------------------
[09:28:09] [ CAM : 0 ] [СЄЛѓ] 
---------------------------------------------------------------------------
[Detail]
4Йј РЬЙЬСі РќМл ПЯЗс
---------------------------------------------------------------------------

---------------------------------------------------------------------------
[09:28:09] [ CAM : 0 ] [СЄЛѓ] 
---------------------------------------------------------------------------
[Detail]
УдПЕ НУФіНК ПЯЗс
---------------------------------------------------------------------------

---------------------------------------------------------------------------
[09:28:09] [ CAM : 0 ] [СЄЛѓ] 
---------------------------------------------------------------------------
[Detail]
ЙАУМ АЈСі - УдПЕ НУРл
---------------------------------------------------------------------------

---------------------------------------------------------------------------
[09:28:09] [ CAM : 0 ] [СЄЛѓ] 
---------------------------------------------------------------------------
[Detail]
1Йј РЬЙЬСі РќМл ПЯЗс
---------------------------------------------------------------------------

---------------------------------------------------------------------------
[09:28:10] [ CAM : 0 ] [СЄЛѓ] 
---------------------------------------------------------------------------
[Detail]
2Йј РЬЙЬСі РќМл ПЯЗс
---------------------------------------------------------------------------

---------------------------------------------------------------------------
[09:28:10] [ CAM : 0 ] [СЄЛѓ] 
---------------------------------------------------------------------------
[Detail]
3Йј РЬЙЬСі РќМл ПЯЗс
---------------------------------------------------------------------------

---------------------------------------------------------------------------
[09:28:10] [ CAM : 0 ] [СЄЛѓ] 
---------------------------------------------------------------------------
[Detail]
4Йј РЬЙЬСі РќМл ПЯЗс
---------------------------------------------------------------------------

---------------------------------------------------------------------------
[09:28:10] [ CAM : 0 ] [СЄЛѓ] 
---------------------------------------------------------------------------
[Detail]
УдПЕ НУФіНК ПЯЗс
---------------------------------------------------------------------------

---------------------------------------------------------------------------
[09:28:10] [ CAM : 0 ] [СЄЛѓ] 
---------------------------------------------------------------------------
[Detail]
ЙАУМ АЈСі - УдПЕ НУРл
---------------------------------------------------------------------------

---------------------------------------------------------------------------
[09:28:10] [ CAM : 0 ] [СЄЛѓ] 
---------------------------------------------------------------------------
[Detail]
1Йј РЬЙЬСі РќМл ПЯЗс
---------------------------------------------------------------------------

---------------------------------------------------------------------------
[09:28:11] [ CAM : 0 ] [СЄЛѓ] 
---------------------------------------------------------------------------
[Detail]
2Йј РЬЙЬСі РќМл ПЯЗс
---------------------------------------------------------------------------

---------------------------------------------------------------------------
[09:28:11] [ CAM : 0 ] [СЄЛѓ] 
---------------------------------------------------------------------------
[Detail]
3Йј РЬЙЬСі РќМл ПЯЗс
---------------------------------------------------------------------------

---------------------------------------------------------------------------
[09:28:11] [ CAM : 0 ] [СЄЛѓ] 
---------------------------------------------------------------------------
[Detail]
4Йј РЬЙЬСі РќМл ПЯЗс
---------------------------------------------------------------------------

---------------------------------------------------------------------------
[09:28:11] [ CAM : 0 ] [СЄЛѓ] 
---------------------------------------------------------------------------
[Detail]
УдПЕ НУФіНК ПЯЗс
---------------------------------------------------------------------------

---------------------------------------------------------------------------
[09:28:30] [ CAM : 0 ] [СЄЛѓ] 
---------------------------------------------------------------------------
[Detail]
ЙАУМ АЈСі - УдПЕ НУРл
---------------------------------------------------------------------------

---------------------------------------------------------------------------
[09:28:30] [ CAM : 0 ] [СЄЛѓ] 
---------------------------------------------------------------------------
[Detail]
1Йј РЬЙЬСі РќМл ПЯЗс
---------------------------------------------------------------------------

---------------------------------------------------------------------------
[09:28:31] [ CAM : 0 ] [СЄЛѓ] 
---------------------------------------------------------------------------
[Detail]
2Йј РЬЙЬСі РќМл ПЯЗс
---------------------------------------------------------------------------

---------------------------------------------------------------------------
[09:28:31] [ CAM : 0 ] [СЄЛѓ] 
---------------------------------------------------------------------------
[Detail]
3Йј РЬЙЬСі РќМл ПЯЗс
---------------------------------------------------------------------------

---------------------------------------------------------------------------
[09:28:31] [ CAM : 0 ] [СЄЛѓ] 
---------------------------------------------------------------------------
[Detail]
4Йј РЬЙЬСі РќМл ПЯЗс
---------------------------------------------------------------------------

---------------------------------------------------------------------------
[09:28:31] [ CAM : 0 ] [СЄЛѓ] 
---------------------------------------------------------------------------
[Detail]
УдПЕ НУФіНК ПЯЗс
---------------------------------------------------------------------------

---------------------------------------------------------------------------
[09:28:31] [ CAM : 0 ] [СЄЛѓ] 
---------------------------------------------------------------------------
[Detail]
ЙАУМ АЈСі - УдПЕ НУРл
---------------------------------------------------------------------------

---------------------------------------------------------------------------
[09:28:31] [ CAM : 0 ] [СЄЛѓ] 
---------------------------------------------------------------------------
[Detail]
1Йј РЬЙЬСі РќМл ПЯЗс
---------------------------------------------------------------------------

---------------------------------------------------------------------------
[09:28:32] [ CAM : 0 ] [СЄЛѓ] 
---------------------------------------------------------------------------
[Detail]
2Йј РЬЙЬСі РќМл ПЯЗс
---------------------------------------------------------------------------

---------------------------------------------------------------------------
[09:28:32] [ CAM : 0 ] [СЄЛѓ] 
---------------------------------------------------------------------------
[Detail]
3Йј РЬЙЬСі РќМл ПЯЗс
---------------------------------------------------------------------------

---------------------------------------------------------------------------
[09:28:32] [ CAM : 0 ] [СЄЛѓ] 
---------------------------------------------------------------------------
[Detail]
4Йј РЬЙЬСі РќМл ПЯЗс
---------------------------------------------------------------------------

---------------------------------------------------------------------------
[09:28:32] [ CAM : 0 ] [СЄЛѓ] 
---------------------------------------------------------------------------
[Detail]
УдПЕ НУФіНК ПЯЗс
---------------------------------------------------------------------------

---------------------------------------------------------------------------
[09:28:32] [ CAM : 0 ] [СЄЛѓ] 
---------------------------------------------------------------------------
[Detail]
ЙАУМ АЈСі - УдПЕ НУРл
---------------------------------------------------------------------------

---------------------------------------------------------------------------
[09:28:32] [ CAM : 0 ] [СЄЛѓ] 
---------------------------------------------------------------------------
[Detail]
1Йј РЬЙЬСі РќМл ПЯЗс
---------------------------------------------------------------------------

---------------------------------------------------------------------------
[09:28:33] [ CAM : 0 ] [СЄЛѓ] 
---------------------------------------------------------------------------
[Detail]
2Йј РЬЙЬСі РќМл ПЯЗс
---------------------------------------------------------------------------

---------------------------------------------------------------------------
[09:28:33] [ CAM : 0 ] [СЄЛѓ] 
---------------------------------------------------------------------------
[Detail]
3Йј РЬЙЬСі РќМл ПЯЗс
---------------------------------------------------------------------------

---------------------------------------------------------------------------
[09:28:33] [ CAM : 0 ] [СЄЛѓ] 
---------------------------------------------------------------------------
[Detail]
4Йј РЬЙЬСі РќМл ПЯЗс
---------------------------------------------------------------------------

---------------------------------------------------------------------------
[09:28:33] [ CAM : 0 ] [СЄЛѓ] 
---------------------------------------------------------------------------
[Detail]
УдПЕ НУФіНК ПЯЗс
---------------------------------------------------------------------------

---------------------------------------------------------------------------
[09:28:35] [ CAM : 0 ] [СЄЛѓ] 
---------------------------------------------------------------------------
[Detail]
ЙАУМ АЈСі - УдПЕ НУРл
---------------------------------------------------------------------------

---------------------------------------------------------------------------
[09:28:35] [ CAM : 0 ] [СЄЛѓ] 
---------------------------------------------------------------------------
[Detail]
1Йј РЬЙЬСі РќМл ПЯЗс
---------------------------------------------------------------------------

---------------------------------------------------------------------------
[09:28:35] [ CAM : 0 ] [СЄЛѓ] 
---------------------------------------------------------------------------
[Detail]
2Йј РЬЙЬСі РќМл ПЯЗс
---------------------------------------------------------------------------

---------------------------------------------------------------------------
[09:28:37] [ CAM : 0 ] [СЄЛѓ] 
---------------------------------------------------------------------------
[Detail]
3Йј РЬЙЬСі РќМл ПЯЗс
---------------------------------------------------------------------------

---------------------------------------------------------------------------
[09:28:37] [ CAM : 0 ] [СЄЛѓ] 
---------------------------------------------------------------------------
[Detail]
4Йј РЬЙЬСі РќМл ПЯЗс
---------------------------------------------------------------------------

---------------------------------------------------------------------------
[09:28:37] [ CAM : 0 ] [СЄЛѓ] 
---------------------------------------------------------------------------
[Detail]
УдПЕ НУФіНК ПЯЗс
---------------------------------------------------------------------------

---------------------------------------------------------------------------
[09:28:37] [ CAM : 0 ] [СЄЛѓ] 
---------------------------------------------------------------------------
[Detail]
ЙАУМ АЈСі - УдПЕ НУРл
---------------------------------------------------------------------------

---------------------------------------------------------------------------
[09:28:38] [ CAM : 0 ] [СЄЛѓ] 
---------------------------------------------------------------------------
[Detail]
1Йј РЬЙЬСі РќМл ПЯЗс
---------------------------------------------------------------------------

---------------------------------------------------------------------------
[09:28:38] [ CAM : 0 ] [СЄЛѓ] 
---------------------------------------------------------------------------
[Detail]
2Йј РЬЙЬСі РќМл ПЯЗс
---------------------------------------------------------------------------

---------------------------------------------------------------------------
[09:28:38] [ CAM : 0 ] [СЄЛѓ] 
---------------------------------------------------------------------------
[Detail]
3Йј РЬЙЬСі РќМл ПЯЗс
---------------------------------------------------------------------------

---------------------------------------------------------------------------
[09:28:38] [ CAM : 0 ] [СЄЛѓ] 
---------------------------------------------------------------------------
[Detail]
4Йј РЬЙЬСі РќМл ПЯЗс
---------------------------------------------------------------------------

---------------------------------------------------------------------------
[09:28:38] [ CAM : 0 ] [СЄЛѓ] 
---------------------------------------------------------------------------
[Detail]
УдПЕ НУФіНК ПЯЗс
---------------------------------------------------------------------------

---------------------------------------------------------------------------
[09:28:40] [ CAM : 0 ] [СЄЛѓ] 
---------------------------------------------------------------------------
[Detail]
ЙАУМ АЈСі - УдПЕ НУРл
---------------------------------------------------------------------------

---------------------------------------------------------------------------
[09:28:40] [ CAM : 0 ] [СЄЛѓ] 
---------------------------------------------------------------------------
[Detail]
1Йј РЬЙЬСі РќМл ПЯЗс
---------------------------------------------------------------------------

---------------------------------------------------------------------------
[09:28:41] [ CAM : 0 ] [СЄЛѓ] 
---------------------------------------------------------------------------
[Detail]
2Йј РЬЙЬСі РќМл ПЯЗс
---------------------------------------------------------------------------

---------------------------------------------------------------------------
[09:28:41] [ CAM : 0 ] [СЄЛѓ] 
---------------------------------------------------------------------------
[Detail]
3Йј РЬЙЬСі РќМл ПЯЗс
---------------------------------------------------------------------------

---------------------------------------------------------------------------
[09:28:41] [ CAM : 0 ] [СЄЛѓ] 
---------------------------------------------------------------------------
[Detail]
4Йј РЬЙЬСі РќМл ПЯЗс
---------------------------------------------------------------------------

---------------------------------------------------------------------------
[09:28:41] [ CAM : 0 ] [СЄЛѓ] 
---------------------------------------------------------------------------
[Detail]
УдПЕ НУФіНК ПЯЗс
---------------------------------------------------------------------------

---------------------------------------------------------------------------
[09:28:41] [ CAM : 0 ] [СЄЛѓ] 
---------------------------------------------------------------------------
[Detail]
ЙАУМ АЈСі - УдПЕ НУРл
---------------------------------------------------------------------------

---------------------------------------------------------------------------
[09:28:42] [ CAM : 0 ] [СЄЛѓ] 
---------------------------------------------------------------------------
[Detail]
1Йј РЬЙЬСі РќМл ПЯЗс
---------------------------------------------------------------------------

---------------------------------------------------------------------------
[09:28:42] [ CAM : 0 ] [СЄЛѓ] 
---------------------------------------------------------------------------
[Detail]
2Йј РЬЙЬСі РќМл ПЯЗс
---------------------------------------------------------------------------

---------------------------------------------------------------------------
[09:28:42] [ CAM : 0 ] [СЄЛѓ] 
---------------------------------------------------------------------------
[Detail]
3Йј РЬЙЬСі РќМл ПЯЗс
---------------------------------------------------------------------------

---------------------------------------------------------------------------
[09:28:42] [ CAM : 0 ] [СЄЛѓ] 
---------------------------------------------------------------------------
[Detail]
4Йј РЬЙЬСі РќМл ПЯЗс
---------------------------------------------------------------------------

---------------------------------------------------------------------------
[09:28:42] [ CAM : 0 ] [СЄЛѓ] 
---------------------------------------------------------------------------
[Detail]
УдПЕ НУФіНК ПЯЗс
---------------------------------------------------------------------------

