---------------------------------------------------------------------------
[10:32:40] [ CAM : 0 ] [[ SetInteger ]
] 
---------------------------------------------------------------------------
[Detail]
Value = 0 must be equal or greater than Min = 32.
---------------------------------------------------------------------------

---------------------------------------------------------------------------
[10:32:40] [ CAM : 0 ] [[ SetInteger ]
] 
---------------------------------------------------------------------------
[Detail]
Value = 0 must be equal or greater than Min = 1.
---------------------------------------------------------------------------

---------------------------------------------------------------------------
[10:32:41] [ CAM : 0 ] [정상] 
---------------------------------------------------------------------------
[Detail]
[일반] 1번 전송 완료
---------------------------------------------------------------------------

---------------------------------------------------------------------------
[10:32:41] [ CAM : 0 ] [정상] 
---------------------------------------------------------------------------
[Detail]
[일반] 2번 전송 완료
---------------------------------------------------------------------------

---------------------------------------------------------------------------
[10:32:42] [ CAM : 0 ] [정상] 
---------------------------------------------------------------------------
[Detail]
[일반] 3번 전송 완료
---------------------------------------------------------------------------

---------------------------------------------------------------------------
[10:32:42] [ CAM : 0 ] [정상] 
---------------------------------------------------------------------------
[Detail]
[일반] 4번 전송 완료
---------------------------------------------------------------------------

---------------------------------------------------------------------------
[10:32:42] [ CAM : 0 ] [정상] 
---------------------------------------------------------------------------
[Detail]
[일반] 5번 전송 완료
---------------------------------------------------------------------------

---------------------------------------------------------------------------
[10:32:42] [ CAM : 0 ] [정상] 
---------------------------------------------------------------------------
[Detail]
[일반] 6번 전송 완료
---------------------------------------------------------------------------

---------------------------------------------------------------------------
[10:32:43] [ CAM : 0 ] [정상] 
---------------------------------------------------------------------------
[Detail]
[일반] 7번 전송 완료
---------------------------------------------------------------------------

---------------------------------------------------------------------------
[10:32:43] [ CAM : 0 ] [정상] 
---------------------------------------------------------------------------
[Detail]
[일반] 8번 전송 완료
---------------------------------------------------------------------------

---------------------------------------------------------------------------
[10:32:43] [ CAM : 0 ] [정상] 
---------------------------------------------------------------------------
[Detail]
[일반] 9번 전송 완료
---------------------------------------------------------------------------

---------------------------------------------------------------------------
[10:32:43] [ CAM : 0 ] [정상] 
---------------------------------------------------------------------------
[Detail]
[일반] 10번 전송 완료
---------------------------------------------------------------------------

---------------------------------------------------------------------------
[10:32:44] [ CAM : 0 ] [정상] 
---------------------------------------------------------------------------
[Detail]
[일반] 11번 전송 완료
---------------------------------------------------------------------------

---------------------------------------------------------------------------
[10:32:44] [ CAM : 0 ] [정상] 
---------------------------------------------------------------------------
[Detail]
[일반] 12번 전송 완료
---------------------------------------------------------------------------

---------------------------------------------------------------------------
[10:32:44] [ CAM : 0 ] [정상] 
---------------------------------------------------------------------------
[Detail]
[일반] 13번 전송 완료
---------------------------------------------------------------------------

---------------------------------------------------------------------------
[10:32:44] [ CAM : 0 ] [정상] 
---------------------------------------------------------------------------
[Detail]
[일반] 14번 전송 완료
---------------------------------------------------------------------------

---------------------------------------------------------------------------
[10:32:45] [ CAM : 0 ] [정상] 
---------------------------------------------------------------------------
[Detail]
[일반] 15번 전송 완료
---------------------------------------------------------------------------

---------------------------------------------------------------------------
[10:32:45] [ CAM : 0 ] [정상] 
---------------------------------------------------------------------------
[Detail]
[일반] 16번 전송 완료
---------------------------------------------------------------------------

---------------------------------------------------------------------------
[10:32:45] [ CAM : 0 ] [정상] 
---------------------------------------------------------------------------
[Detail]
[일반] 17번 전송 완료
---------------------------------------------------------------------------

---------------------------------------------------------------------------
[10:32:45] [ CAM : 0 ] [정상] 
---------------------------------------------------------------------------
[Detail]
[일반] 18번 전송 완료
---------------------------------------------------------------------------

---------------------------------------------------------------------------
[10:32:46] [ CAM : 0 ] [정상] 
---------------------------------------------------------------------------
[Detail]
[일반] 19번 전송 완료
---------------------------------------------------------------------------

---------------------------------------------------------------------------
[10:32:46] [ CAM : 0 ] [정상] 
---------------------------------------------------------------------------
[Detail]
[일반] 20번 전송 완료
---------------------------------------------------------------------------

---------------------------------------------------------------------------
[10:32:46] [ CAM : 0 ] [정상] 
---------------------------------------------------------------------------
[Detail]
[일반] 21번 전송 완료
---------------------------------------------------------------------------

---------------------------------------------------------------------------
[10:32:46] [ CAM : 0 ] [정상] 
---------------------------------------------------------------------------
[Detail]
[일반] 22번 전송 완료
---------------------------------------------------------------------------

---------------------------------------------------------------------------
[10:32:47] [ CAM : 0 ] [정상] 
---------------------------------------------------------------------------
[Detail]
[일반] 23번 전송 완료
---------------------------------------------------------------------------

---------------------------------------------------------------------------
[10:32:47] [ CAM : 0 ] [정상] 
---------------------------------------------------------------------------
[Detail]
[일반] 24번 전송 완료
---------------------------------------------------------------------------

---------------------------------------------------------------------------
[10:32:47] [ CAM : 0 ] [정상] 
---------------------------------------------------------------------------
[Detail]
[일반] 25번 전송 완료
---------------------------------------------------------------------------

---------------------------------------------------------------------------
[10:32:47] [ CAM : 0 ] [정상] 
---------------------------------------------------------------------------
[Detail]
[일반] 26번 전송 완료
---------------------------------------------------------------------------

---------------------------------------------------------------------------
[10:32:48] [ CAM : 0 ] [정상] 
---------------------------------------------------------------------------
[Detail]
[일반] 27번 전송 완료
---------------------------------------------------------------------------

---------------------------------------------------------------------------
[10:32:48] [ CAM : 0 ] [정상] 
---------------------------------------------------------------------------
[Detail]
[일반] 28번 전송 완료
---------------------------------------------------------------------------

---------------------------------------------------------------------------
[10:32:48] [ CAM : 0 ] [정상] 
---------------------------------------------------------------------------
[Detail]
[일반] 29번 전송 완료
---------------------------------------------------------------------------

---------------------------------------------------------------------------
[10:32:48] [ CAM : 0 ] [정상] 
---------------------------------------------------------------------------
[Detail]
[일반] 30번 전송 완료
---------------------------------------------------------------------------

---------------------------------------------------------------------------
[10:32:49] [ CAM : 0 ] [정상] 
---------------------------------------------------------------------------
[Detail]
[일반] 31번 전송 완료
---------------------------------------------------------------------------

---------------------------------------------------------------------------
[10:32:49] [ CAM : 0 ] [정상] 
---------------------------------------------------------------------------
[Detail]
[일반] 32번 전송 완료
---------------------------------------------------------------------------

---------------------------------------------------------------------------
[10:32:49] [ CAM : 0 ] [정상] 
---------------------------------------------------------------------------
[Detail]
[일반] 33번 전송 완료
---------------------------------------------------------------------------

---------------------------------------------------------------------------
[10:32:49] [ CAM : 0 ] [정상] 
---------------------------------------------------------------------------
[Detail]
[일반] 34번 전송 완료
---------------------------------------------------------------------------

---------------------------------------------------------------------------
[10:32:50] [ CAM : 0 ] [정상] 
---------------------------------------------------------------------------
[Detail]
[일반] 35번 전송 완료
---------------------------------------------------------------------------

---------------------------------------------------------------------------
[10:32:50] [ CAM : 0 ] [정상] 
---------------------------------------------------------------------------
[Detail]
[일반] 36번 전송 완료
---------------------------------------------------------------------------

---------------------------------------------------------------------------
[10:32:50] [ CAM : 0 ] [정상] 
---------------------------------------------------------------------------
[Detail]
[일반] 37번 전송 완료
---------------------------------------------------------------------------

---------------------------------------------------------------------------
[10:32:50] [ CAM : 0 ] [정상] 
---------------------------------------------------------------------------
[Detail]
[일반] 38번 전송 완료
---------------------------------------------------------------------------

---------------------------------------------------------------------------
[10:32:51] [ CAM : 0 ] [정상] 
---------------------------------------------------------------------------
[Detail]
[일반] 39번 전송 완료
---------------------------------------------------------------------------

---------------------------------------------------------------------------
[10:32:51] [ CAM : 0 ] [정상] 
---------------------------------------------------------------------------
[Detail]
[일반] 40번 전송 완료
---------------------------------------------------------------------------

---------------------------------------------------------------------------
[10:32:51] [ CAM : 0 ] [정상] 
---------------------------------------------------------------------------
[Detail]
[일반] 41번 전송 완료
---------------------------------------------------------------------------

---------------------------------------------------------------------------
[10:32:51] [ CAM : 0 ] [정상] 
---------------------------------------------------------------------------
[Detail]
[일반] 42번 전송 완료
---------------------------------------------------------------------------

---------------------------------------------------------------------------
[10:32:52] [ CAM : 0 ] [정상] 
---------------------------------------------------------------------------
[Detail]
[일반] 43번 전송 완료
---------------------------------------------------------------------------

---------------------------------------------------------------------------
[10:32:52] [ CAM : 0 ] [정상] 
---------------------------------------------------------------------------
[Detail]
[일반] 44번 전송 완료
---------------------------------------------------------------------------

---------------------------------------------------------------------------
[10:32:52] [ CAM : 0 ] [정상] 
---------------------------------------------------------------------------
[Detail]
[일반] 45번 전송 완료
---------------------------------------------------------------------------

---------------------------------------------------------------------------
[10:32:52] [ CAM : 0 ] [정상] 
---------------------------------------------------------------------------
[Detail]
[일반] 46번 전송 완료
---------------------------------------------------------------------------

---------------------------------------------------------------------------
[10:32:53] [ CAM : 0 ] [정상] 
---------------------------------------------------------------------------
[Detail]
[일반] 47번 전송 완료
---------------------------------------------------------------------------

---------------------------------------------------------------------------
[10:32:53] [ CAM : 0 ] [정상] 
---------------------------------------------------------------------------
[Detail]
[일반] 48번 전송 완료
---------------------------------------------------------------------------

---------------------------------------------------------------------------
[10:32:53] [ CAM : 0 ] [정상] 
---------------------------------------------------------------------------
[Detail]
[일반] 49번 전송 완료
---------------------------------------------------------------------------

---------------------------------------------------------------------------
[10:32:53] [ CAM : 0 ] [정상] 
---------------------------------------------------------------------------
[Detail]
[일반] 50번 전송 완료
---------------------------------------------------------------------------

---------------------------------------------------------------------------
[10:32:54] [ CAM : 0 ] [정상] 
---------------------------------------------------------------------------
[Detail]
[일반] 51번 전송 완료
---------------------------------------------------------------------------

---------------------------------------------------------------------------
[10:32:54] [ CAM : 0 ] [정상] 
---------------------------------------------------------------------------
[Detail]
[일반] 52번 전송 완료
---------------------------------------------------------------------------

---------------------------------------------------------------------------
[10:32:54] [ CAM : 0 ] [정상] 
---------------------------------------------------------------------------
[Detail]
[일반] 53번 전송 완료
---------------------------------------------------------------------------

---------------------------------------------------------------------------
[10:32:54] [ CAM : 0 ] [정상] 
---------------------------------------------------------------------------
[Detail]
[일반] 54번 전송 완료
---------------------------------------------------------------------------

---------------------------------------------------------------------------
[10:32:55] [ CAM : 0 ] [정상] 
---------------------------------------------------------------------------
[Detail]
[일반] 55번 전송 완료
---------------------------------------------------------------------------

---------------------------------------------------------------------------
[10:32:55] [ CAM : 0 ] [정상] 
---------------------------------------------------------------------------
[Detail]
[일반] 56번 전송 완료
---------------------------------------------------------------------------

---------------------------------------------------------------------------
[10:32:55] [ CAM : 0 ] [정상] 
---------------------------------------------------------------------------
[Detail]
[일반] 57번 전송 완료
---------------------------------------------------------------------------

---------------------------------------------------------------------------
[10:32:55] [ CAM : 0 ] [정상] 
---------------------------------------------------------------------------
[Detail]
[일반] 58번 전송 완료
---------------------------------------------------------------------------

---------------------------------------------------------------------------
[10:32:56] [ CAM : 0 ] [정상] 
---------------------------------------------------------------------------
[Detail]
[일반] 59번 전송 완료
---------------------------------------------------------------------------

---------------------------------------------------------------------------
[10:32:56] [ CAM : 0 ] [정상] 
---------------------------------------------------------------------------
[Detail]
[일반] 60번 전송 완료
---------------------------------------------------------------------------

---------------------------------------------------------------------------
[10:32:56] [ CAM : 0 ] [정상] 
---------------------------------------------------------------------------
[Detail]
[일반] 61번 전송 완료
---------------------------------------------------------------------------

---------------------------------------------------------------------------
[10:32:56] [ CAM : 0 ] [정상] 
---------------------------------------------------------------------------
[Detail]
[일반] 62번 전송 완료
---------------------------------------------------------------------------

---------------------------------------------------------------------------
[10:32:57] [ CAM : 0 ] [정상] 
---------------------------------------------------------------------------
[Detail]
[일반] 63번 전송 완료
---------------------------------------------------------------------------

---------------------------------------------------------------------------
[10:32:57] [ CAM : 0 ] [정상] 
---------------------------------------------------------------------------
[Detail]
[일반] 64번 전송 완료
---------------------------------------------------------------------------

---------------------------------------------------------------------------
[10:32:57] [ CAM : 0 ] [정상] 
---------------------------------------------------------------------------
[Detail]
[일반] 65번 전송 완료
---------------------------------------------------------------------------

---------------------------------------------------------------------------
[10:32:57] [ CAM : 0 ] [정상] 
---------------------------------------------------------------------------
[Detail]
[일반] 66번 전송 완료
---------------------------------------------------------------------------

---------------------------------------------------------------------------
[10:32:58] [ CAM : 0 ] [정상] 
---------------------------------------------------------------------------
[Detail]
[일반] 67번 전송 완료
---------------------------------------------------------------------------

---------------------------------------------------------------------------
[10:32:58] [ CAM : 0 ] [정상] 
---------------------------------------------------------------------------
[Detail]
[일반] 68번 전송 완료
---------------------------------------------------------------------------

---------------------------------------------------------------------------
[10:32:58] [ CAM : 0 ] [정상] 
---------------------------------------------------------------------------
[Detail]
[일반] 69번 전송 완료
---------------------------------------------------------------------------

---------------------------------------------------------------------------
[10:32:58] [ CAM : 0 ] [정상] 
---------------------------------------------------------------------------
[Detail]
[일반] 70번 전송 완료
---------------------------------------------------------------------------

---------------------------------------------------------------------------
[10:32:59] [ CAM : 0 ] [정상] 
---------------------------------------------------------------------------
[Detail]
[일반] 71번 전송 완료
---------------------------------------------------------------------------

---------------------------------------------------------------------------
[10:32:59] [ CAM : 0 ] [정상] 
---------------------------------------------------------------------------
[Detail]
[일반] 72번 전송 완료
---------------------------------------------------------------------------

---------------------------------------------------------------------------
[10:32:59] [ CAM : 0 ] [정상] 
---------------------------------------------------------------------------
[Detail]
[일반] 73번 전송 완료
---------------------------------------------------------------------------

---------------------------------------------------------------------------
[10:32:59] [ CAM : 0 ] [정상] 
---------------------------------------------------------------------------
[Detail]
[일반] 74번 전송 완료
---------------------------------------------------------------------------

---------------------------------------------------------------------------
[10:33:00] [ CAM : 0 ] [정상] 
---------------------------------------------------------------------------
[Detail]
[일반] 75번 전송 완료
---------------------------------------------------------------------------

---------------------------------------------------------------------------
[10:33:00] [ CAM : 0 ] [정상] 
---------------------------------------------------------------------------
[Detail]
[일반] 76번 전송 완료
---------------------------------------------------------------------------

---------------------------------------------------------------------------
[10:33:00] [ CAM : 0 ] [정상] 
---------------------------------------------------------------------------
[Detail]
[일반] 77번 전송 완료
---------------------------------------------------------------------------

---------------------------------------------------------------------------
[10:33:00] [ CAM : 0 ] [정상] 
---------------------------------------------------------------------------
[Detail]
[일반] 78번 전송 완료
---------------------------------------------------------------------------

---------------------------------------------------------------------------
[10:33:01] [ CAM : 0 ] [정상] 
---------------------------------------------------------------------------
[Detail]
[일반] 79번 전송 완료
---------------------------------------------------------------------------

---------------------------------------------------------------------------
[10:33:01] [ CAM : 0 ] [정상] 
---------------------------------------------------------------------------
[Detail]
[일반] 80번 전송 완료
---------------------------------------------------------------------------

---------------------------------------------------------------------------
[10:33:01] [ CAM : 0 ] [정상] 
---------------------------------------------------------------------------
[Detail]
[일반] 81번 전송 완료
---------------------------------------------------------------------------

---------------------------------------------------------------------------
[10:33:01] [ CAM : 0 ] [정상] 
---------------------------------------------------------------------------
[Detail]
[일반] 82번 전송 완료
---------------------------------------------------------------------------

---------------------------------------------------------------------------
[10:33:02] [ CAM : 0 ] [정상] 
---------------------------------------------------------------------------
[Detail]
[일반] 83번 전송 완료
---------------------------------------------------------------------------

---------------------------------------------------------------------------
[10:33:02] [ CAM : 0 ] [정상] 
---------------------------------------------------------------------------
[Detail]
[일반] 84번 전송 완료
---------------------------------------------------------------------------

---------------------------------------------------------------------------
[10:33:02] [ CAM : 0 ] [정상] 
---------------------------------------------------------------------------
[Detail]
[일반] 85번 전송 완료
---------------------------------------------------------------------------

---------------------------------------------------------------------------
[10:33:02] [ CAM : 0 ] [정상] 
---------------------------------------------------------------------------
[Detail]
[일반] 86번 전송 완료
---------------------------------------------------------------------------

---------------------------------------------------------------------------
[10:33:03] [ CAM : 0 ] [정상] 
---------------------------------------------------------------------------
[Detail]
[일반] 87번 전송 완료
---------------------------------------------------------------------------

---------------------------------------------------------------------------
[10:33:03] [ CAM : 0 ] [정상] 
---------------------------------------------------------------------------
[Detail]
[일반] 88번 전송 완료
---------------------------------------------------------------------------

---------------------------------------------------------------------------
[10:33:03] [ CAM : 0 ] [정상] 
---------------------------------------------------------------------------
[Detail]
[일반] 89번 전송 완료
---------------------------------------------------------------------------

