---------------------------------------------------------------------------
[09:46:24] [ CAM : 0 ] [[ SetInteger ]
] 
---------------------------------------------------------------------------
[Detail]
Value = 0 must be equal or greater than Min = 32.
---------------------------------------------------------------------------

---------------------------------------------------------------------------
[09:46:24] [ CAM : 0 ] [[ SetInteger ]
] 
---------------------------------------------------------------------------
[Detail]
Value = 0 must be equal or greater than Min = 1.
---------------------------------------------------------------------------

---------------------------------------------------------------------------
[09:46:27] [ CAM : 0 ] [정상] 
---------------------------------------------------------------------------
[Detail]
1번 이미지 전송 완료
---------------------------------------------------------------------------

---------------------------------------------------------------------------
[09:46:27] [ CAM : 0 ] [정상] 
---------------------------------------------------------------------------
[Detail]
촬영 시퀀스 완료
---------------------------------------------------------------------------

---------------------------------------------------------------------------
[09:46:29] [ CAM : 0 ] [알림] 
---------------------------------------------------------------------------
[Detail]
수동 재분류 요청을 보냈습니다.
---------------------------------------------------------------------------

---------------------------------------------------------------------------
[09:46:29] [ CAM : 0 ] [정상] 
---------------------------------------------------------------------------
[Detail]
전송 성공 (CMD:2, Shot:1)
---------------------------------------------------------------------------

