---------------------------------------------------------------------------
[09:42:31] [ CAM : 0 ] [[ SetInteger ]
] 
---------------------------------------------------------------------------
[Detail]
Value = 0 must be equal or greater than Min = 32.
---------------------------------------------------------------------------

---------------------------------------------------------------------------
[09:42:31] [ CAM : 0 ] [[ SetInteger ]
] 
---------------------------------------------------------------------------
[Detail]
Value = 0 must be equal or greater than Min = 1.
---------------------------------------------------------------------------

---------------------------------------------------------------------------
[09:42:39] [ CAM : 0 ] [СЄЛѓ] 
---------------------------------------------------------------------------
[Detail]
1Йј РЬЙЬСі РќМл ПЯЗс
---------------------------------------------------------------------------

---------------------------------------------------------------------------
[09:42:39] [ CAM : 0 ] [СЄЛѓ] 
---------------------------------------------------------------------------
[Detail]
УдПЕ НУФіНК ПЯЗс
---------------------------------------------------------------------------

---------------------------------------------------------------------------
[09:42:45] [ CAM : 0 ] [СЄЛѓ] 
---------------------------------------------------------------------------
[Detail]
ЙАУМ АЈСі - УдПЕ НУРл
---------------------------------------------------------------------------

---------------------------------------------------------------------------
[09:42:45] [ CAM : 0 ] [СЄЛѓ] 
---------------------------------------------------------------------------
[Detail]
1Йј РЬЙЬСі РќМл ПЯЗс
---------------------------------------------------------------------------

---------------------------------------------------------------------------
[09:42:45] [ CAM : 0 ] [СЄЛѓ] 
---------------------------------------------------------------------------
[Detail]
2Йј РЬЙЬСі РќМл ПЯЗс
---------------------------------------------------------------------------

---------------------------------------------------------------------------
[09:42:46] [ CAM : 0 ] [СЄЛѓ] 
---------------------------------------------------------------------------
[Detail]
3Йј РЬЙЬСі РќМл ПЯЗс
---------------------------------------------------------------------------

---------------------------------------------------------------------------
[09:42:46] [ CAM : 0 ] [СЄЛѓ] 
---------------------------------------------------------------------------
[Detail]
4Йј РЬЙЬСі РќМл ПЯЗс
---------------------------------------------------------------------------

---------------------------------------------------------------------------
[09:42:46] [ CAM : 0 ] [СЄЛѓ] 
---------------------------------------------------------------------------
[Detail]
УдПЕ НУФіНК ПЯЗс
---------------------------------------------------------------------------

---------------------------------------------------------------------------
[09:42:46] [ CAM : 0 ] [СЄЛѓ] 
---------------------------------------------------------------------------
[Detail]
ЙАУМ АЈСі - УдПЕ НУРл
---------------------------------------------------------------------------

---------------------------------------------------------------------------
[09:42:46] [ CAM : 0 ] [СЄЛѓ] 
---------------------------------------------------------------------------
[Detail]
1Йј РЬЙЬСі РќМл ПЯЗс
---------------------------------------------------------------------------

---------------------------------------------------------------------------
[09:42:46] [ CAM : 0 ] [СЄЛѓ] 
---------------------------------------------------------------------------
[Detail]
2Йј РЬЙЬСі РќМл ПЯЗс
---------------------------------------------------------------------------

---------------------------------------------------------------------------
[09:42:47] [ CAM : 0 ] [СЄЛѓ] 
---------------------------------------------------------------------------
[Detail]
3Йј РЬЙЬСі РќМл ПЯЗс
---------------------------------------------------------------------------

---------------------------------------------------------------------------
[09:42:47] [ CAM : 0 ] [СЄЛѓ] 
---------------------------------------------------------------------------
[Detail]
4Йј РЬЙЬСі РќМл ПЯЗс
---------------------------------------------------------------------------

---------------------------------------------------------------------------
[09:42:47] [ CAM : 0 ] [СЄЛѓ] 
---------------------------------------------------------------------------
[Detail]
УдПЕ НУФіНК ПЯЗс
---------------------------------------------------------------------------

---------------------------------------------------------------------------
[09:42:49] [ CAM : 0 ] [ОЫИВ] 
---------------------------------------------------------------------------
[Detail]
МіЕП РчКаЗљ ПфУЛРЛ КИГТНРДЯДй.
---------------------------------------------------------------------------

---------------------------------------------------------------------------
[09:42:49] [ CAM : 0 ] [СЄЛѓ] 
---------------------------------------------------------------------------
[Detail]
РќМл МКАј (CMD:2, Shot:1)
---------------------------------------------------------------------------

