[20:26:05] [ CAM : 0 ] [[ SetInteger ]
] Value = 0 must be equal or greater than Min = 32.
[20:26:05] [ CAM : 0 ] [[ SetInteger ]
] Value = 0 must be equal or greater than Min = 1.
[20:26:07] [ CAM : 0 ] [정상] 8장 촬영 및 전송 완료
[20:26:10] [ CAM : 0 ] [알림] 새로운 물체 감지 - 8장 촬영 시작
[20:26:12] [ CAM : 0 ] [정상] 8장 촬영 및 전송 완료
[20:26:12] [ CAM : 0 ] [에러] 서버 판정 데이터 처리 중 알 수 없는 오류
[20:26:13] [ CAM : 0 ] [에러] 서버 판정 데이터 처리 중 알 수 없는 오류
[20:26:15] [ CAM : 0 ] [알림] 새로운 물체 감지 - 8장 촬영 시작
[20:26:16] [ CAM : 0 ] [정상] 8장 촬영 및 전송 완료
[20:26:16] [ CAM : 0 ] [에러] 서버 판정 데이터 처리 중 알 수 없는 오류
[20:26:19] [ CAM : 0 ] [알림] 새로운 물체 감지 - 8장 촬영 시작
[20:26:21] [ CAM : 0 ] [정상] 8장 촬영 및 전송 완료
[20:26:21] [ CAM : 0 ] [에러] 서버 판정 데이터 처리 중 알 수 없는 오류
[20:26:23] [ CAM : 0 ] [알림] 새로운 물체 감지 - 8장 촬영 시작
[20:26:25] [ CAM : 0 ] [정상] 8장 촬영 및 전송 완료
[20:26:25] [ CAM : 0 ] [에러] 서버 판정 데이터 처리 중 알 수 없는 오류
[20:26:27] [ CAM : 0 ] [알림] 새로운 물체 감지 - 8장 촬영 시작
[20:26:29] [ CAM : 0 ] [정상] 8장 촬영 및 전송 완료
[20:26:29] [ CAM : 0 ] [에러] 서버 판정 데이터 처리 중 알 수 없는 오류
[20:26:32] [ CAM : 0 ] [알림] 새로운 물체 감지 - 8장 촬영 시작
[20:26:33] [ CAM : 0 ] [정상] 8장 촬영 및 전송 완료
[20:26:33] [ CAM : 0 ] [에러] 서버 판정 데이터 처리 중 알 수 없는 오류
[20:26:35] [ CAM : 0 ] [알림] 운영 모드: UNCERTAIN 재분류
[20:26:36] [ CAM : 0 ] [알림] 새로운 물체 감지 - 8장 촬영 시작
[20:26:38] [ CAM : 0 ] [정상] 8장 촬영 및 전송 완료
[20:26:38] [ CAM : 0 ] [에러] 서버 판정 데이터 처리 중 알 수 없는 오류
[20:26:40] [ CAM : 0 ] [알림] 새로운 물체 감지 - 8장 촬영 시작
[20:26:42] [ CAM : 0 ] [정상] 8장 촬영 및 전송 완료
[20:26:42] [ CAM : 0 ] [에러] 서버 판정 데이터 처리 중 알 수 없는 오류
[20:26:45] [ CAM : 0 ] [알림] 새로운 물체 감지 - 8장 촬영 시작
[20:26:45] [ CAM : 0 ] [알림] 운영 모드: 실시간 검출
[20:26:46] [ CAM : 0 ] [정상] 8장 촬영 및 전송 완료
[20:26:46] [ CAM : 0 ] [에러] 서버 판정 데이터 처리 중 알 수 없는 오류
[20:26:49] [ CAM : 0 ] [알림] 새로운 물체 감지 - 8장 촬영 시작
[20:26:51] [ CAM : 0 ] [정상] 8장 촬영 및 전송 완료
[20:26:51] [ CAM : 0 ] [에러] 서버 판정 데이터 처리 중 알 수 없는 오류
[20:26:53] [ CAM : 0 ] [알림] 새로운 물체 감지 - 8장 촬영 시작
[20:26:55] [ CAM : 0 ] [정상] 8장 촬영 및 전송 완료
[20:26:55] [ CAM : 0 ] [에러] 서버 판정 데이터 처리 중 알 수 없는 오류
