---------------------------------------------------------------------------
[10:49:24] [ CAM : 0 ] [[ SetInteger ]
] 
---------------------------------------------------------------------------
[Detail]
Value = 0 must be equal or greater than Min = 32.
---------------------------------------------------------------------------

---------------------------------------------------------------------------
[10:49:24] [ CAM : 0 ] [[ SetInteger ]
] 
---------------------------------------------------------------------------
[Detail]
Value = 0 must be equal or greater than Min = 1.
---------------------------------------------------------------------------

---------------------------------------------------------------------------
[10:49:28] [ CAM : 0 ] [정상] 
---------------------------------------------------------------------------
[Detail]
물체 감지 - 촬영 시작
---------------------------------------------------------------------------

---------------------------------------------------------------------------
[10:49:28] [ CAM : 0 ] [정상] 
---------------------------------------------------------------------------
[Detail]
[일반] 1번 전송 완료
---------------------------------------------------------------------------

---------------------------------------------------------------------------
[10:49:29] [ CAM : 0 ] [정상] 
---------------------------------------------------------------------------
[Detail]
[일반] 2번 전송 완료
---------------------------------------------------------------------------

---------------------------------------------------------------------------
[10:49:29] [ CAM : 0 ] [정상] 
---------------------------------------------------------------------------
[Detail]
[일반] 3번 전송 완료
---------------------------------------------------------------------------

---------------------------------------------------------------------------
[10:49:29] [ CAM : 0 ] [정상] 
---------------------------------------------------------------------------
[Detail]
[일반] 4번 전송 완료
---------------------------------------------------------------------------

---------------------------------------------------------------------------
[10:49:29] [ CAM : 0 ] [정상] 
---------------------------------------------------------------------------
[Detail]
촬영 시퀀스 완료
---------------------------------------------------------------------------

---------------------------------------------------------------------------
[10:49:29] [ CAM : 0 ] [정상] 
---------------------------------------------------------------------------
[Detail]
물체 감지 - 촬영 시작
---------------------------------------------------------------------------

---------------------------------------------------------------------------
[10:49:29] [ CAM : 0 ] [정상] 
---------------------------------------------------------------------------
[Detail]
[일반] 1번 전송 완료
---------------------------------------------------------------------------

---------------------------------------------------------------------------
[10:49:30] [ CAM : 0 ] [정상] 
---------------------------------------------------------------------------
[Detail]
[일반] 2번 전송 완료
---------------------------------------------------------------------------

---------------------------------------------------------------------------
[10:49:30] [ CAM : 0 ] [정상] 
---------------------------------------------------------------------------
[Detail]
[일반] 3번 전송 완료
---------------------------------------------------------------------------

---------------------------------------------------------------------------
[10:49:30] [ CAM : 0 ] [정상] 
---------------------------------------------------------------------------
[Detail]
[일반] 4번 전송 완료
---------------------------------------------------------------------------

---------------------------------------------------------------------------
[10:49:30] [ CAM : 0 ] [정상] 
---------------------------------------------------------------------------
[Detail]
촬영 시퀀스 완료
---------------------------------------------------------------------------

---------------------------------------------------------------------------
[10:49:30] [ CAM : 0 ] [정상] 
---------------------------------------------------------------------------
[Detail]
물체 감지 - 촬영 시작
---------------------------------------------------------------------------

---------------------------------------------------------------------------
[10:49:30] [ CAM : 0 ] [정상] 
---------------------------------------------------------------------------
[Detail]
[일반] 1번 전송 완료
---------------------------------------------------------------------------

---------------------------------------------------------------------------
[10:49:31] [ CAM : 0 ] [정상] 
---------------------------------------------------------------------------
[Detail]
[일반] 2번 전송 완료
---------------------------------------------------------------------------

---------------------------------------------------------------------------
[10:49:31] [ CAM : 0 ] [정상] 
---------------------------------------------------------------------------
[Detail]
[일반] 3번 전송 완료
---------------------------------------------------------------------------

---------------------------------------------------------------------------
[10:49:31] [ CAM : 0 ] [정상] 
---------------------------------------------------------------------------
[Detail]
[일반] 4번 전송 완료
---------------------------------------------------------------------------

---------------------------------------------------------------------------
[10:49:31] [ CAM : 0 ] [정상] 
---------------------------------------------------------------------------
[Detail]
촬영 시퀀스 완료
---------------------------------------------------------------------------

---------------------------------------------------------------------------
[10:49:57] [ CAM : 0 ] [정상] 
---------------------------------------------------------------------------
[Detail]
물체 감지 - 촬영 시작
---------------------------------------------------------------------------

---------------------------------------------------------------------------
[10:49:57] [ CAM : 0 ] [정상] 
---------------------------------------------------------------------------
[Detail]
[일반] 1번 전송 완료
---------------------------------------------------------------------------

---------------------------------------------------------------------------
[10:49:58] [ CAM : 0 ] [정상] 
---------------------------------------------------------------------------
[Detail]
[일반] 2번 전송 완료
---------------------------------------------------------------------------

---------------------------------------------------------------------------
[10:49:58] [ CAM : 0 ] [정상] 
---------------------------------------------------------------------------
[Detail]
[일반] 3번 전송 완료
---------------------------------------------------------------------------

---------------------------------------------------------------------------
[10:49:58] [ CAM : 0 ] [정상] 
---------------------------------------------------------------------------
[Detail]
[일반] 4번 전송 완료
---------------------------------------------------------------------------

---------------------------------------------------------------------------
[10:49:58] [ CAM : 0 ] [정상] 
---------------------------------------------------------------------------
[Detail]
촬영 시퀀스 완료
---------------------------------------------------------------------------

---------------------------------------------------------------------------
[10:49:58] [ CAM : 0 ] [정상] 
---------------------------------------------------------------------------
[Detail]
물체 감지 - 촬영 시작
---------------------------------------------------------------------------

---------------------------------------------------------------------------
[10:49:58] [ CAM : 0 ] [정상] 
---------------------------------------------------------------------------
[Detail]
[일반] 1번 전송 완료
---------------------------------------------------------------------------

---------------------------------------------------------------------------
[10:49:59] [ CAM : 0 ] [정상] 
---------------------------------------------------------------------------
[Detail]
[일반] 2번 전송 완료
---------------------------------------------------------------------------

---------------------------------------------------------------------------
[10:49:59] [ CAM : 0 ] [정상] 
---------------------------------------------------------------------------
[Detail]
[일반] 3번 전송 완료
---------------------------------------------------------------------------

---------------------------------------------------------------------------
[10:49:59] [ CAM : 0 ] [정상] 
---------------------------------------------------------------------------
[Detail]
[일반] 4번 전송 완료
---------------------------------------------------------------------------

---------------------------------------------------------------------------
[10:49:59] [ CAM : 0 ] [정상] 
---------------------------------------------------------------------------
[Detail]
촬영 시퀀스 완료
---------------------------------------------------------------------------

---------------------------------------------------------------------------
[10:50:19] [ CAM : 0 ] [정상] 
---------------------------------------------------------------------------
[Detail]
물체 감지 - 촬영 시작
---------------------------------------------------------------------------

---------------------------------------------------------------------------
[10:50:19] [ CAM : 0 ] [정상] 
---------------------------------------------------------------------------
[Detail]
[일반] 1번 전송 완료
---------------------------------------------------------------------------

---------------------------------------------------------------------------
[10:50:20] [ CAM : 0 ] [정상] 
---------------------------------------------------------------------------
[Detail]
[일반] 2번 전송 완료
---------------------------------------------------------------------------

---------------------------------------------------------------------------
[10:50:20] [ CAM : 0 ] [정상] 
---------------------------------------------------------------------------
[Detail]
[일반] 3번 전송 완료
---------------------------------------------------------------------------

---------------------------------------------------------------------------
[10:50:20] [ CAM : 0 ] [정상] 
---------------------------------------------------------------------------
[Detail]
[일반] 4번 전송 완료
---------------------------------------------------------------------------

---------------------------------------------------------------------------
[10:50:20] [ CAM : 0 ] [정상] 
---------------------------------------------------------------------------
[Detail]
촬영 시퀀스 완료
---------------------------------------------------------------------------

---------------------------------------------------------------------------
[10:50:20] [ CAM : 0 ] [정상] 
---------------------------------------------------------------------------
[Detail]
물체 감지 - 촬영 시작
---------------------------------------------------------------------------

---------------------------------------------------------------------------
[10:50:20] [ CAM : 0 ] [정상] 
---------------------------------------------------------------------------
[Detail]
[일반] 1번 전송 완료
---------------------------------------------------------------------------

---------------------------------------------------------------------------
[10:50:21] [ CAM : 0 ] [정상] 
---------------------------------------------------------------------------
[Detail]
[일반] 2번 전송 완료
---------------------------------------------------------------------------

---------------------------------------------------------------------------
[10:50:21] [ CAM : 0 ] [정상] 
---------------------------------------------------------------------------
[Detail]
[일반] 3번 전송 완료
---------------------------------------------------------------------------

---------------------------------------------------------------------------
[10:50:21] [ CAM : 0 ] [정상] 
---------------------------------------------------------------------------
[Detail]
[일반] 4번 전송 완료
---------------------------------------------------------------------------

---------------------------------------------------------------------------
[10:50:21] [ CAM : 0 ] [정상] 
---------------------------------------------------------------------------
[Detail]
촬영 시퀀스 완료
---------------------------------------------------------------------------

---------------------------------------------------------------------------
[10:50:21] [ CAM : 0 ] [정상] 
---------------------------------------------------------------------------
[Detail]
물체 감지 - 촬영 시작
---------------------------------------------------------------------------

---------------------------------------------------------------------------
[10:50:21] [ CAM : 0 ] [정상] 
---------------------------------------------------------------------------
[Detail]
[일반] 1번 전송 완료
---------------------------------------------------------------------------

---------------------------------------------------------------------------
[10:50:22] [ CAM : 0 ] [정상] 
---------------------------------------------------------------------------
[Detail]
[일반] 2번 전송 완료
---------------------------------------------------------------------------

---------------------------------------------------------------------------
[10:50:22] [ CAM : 0 ] [정상] 
---------------------------------------------------------------------------
[Detail]
[일반] 3번 전송 완료
---------------------------------------------------------------------------

---------------------------------------------------------------------------
[10:50:22] [ CAM : 0 ] [정상] 
---------------------------------------------------------------------------
[Detail]
[일반] 4번 전송 완료
---------------------------------------------------------------------------

---------------------------------------------------------------------------
[10:50:22] [ CAM : 0 ] [정상] 
---------------------------------------------------------------------------
[Detail]
촬영 시퀀스 완료
---------------------------------------------------------------------------

---------------------------------------------------------------------------
[10:50:41] [ CAM : 0 ] [정상] 
---------------------------------------------------------------------------
[Detail]
물체 감지 - 촬영 시작
---------------------------------------------------------------------------

---------------------------------------------------------------------------
[10:50:41] [ CAM : 0 ] [정상] 
---------------------------------------------------------------------------
[Detail]
[일반] 1번 전송 완료
---------------------------------------------------------------------------

---------------------------------------------------------------------------
[10:50:41] [ CAM : 0 ] [정상] 
---------------------------------------------------------------------------
[Detail]
[일반] 2번 전송 완료
---------------------------------------------------------------------------

---------------------------------------------------------------------------
[10:50:42] [ CAM : 0 ] [정상] 
---------------------------------------------------------------------------
[Detail]
[일반] 3번 전송 완료
---------------------------------------------------------------------------

---------------------------------------------------------------------------
[10:50:42] [ CAM : 0 ] [정상] 
---------------------------------------------------------------------------
[Detail]
[일반] 4번 전송 완료
---------------------------------------------------------------------------

---------------------------------------------------------------------------
[10:50:42] [ CAM : 0 ] [정상] 
---------------------------------------------------------------------------
[Detail]
촬영 시퀀스 완료
---------------------------------------------------------------------------

---------------------------------------------------------------------------
[10:50:42] [ CAM : 0 ] [정상] 
---------------------------------------------------------------------------
[Detail]
물체 감지 - 촬영 시작
---------------------------------------------------------------------------

---------------------------------------------------------------------------
[10:50:42] [ CAM : 0 ] [정상] 
---------------------------------------------------------------------------
[Detail]
[일반] 1번 전송 완료
---------------------------------------------------------------------------

---------------------------------------------------------------------------
[10:50:42] [ CAM : 0 ] [정상] 
---------------------------------------------------------------------------
[Detail]
[일반] 2번 전송 완료
---------------------------------------------------------------------------

---------------------------------------------------------------------------
[10:50:43] [ CAM : 0 ] [정상] 
---------------------------------------------------------------------------
[Detail]
[일반] 3번 전송 완료
---------------------------------------------------------------------------

---------------------------------------------------------------------------
[10:50:43] [ CAM : 0 ] [정상] 
---------------------------------------------------------------------------
[Detail]
[일반] 4번 전송 완료
---------------------------------------------------------------------------

---------------------------------------------------------------------------
[10:50:43] [ CAM : 0 ] [정상] 
---------------------------------------------------------------------------
[Detail]
촬영 시퀀스 완료
---------------------------------------------------------------------------

---------------------------------------------------------------------------
[10:50:43] [ CAM : 0 ] [정상] 
---------------------------------------------------------------------------
[Detail]
물체 감지 - 촬영 시작
---------------------------------------------------------------------------

---------------------------------------------------------------------------
[10:50:43] [ CAM : 0 ] [정상] 
---------------------------------------------------------------------------
[Detail]
[일반] 1번 전송 완료
---------------------------------------------------------------------------

---------------------------------------------------------------------------
[10:50:43] [ CAM : 0 ] [정상] 
---------------------------------------------------------------------------
[Detail]
[일반] 2번 전송 완료
---------------------------------------------------------------------------

---------------------------------------------------------------------------
[10:50:44] [ CAM : 0 ] [정상] 
---------------------------------------------------------------------------
[Detail]
[일반] 3번 전송 완료
---------------------------------------------------------------------------

---------------------------------------------------------------------------
[10:50:44] [ CAM : 0 ] [정상] 
---------------------------------------------------------------------------
[Detail]
[일반] 4번 전송 완료
---------------------------------------------------------------------------

---------------------------------------------------------------------------
[10:50:44] [ CAM : 0 ] [정상] 
---------------------------------------------------------------------------
[Detail]
촬영 시퀀스 완료
---------------------------------------------------------------------------

