---------------------------------------------------------------------------
[11:44:48] [ CAM : 0 ] [[ SetInteger ]
] 
---------------------------------------------------------------------------
[Detail]
Value = 0 must be equal or greater than Min = 32.
---------------------------------------------------------------------------

---------------------------------------------------------------------------
[11:44:48] [ CAM : 0 ] [[ SetInteger ]
] 
---------------------------------------------------------------------------
[Detail]
Value = 0 must be equal or greater than Min = 1.
---------------------------------------------------------------------------

---------------------------------------------------------------------------
[11:44:54] [ CAM : 0 ] [정상] 
---------------------------------------------------------------------------
[Detail]
물체 감지! 4장 촬영 시작
---------------------------------------------------------------------------

---------------------------------------------------------------------------
[11:44:55] [ CAM : 0 ] [정상] 
---------------------------------------------------------------------------
[Detail]
4장 전송 완료. (중복 방지 대기 중)
---------------------------------------------------------------------------

---------------------------------------------------------------------------
[11:45:04] [ CAM : 0 ] [정상] 
---------------------------------------------------------------------------
[Detail]
물체 감지! 4장 촬영 시작
---------------------------------------------------------------------------

---------------------------------------------------------------------------
[11:45:05] [ CAM : 0 ] [정상] 
---------------------------------------------------------------------------
[Detail]
4장 전송 완료. (중복 방지 대기 중)
---------------------------------------------------------------------------

---------------------------------------------------------------------------
[11:45:16] [ CAM : 0 ] [정상] 
---------------------------------------------------------------------------
[Detail]
물체 감지! 4장 촬영 시작
---------------------------------------------------------------------------

---------------------------------------------------------------------------
[11:45:16] [ CAM : 0 ] [정상] 
---------------------------------------------------------------------------
[Detail]
4장 전송 완료. (중복 방지 대기 중)
---------------------------------------------------------------------------

---------------------------------------------------------------------------
[11:45:18] [ CAM : 0 ] [정상] 
---------------------------------------------------------------------------
[Detail]
물체 감지! 4장 촬영 시작
---------------------------------------------------------------------------

---------------------------------------------------------------------------
[11:45:19] [ CAM : 0 ] [정상] 
---------------------------------------------------------------------------
[Detail]
4장 전송 완료. (중복 방지 대기 중)
---------------------------------------------------------------------------

---------------------------------------------------------------------------
[11:45:25] [ CAM : 0 ] [정상] 
---------------------------------------------------------------------------
[Detail]
물체 감지! 4장 촬영 시작
---------------------------------------------------------------------------

---------------------------------------------------------------------------
[11:45:26] [ CAM : 0 ] [정상] 
---------------------------------------------------------------------------
[Detail]
4장 전송 완료. (중복 방지 대기 중)
---------------------------------------------------------------------------

---------------------------------------------------------------------------
[11:45:33] [ CAM : 0 ] [정상] 
---------------------------------------------------------------------------
[Detail]
물체 감지! 4장 촬영 시작
---------------------------------------------------------------------------

---------------------------------------------------------------------------
[11:45:33] [ CAM : 0 ] [정상] 
---------------------------------------------------------------------------
[Detail]
4장 전송 완료. (중복 방지 대기 중)
---------------------------------------------------------------------------

---------------------------------------------------------------------------
[11:45:39] [ CAM : 0 ] [정상] 
---------------------------------------------------------------------------
[Detail]
물체 감지! 4장 촬영 시작
---------------------------------------------------------------------------

---------------------------------------------------------------------------
[11:45:40] [ CAM : 0 ] [정상] 
---------------------------------------------------------------------------
[Detail]
4장 전송 완료. (중복 방지 대기 중)
---------------------------------------------------------------------------

---------------------------------------------------------------------------
[11:45:42] [ CAM : 0 ] [정상] 
---------------------------------------------------------------------------
[Detail]
물체 감지! 4장 촬영 시작
---------------------------------------------------------------------------

---------------------------------------------------------------------------
[11:45:42] [ CAM : 0 ] [정상] 
---------------------------------------------------------------------------
[Detail]
4장 전송 완료. (중복 방지 대기 중)
---------------------------------------------------------------------------

---------------------------------------------------------------------------
[11:45:51] [ CAM : 0 ] [정상] 
---------------------------------------------------------------------------
[Detail]
물체 감지! 4장 촬영 시작
---------------------------------------------------------------------------

---------------------------------------------------------------------------
[11:45:52] [ CAM : 0 ] [정상] 
---------------------------------------------------------------------------
[Detail]
4장 전송 완료. (중복 방지 대기 중)
---------------------------------------------------------------------------

---------------------------------------------------------------------------
[11:45:54] [ CAM : 0 ] [정상] 
---------------------------------------------------------------------------
[Detail]
물체 감지! 4장 촬영 시작
---------------------------------------------------------------------------

---------------------------------------------------------------------------
[11:45:54] [ CAM : 0 ] [정상] 
---------------------------------------------------------------------------
[Detail]
4장 전송 완료. (중복 방지 대기 중)
---------------------------------------------------------------------------

---------------------------------------------------------------------------
[11:45:58] [ CAM : 0 ] [정상] 
---------------------------------------------------------------------------
[Detail]
물체 감지! 4장 촬영 시작
---------------------------------------------------------------------------

---------------------------------------------------------------------------
[11:45:58] [ CAM : 0 ] [정상] 
---------------------------------------------------------------------------
[Detail]
4장 전송 완료. (중복 방지 대기 중)
---------------------------------------------------------------------------

---------------------------------------------------------------------------
[11:46:00] [ CAM : 0 ] [정상] 
---------------------------------------------------------------------------
[Detail]
물체 감지! 4장 촬영 시작
---------------------------------------------------------------------------

---------------------------------------------------------------------------
[11:46:01] [ CAM : 0 ] [정상] 
---------------------------------------------------------------------------
[Detail]
4장 전송 완료. (중복 방지 대기 중)
---------------------------------------------------------------------------

---------------------------------------------------------------------------
[11:46:08] [ CAM : 0 ] [정상] 
---------------------------------------------------------------------------
[Detail]
물체 감지! 4장 촬영 시작
---------------------------------------------------------------------------

---------------------------------------------------------------------------
[11:46:08] [ CAM : 0 ] [정상] 
---------------------------------------------------------------------------
[Detail]
4장 전송 완료. (중복 방지 대기 중)
---------------------------------------------------------------------------

---------------------------------------------------------------------------
[11:46:10] [ CAM : 0 ] [정상] 
---------------------------------------------------------------------------
[Detail]
물체 감지! 4장 촬영 시작
---------------------------------------------------------------------------

---------------------------------------------------------------------------
[11:46:11] [ CAM : 0 ] [정상] 
---------------------------------------------------------------------------
[Detail]
4장 전송 완료. (중복 방지 대기 중)
---------------------------------------------------------------------------

---------------------------------------------------------------------------
[11:46:15] [ CAM : 0 ] [정상] 
---------------------------------------------------------------------------
[Detail]
물체 감지! 4장 촬영 시작
---------------------------------------------------------------------------

---------------------------------------------------------------------------
[11:46:16] [ CAM : 0 ] [정상] 
---------------------------------------------------------------------------
[Detail]
4장 전송 완료. (중복 방지 대기 중)
---------------------------------------------------------------------------

---------------------------------------------------------------------------
[11:46:18] [ CAM : 0 ] [정상] 
---------------------------------------------------------------------------
[Detail]
물체 감지! 4장 촬영 시작
---------------------------------------------------------------------------

---------------------------------------------------------------------------
[11:46:18] [ CAM : 0 ] [정상] 
---------------------------------------------------------------------------
[Detail]
4장 전송 완료. (중복 방지 대기 중)
---------------------------------------------------------------------------

---------------------------------------------------------------------------
[11:46:20] [ CAM : 0 ] [정상] 
---------------------------------------------------------------------------
[Detail]
물체 감지! 4장 촬영 시작
---------------------------------------------------------------------------

---------------------------------------------------------------------------
[11:46:21] [ CAM : 0 ] [정상] 
---------------------------------------------------------------------------
[Detail]
4장 전송 완료. (중복 방지 대기 중)
---------------------------------------------------------------------------

---------------------------------------------------------------------------
[11:46:47] [ CAM : 0 ] [정상] 
---------------------------------------------------------------------------
[Detail]
물체 감지! 4장 촬영 시작
---------------------------------------------------------------------------

---------------------------------------------------------------------------
[11:46:47] [ CAM : 0 ] [정상] 
---------------------------------------------------------------------------
[Detail]
4장 전송 완료. (중복 방지 대기 중)
---------------------------------------------------------------------------

---------------------------------------------------------------------------
[11:46:49] [ CAM : 0 ] [정상] 
---------------------------------------------------------------------------
[Detail]
물체 감지! 4장 촬영 시작
---------------------------------------------------------------------------

---------------------------------------------------------------------------
[11:46:50] [ CAM : 0 ] [정상] 
---------------------------------------------------------------------------
[Detail]
4장 전송 완료. (중복 방지 대기 중)
---------------------------------------------------------------------------

---------------------------------------------------------------------------
[11:46:57] [ CAM : 0 ] [정상] 
---------------------------------------------------------------------------
[Detail]
물체 감지! 4장 촬영 시작
---------------------------------------------------------------------------

---------------------------------------------------------------------------
[11:46:58] [ CAM : 0 ] [정상] 
---------------------------------------------------------------------------
[Detail]
4장 전송 완료. (중복 방지 대기 중)
---------------------------------------------------------------------------

---------------------------------------------------------------------------
[11:47:00] [ CAM : 0 ] [정상] 
---------------------------------------------------------------------------
[Detail]
물체 감지! 4장 촬영 시작
---------------------------------------------------------------------------

---------------------------------------------------------------------------
[11:47:00] [ CAM : 0 ] [정상] 
---------------------------------------------------------------------------
[Detail]
4장 전송 완료. (중복 방지 대기 중)
---------------------------------------------------------------------------

---------------------------------------------------------------------------
[11:47:02] [ CAM : 0 ] [정상] 
---------------------------------------------------------------------------
[Detail]
물체 감지! 4장 촬영 시작
---------------------------------------------------------------------------

---------------------------------------------------------------------------
[11:47:03] [ CAM : 0 ] [정상] 
---------------------------------------------------------------------------
[Detail]
4장 전송 완료. (중복 방지 대기 중)
---------------------------------------------------------------------------

---------------------------------------------------------------------------
[11:47:15] [ CAM : 0 ] [정상] 
---------------------------------------------------------------------------
[Detail]
물체 감지! 4장 촬영 시작
---------------------------------------------------------------------------

---------------------------------------------------------------------------
[11:47:15] [ CAM : 0 ] [정상] 
---------------------------------------------------------------------------
[Detail]
4장 전송 완료. (중복 방지 대기 중)
---------------------------------------------------------------------------

---------------------------------------------------------------------------
[11:47:17] [ CAM : 0 ] [정상] 
---------------------------------------------------------------------------
[Detail]
물체 감지! 4장 촬영 시작
---------------------------------------------------------------------------

---------------------------------------------------------------------------
[11:47:18] [ CAM : 0 ] [정상] 
---------------------------------------------------------------------------
[Detail]
4장 전송 완료. (중복 방지 대기 중)
---------------------------------------------------------------------------

---------------------------------------------------------------------------
[11:47:20] [ CAM : 0 ] [정상] 
---------------------------------------------------------------------------
[Detail]
물체 감지! 4장 촬영 시작
---------------------------------------------------------------------------

---------------------------------------------------------------------------
[11:47:21] [ CAM : 0 ] [정상] 
---------------------------------------------------------------------------
[Detail]
4장 전송 완료. (중복 방지 대기 중)
---------------------------------------------------------------------------

---------------------------------------------------------------------------
[11:47:28] [ CAM : 0 ] [정상] 
---------------------------------------------------------------------------
[Detail]
물체 감지! 4장 촬영 시작
---------------------------------------------------------------------------

---------------------------------------------------------------------------
[11:47:29] [ CAM : 0 ] [정상] 
---------------------------------------------------------------------------
[Detail]
4장 전송 완료. (중복 방지 대기 중)
---------------------------------------------------------------------------

---------------------------------------------------------------------------
[11:47:31] [ CAM : 0 ] [정상] 
---------------------------------------------------------------------------
[Detail]
물체 감지! 4장 촬영 시작
---------------------------------------------------------------------------

---------------------------------------------------------------------------
[11:47:32] [ CAM : 0 ] [정상] 
---------------------------------------------------------------------------
[Detail]
4장 전송 완료. (중복 방지 대기 중)
---------------------------------------------------------------------------

---------------------------------------------------------------------------
[11:47:36] [ CAM : 0 ] [정상] 
---------------------------------------------------------------------------
[Detail]
물체 감지! 4장 촬영 시작
---------------------------------------------------------------------------

---------------------------------------------------------------------------
[11:47:36] [ CAM : 0 ] [정상] 
---------------------------------------------------------------------------
[Detail]
4장 전송 완료. (중복 방지 대기 중)
---------------------------------------------------------------------------

---------------------------------------------------------------------------
[11:47:38] [ CAM : 0 ] [정상] 
---------------------------------------------------------------------------
[Detail]
물체 감지! 4장 촬영 시작
---------------------------------------------------------------------------

---------------------------------------------------------------------------
[11:47:39] [ CAM : 0 ] [정상] 
---------------------------------------------------------------------------
[Detail]
4장 전송 완료. (중복 방지 대기 중)
---------------------------------------------------------------------------

---------------------------------------------------------------------------
[11:47:42] [ CAM : 0 ] [정상] 
---------------------------------------------------------------------------
[Detail]
물체 감지! 4장 촬영 시작
---------------------------------------------------------------------------

---------------------------------------------------------------------------
[11:47:43] [ CAM : 0 ] [정상] 
---------------------------------------------------------------------------
[Detail]
4장 전송 완료. (중복 방지 대기 중)
---------------------------------------------------------------------------

---------------------------------------------------------------------------
[11:47:48] [ CAM : 0 ] [정상] 
---------------------------------------------------------------------------
[Detail]
물체 감지! 4장 촬영 시작
---------------------------------------------------------------------------

---------------------------------------------------------------------------
[11:47:49] [ CAM : 0 ] [정상] 
---------------------------------------------------------------------------
[Detail]
4장 전송 완료. (중복 방지 대기 중)
---------------------------------------------------------------------------

---------------------------------------------------------------------------
[11:47:51] [ CAM : 0 ] [정상] 
---------------------------------------------------------------------------
[Detail]
물체 감지! 4장 촬영 시작
---------------------------------------------------------------------------

---------------------------------------------------------------------------
[11:47:52] [ CAM : 0 ] [정상] 
---------------------------------------------------------------------------
[Detail]
4장 전송 완료. (중복 방지 대기 중)
---------------------------------------------------------------------------

---------------------------------------------------------------------------
[11:47:59] [ CAM : 0 ] [정상] 
---------------------------------------------------------------------------
[Detail]
물체 감지! 4장 촬영 시작
---------------------------------------------------------------------------

---------------------------------------------------------------------------
[11:48:00] [ CAM : 0 ] [정상] 
---------------------------------------------------------------------------
[Detail]
4장 전송 완료. (중복 방지 대기 중)
---------------------------------------------------------------------------

---------------------------------------------------------------------------
[11:48:04] [ CAM : 0 ] [정상] 
---------------------------------------------------------------------------
[Detail]
물체 감지! 4장 촬영 시작
---------------------------------------------------------------------------

---------------------------------------------------------------------------
[11:48:05] [ CAM : 0 ] [정상] 
---------------------------------------------------------------------------
[Detail]
4장 전송 완료. (중복 방지 대기 중)
---------------------------------------------------------------------------

---------------------------------------------------------------------------
[11:48:16] [ CAM : 0 ] [정상] 
---------------------------------------------------------------------------
[Detail]
물체 감지! 4장 촬영 시작
---------------------------------------------------------------------------

---------------------------------------------------------------------------
[11:48:17] [ CAM : 0 ] [정상] 
---------------------------------------------------------------------------
[Detail]
4장 전송 완료. (중복 방지 대기 중)
---------------------------------------------------------------------------

---------------------------------------------------------------------------
[11:48:22] [ CAM : 0 ] [정상] 
---------------------------------------------------------------------------
[Detail]
물체 감지! 4장 촬영 시작
---------------------------------------------------------------------------

---------------------------------------------------------------------------
[11:48:23] [ CAM : 0 ] [정상] 
---------------------------------------------------------------------------
[Detail]
4장 전송 완료. (중복 방지 대기 중)
---------------------------------------------------------------------------

---------------------------------------------------------------------------
[11:48:25] [ CAM : 0 ] [정상] 
---------------------------------------------------------------------------
[Detail]
물체 감지! 4장 촬영 시작
---------------------------------------------------------------------------

---------------------------------------------------------------------------
[11:48:25] [ CAM : 0 ] [정상] 
---------------------------------------------------------------------------
[Detail]
4장 전송 완료. (중복 방지 대기 중)
---------------------------------------------------------------------------

