---------------------------------------------------------------------------
[14:39:55] [ CAM : 0 ] [[ SetInteger ]
] 
---------------------------------------------------------------------------
[Detail]
Value = 0 must be equal or greater than Min = 32.
---------------------------------------------------------------------------

---------------------------------------------------------------------------
[14:39:55] [ CAM : 0 ] [[ SetInteger ]
] 
---------------------------------------------------------------------------
[Detail]
Value = 0 must be equal or greater than Min = 1.
---------------------------------------------------------------------------

---------------------------------------------------------------------------
[14:39:56] [ CAM : 0 ] [СЄЛѓ] 
---------------------------------------------------------------------------
[Detail]
1Йј РЬЙЬСі РќМл ПЯЗс
---------------------------------------------------------------------------

---------------------------------------------------------------------------
[14:39:56] [ CAM : 0 ] [СЄЛѓ] 
---------------------------------------------------------------------------
[Detail]
УдПЕ НУФіНК ПЯЗс
---------------------------------------------------------------------------

---------------------------------------------------------------------------
[14:40:01] [ CAM : 0 ] [СЄЛѓ] 
---------------------------------------------------------------------------
[Detail]
ЙАУМ АЈСі - УдПЕ НУРл
---------------------------------------------------------------------------

---------------------------------------------------------------------------
[14:40:01] [ CAM : 0 ] [СЄЛѓ] 
---------------------------------------------------------------------------
[Detail]
1Йј РЬЙЬСі РќМл ПЯЗс
---------------------------------------------------------------------------

---------------------------------------------------------------------------
[14:40:01] [ CAM : 0 ] [СЄЛѓ] 
---------------------------------------------------------------------------
[Detail]
2Йј РЬЙЬСі РќМл ПЯЗс
---------------------------------------------------------------------------

---------------------------------------------------------------------------
[14:40:02] [ CAM : 0 ] [СЄЛѓ] 
---------------------------------------------------------------------------
[Detail]
3Йј РЬЙЬСі РќМл ПЯЗс
---------------------------------------------------------------------------

---------------------------------------------------------------------------
[14:40:02] [ CAM : 0 ] [СЄЛѓ] 
---------------------------------------------------------------------------
[Detail]
4Йј РЬЙЬСі РќМл ПЯЗс
---------------------------------------------------------------------------

---------------------------------------------------------------------------
[14:40:02] [ CAM : 0 ] [СЄЛѓ] 
---------------------------------------------------------------------------
[Detail]
УдПЕ НУФіНК ПЯЗс
---------------------------------------------------------------------------

---------------------------------------------------------------------------
[14:40:02] [ CAM : 0 ] [СЄЛѓ] 
---------------------------------------------------------------------------
[Detail]
ЙАУМ АЈСі - УдПЕ НУРл
---------------------------------------------------------------------------

---------------------------------------------------------------------------
[14:40:02] [ CAM : 0 ] [СЄЛѓ] 
---------------------------------------------------------------------------
[Detail]
1Йј РЬЙЬСі РќМл ПЯЗс
---------------------------------------------------------------------------

---------------------------------------------------------------------------
[14:40:02] [ CAM : 0 ] [СЄЛѓ] 
---------------------------------------------------------------------------
[Detail]
2Йј РЬЙЬСі РќМл ПЯЗс
---------------------------------------------------------------------------

---------------------------------------------------------------------------
[14:40:03] [ CAM : 0 ] [СЄЛѓ] 
---------------------------------------------------------------------------
[Detail]
3Йј РЬЙЬСі РќМл ПЯЗс
---------------------------------------------------------------------------

---------------------------------------------------------------------------
[14:40:03] [ CAM : 0 ] [СЄЛѓ] 
---------------------------------------------------------------------------
[Detail]
4Йј РЬЙЬСі РќМл ПЯЗс
---------------------------------------------------------------------------

---------------------------------------------------------------------------
[14:40:03] [ CAM : 0 ] [СЄЛѓ] 
---------------------------------------------------------------------------
[Detail]
УдПЕ НУФіНК ПЯЗс
---------------------------------------------------------------------------

---------------------------------------------------------------------------
[14:40:03] [ CAM : 0 ] [СЄЛѓ] 
---------------------------------------------------------------------------
[Detail]
ЙАУМ АЈСі - УдПЕ НУРл
---------------------------------------------------------------------------

---------------------------------------------------------------------------
[14:40:03] [ CAM : 0 ] [СЄЛѓ] 
---------------------------------------------------------------------------
[Detail]
1Йј РЬЙЬСі РќМл ПЯЗс
---------------------------------------------------------------------------

---------------------------------------------------------------------------
[14:40:03] [ CAM : 0 ] [СЄЛѓ] 
---------------------------------------------------------------------------
[Detail]
2Йј РЬЙЬСі РќМл ПЯЗс
---------------------------------------------------------------------------

---------------------------------------------------------------------------
[14:40:04] [ CAM : 0 ] [СЄЛѓ] 
---------------------------------------------------------------------------
[Detail]
3Йј РЬЙЬСі РќМл ПЯЗс
---------------------------------------------------------------------------

---------------------------------------------------------------------------
[14:40:04] [ CAM : 0 ] [СЄЛѓ] 
---------------------------------------------------------------------------
[Detail]
4Йј РЬЙЬСі РќМл ПЯЗс
---------------------------------------------------------------------------

---------------------------------------------------------------------------
[14:40:04] [ CAM : 0 ] [СЄЛѓ] 
---------------------------------------------------------------------------
[Detail]
УдПЕ НУФіНК ПЯЗс
---------------------------------------------------------------------------

---------------------------------------------------------------------------
[14:40:08] [ CAM : 0 ] [СЄЛѓ] 
---------------------------------------------------------------------------
[Detail]
ЙАУМ АЈСі - УдПЕ НУРл
---------------------------------------------------------------------------

---------------------------------------------------------------------------
[14:40:08] [ CAM : 0 ] [СЄЛѓ] 
---------------------------------------------------------------------------
[Detail]
1Йј РЬЙЬСі РќМл ПЯЗс
---------------------------------------------------------------------------

---------------------------------------------------------------------------
[14:40:08] [ CAM : 0 ] [СЄЛѓ] 
---------------------------------------------------------------------------
[Detail]
2Йј РЬЙЬСі РќМл ПЯЗс
---------------------------------------------------------------------------

---------------------------------------------------------------------------
[14:40:08] [ CAM : 0 ] [СЄЛѓ] 
---------------------------------------------------------------------------
[Detail]
3Йј РЬЙЬСі РќМл ПЯЗс
---------------------------------------------------------------------------

---------------------------------------------------------------------------
[14:40:08] [ CAM : 0 ] [СЄЛѓ] 
---------------------------------------------------------------------------
[Detail]
4Йј РЬЙЬСі РќМл ПЯЗс
---------------------------------------------------------------------------

---------------------------------------------------------------------------
[14:40:08] [ CAM : 0 ] [СЄЛѓ] 
---------------------------------------------------------------------------
[Detail]
УдПЕ НУФіНК ПЯЗс
---------------------------------------------------------------------------

---------------------------------------------------------------------------
[14:40:08] [ CAM : 0 ] [СЄЛѓ] 
---------------------------------------------------------------------------
[Detail]
ЙАУМ АЈСі - УдПЕ НУРл
---------------------------------------------------------------------------

---------------------------------------------------------------------------
[14:40:09] [ CAM : 0 ] [СЄЛѓ] 
---------------------------------------------------------------------------
[Detail]
1Йј РЬЙЬСі РќМл ПЯЗс
---------------------------------------------------------------------------

---------------------------------------------------------------------------
[14:40:09] [ CAM : 0 ] [СЄЛѓ] 
---------------------------------------------------------------------------
[Detail]
2Йј РЬЙЬСі РќМл ПЯЗс
---------------------------------------------------------------------------

---------------------------------------------------------------------------
[14:40:09] [ CAM : 0 ] [СЄЛѓ] 
---------------------------------------------------------------------------
[Detail]
3Йј РЬЙЬСі РќМл ПЯЗс
---------------------------------------------------------------------------

---------------------------------------------------------------------------
[14:40:09] [ CAM : 0 ] [СЄЛѓ] 
---------------------------------------------------------------------------
[Detail]
4Йј РЬЙЬСі РќМл ПЯЗс
---------------------------------------------------------------------------

---------------------------------------------------------------------------
[14:40:09] [ CAM : 0 ] [СЄЛѓ] 
---------------------------------------------------------------------------
[Detail]
УдПЕ НУФіНК ПЯЗс
---------------------------------------------------------------------------

---------------------------------------------------------------------------
[14:40:09] [ CAM : 0 ] [СЄЛѓ] 
---------------------------------------------------------------------------
[Detail]
ЙАУМ АЈСі - УдПЕ НУРл
---------------------------------------------------------------------------

---------------------------------------------------------------------------
[14:40:10] [ CAM : 0 ] [СЄЛѓ] 
---------------------------------------------------------------------------
[Detail]
1Йј РЬЙЬСі РќМл ПЯЗс
---------------------------------------------------------------------------

---------------------------------------------------------------------------
[14:40:10] [ CAM : 0 ] [СЄЛѓ] 
---------------------------------------------------------------------------
[Detail]
2Йј РЬЙЬСі РќМл ПЯЗс
---------------------------------------------------------------------------

---------------------------------------------------------------------------
[14:40:10] [ CAM : 0 ] [СЄЛѓ] 
---------------------------------------------------------------------------
[Detail]
3Йј РЬЙЬСі РќМл ПЯЗс
---------------------------------------------------------------------------

---------------------------------------------------------------------------
[14:40:10] [ CAM : 0 ] [СЄЛѓ] 
---------------------------------------------------------------------------
[Detail]
4Йј РЬЙЬСі РќМл ПЯЗс
---------------------------------------------------------------------------

---------------------------------------------------------------------------
[14:40:10] [ CAM : 0 ] [СЄЛѓ] 
---------------------------------------------------------------------------
[Detail]
УдПЕ НУФіНК ПЯЗс
---------------------------------------------------------------------------

---------------------------------------------------------------------------
[14:40:53] [ CAM : 0 ] [СЄЛѓ] 
---------------------------------------------------------------------------
[Detail]
ЙАУМ АЈСі - УдПЕ НУРл
---------------------------------------------------------------------------

---------------------------------------------------------------------------
[14:40:53] [ CAM : 0 ] [СЄЛѓ] 
---------------------------------------------------------------------------
[Detail]
1Йј РЬЙЬСі РќМл ПЯЗс
---------------------------------------------------------------------------

---------------------------------------------------------------------------
[14:40:53] [ CAM : 0 ] [СЄЛѓ] 
---------------------------------------------------------------------------
[Detail]
2Йј РЬЙЬСі РќМл ПЯЗс
---------------------------------------------------------------------------

---------------------------------------------------------------------------
[14:40:53] [ CAM : 0 ] [СЄЛѓ] 
---------------------------------------------------------------------------
[Detail]
3Йј РЬЙЬСі РќМл ПЯЗс
---------------------------------------------------------------------------

---------------------------------------------------------------------------
[14:40:54] [ CAM : 0 ] [СЄЛѓ] 
---------------------------------------------------------------------------
[Detail]
4Йј РЬЙЬСі РќМл ПЯЗс
---------------------------------------------------------------------------

---------------------------------------------------------------------------
[14:40:54] [ CAM : 0 ] [СЄЛѓ] 
---------------------------------------------------------------------------
[Detail]
УдПЕ НУФіНК ПЯЗс
---------------------------------------------------------------------------

---------------------------------------------------------------------------
[14:40:54] [ CAM : 0 ] [СЄЛѓ] 
---------------------------------------------------------------------------
[Detail]
ЙАУМ АЈСі - УдПЕ НУРл
---------------------------------------------------------------------------

---------------------------------------------------------------------------
[14:40:54] [ CAM : 0 ] [СЄЛѓ] 
---------------------------------------------------------------------------
[Detail]
1Йј РЬЙЬСі РќМл ПЯЗс
---------------------------------------------------------------------------

---------------------------------------------------------------------------
[14:40:54] [ CAM : 0 ] [СЄЛѓ] 
---------------------------------------------------------------------------
[Detail]
2Йј РЬЙЬСі РќМл ПЯЗс
---------------------------------------------------------------------------

---------------------------------------------------------------------------
[14:40:54] [ CAM : 0 ] [СЄЛѓ] 
---------------------------------------------------------------------------
[Detail]
3Йј РЬЙЬСі РќМл ПЯЗс
---------------------------------------------------------------------------

---------------------------------------------------------------------------
[14:40:55] [ CAM : 0 ] [СЄЛѓ] 
---------------------------------------------------------------------------
[Detail]
4Йј РЬЙЬСі РќМл ПЯЗс
---------------------------------------------------------------------------

---------------------------------------------------------------------------
[14:40:55] [ CAM : 0 ] [СЄЛѓ] 
---------------------------------------------------------------------------
[Detail]
УдПЕ НУФіНК ПЯЗс
---------------------------------------------------------------------------

---------------------------------------------------------------------------
[14:40:55] [ CAM : 0 ] [СЄЛѓ] 
---------------------------------------------------------------------------
[Detail]
ЙАУМ АЈСі - УдПЕ НУРл
---------------------------------------------------------------------------

---------------------------------------------------------------------------
[14:40:55] [ CAM : 0 ] [СЄЛѓ] 
---------------------------------------------------------------------------
[Detail]
1Йј РЬЙЬСі РќМл ПЯЗс
---------------------------------------------------------------------------

---------------------------------------------------------------------------
[14:40:55] [ CAM : 0 ] [СЄЛѓ] 
---------------------------------------------------------------------------
[Detail]
2Йј РЬЙЬСі РќМл ПЯЗс
---------------------------------------------------------------------------

---------------------------------------------------------------------------
[14:40:55] [ CAM : 0 ] [СЄЛѓ] 
---------------------------------------------------------------------------
[Detail]
3Йј РЬЙЬСі РќМл ПЯЗс
---------------------------------------------------------------------------

---------------------------------------------------------------------------
[14:40:56] [ CAM : 0 ] [СЄЛѓ] 
---------------------------------------------------------------------------
[Detail]
4Йј РЬЙЬСі РќМл ПЯЗс
---------------------------------------------------------------------------

---------------------------------------------------------------------------
[14:40:56] [ CAM : 0 ] [СЄЛѓ] 
---------------------------------------------------------------------------
[Detail]
УдПЕ НУФіНК ПЯЗс
---------------------------------------------------------------------------

---------------------------------------------------------------------------
[14:41:42] [ CAM : 0 ] [СЄЛѓ] 
---------------------------------------------------------------------------
[Detail]
ЙАУМ АЈСі - УдПЕ НУРл
---------------------------------------------------------------------------

---------------------------------------------------------------------------
[14:41:42] [ CAM : 0 ] [СЄЛѓ] 
---------------------------------------------------------------------------
[Detail]
1Йј РЬЙЬСі РќМл ПЯЗс
---------------------------------------------------------------------------

---------------------------------------------------------------------------
[14:41:42] [ CAM : 0 ] [СЄЛѓ] 
---------------------------------------------------------------------------
[Detail]
2Йј РЬЙЬСі РќМл ПЯЗс
---------------------------------------------------------------------------

---------------------------------------------------------------------------
[14:41:43] [ CAM : 0 ] [СЄЛѓ] 
---------------------------------------------------------------------------
[Detail]
3Йј РЬЙЬСі РќМл ПЯЗс
---------------------------------------------------------------------------

---------------------------------------------------------------------------
[14:41:43] [ CAM : 0 ] [СЄЛѓ] 
---------------------------------------------------------------------------
[Detail]
4Йј РЬЙЬСі РќМл ПЯЗс
---------------------------------------------------------------------------

---------------------------------------------------------------------------
[14:41:43] [ CAM : 0 ] [СЄЛѓ] 
---------------------------------------------------------------------------
[Detail]
УдПЕ НУФіНК ПЯЗс
---------------------------------------------------------------------------

---------------------------------------------------------------------------
[14:41:43] [ CAM : 0 ] [СЄЛѓ] 
---------------------------------------------------------------------------
[Detail]
ЙАУМ АЈСі - УдПЕ НУРл
---------------------------------------------------------------------------

---------------------------------------------------------------------------
[14:41:43] [ CAM : 0 ] [СЄЛѓ] 
---------------------------------------------------------------------------
[Detail]
1Йј РЬЙЬСі РќМл ПЯЗс
---------------------------------------------------------------------------

---------------------------------------------------------------------------
[14:41:43] [ CAM : 0 ] [СЄЛѓ] 
---------------------------------------------------------------------------
[Detail]
2Йј РЬЙЬСі РќМл ПЯЗс
---------------------------------------------------------------------------

---------------------------------------------------------------------------
[14:41:44] [ CAM : 0 ] [СЄЛѓ] 
---------------------------------------------------------------------------
[Detail]
3Йј РЬЙЬСі РќМл ПЯЗс
---------------------------------------------------------------------------

---------------------------------------------------------------------------
[14:41:44] [ CAM : 0 ] [СЄЛѓ] 
---------------------------------------------------------------------------
[Detail]
4Йј РЬЙЬСі РќМл ПЯЗс
---------------------------------------------------------------------------

---------------------------------------------------------------------------
[14:41:44] [ CAM : 0 ] [СЄЛѓ] 
---------------------------------------------------------------------------
[Detail]
УдПЕ НУФіНК ПЯЗс
---------------------------------------------------------------------------

