---------------------------------------------------------------------------
[12:31:08] [ CAM : 0 ] [[ SetInteger ]
] 
---------------------------------------------------------------------------
[Detail]
Value = 0 must be equal or greater than Min = 32.
---------------------------------------------------------------------------

---------------------------------------------------------------------------
[12:31:08] [ CAM : 0 ] [[ SetInteger ]
] 
---------------------------------------------------------------------------
[Detail]
Value = 0 must be equal or greater than Min = 1.
---------------------------------------------------------------------------

---------------------------------------------------------------------------
[12:31:11] [ CAM : 0 ] [정상] 
---------------------------------------------------------------------------
[Detail]
물체 감지! 4장 촬영 시작
---------------------------------------------------------------------------

---------------------------------------------------------------------------
[12:31:12] [ CAM : 0 ] [정상] 
---------------------------------------------------------------------------
[Detail]
4장 전송 완료. (중복 방지 대기 중)
---------------------------------------------------------------------------

---------------------------------------------------------------------------
[12:31:14] [ CAM : 0 ] [정상] 
---------------------------------------------------------------------------
[Detail]
물체 감지! 4장 촬영 시작
---------------------------------------------------------------------------

---------------------------------------------------------------------------
[12:31:14] [ CAM : 0 ] [정상] 
---------------------------------------------------------------------------
[Detail]
4장 전송 완료. (중복 방지 대기 중)
---------------------------------------------------------------------------

