[20:05:29] [ CAM : 0 ] [[ SetInteger ]
] Value = 0 must be equal or greater than Min = 32.
[20:05:29] [ CAM : 0 ] [[ SetInteger ]
] Value = 0 must be equal or greater than Min = 1.
[20:05:42] [ CAM : 0 ] [알림] 새로운 물체 감지 - 8장 촬영 시작
[20:05:43] [ CAM : 0 ] [정상] 8장 촬영 및 전송 완료
[20:05:43] [ CAM : 0 ] [에러] 서버 판정 데이터 처리 중 알 수 없는 오류
[20:05:46] [ CAM : 0 ] [알림] 새로운 물체 감지 - 8장 촬영 시작
[20:05:48] [ CAM : 0 ] [정상] 8장 촬영 및 전송 완료
[20:05:48] [ CAM : 0 ] [에러] 서버 판정 데이터 처리 중 알 수 없는 오류
[20:05:50] [ CAM : 0 ] [알림] 새로운 물체 감지 - 8장 촬영 시작
[20:05:52] [ CAM : 0 ] [정상] 8장 촬영 및 전송 완료
[20:05:52] [ CAM : 0 ] [에러] 서버 판정 데이터 처리 중 알 수 없는 오류
[20:05:54] [ CAM : 0 ] [알림] 시스템 모드 변경: [재분류 모드]
[20:05:54] [ CAM : 0 ] [알림] 새로운 물체 감지 - 8장 촬영 시작
[20:05:56] [ CAM : 0 ] [정상] 8장 촬영 및 전송 완료
[20:05:56] [ CAM : 0 ] [에러] 서버 판정 데이터 처리 중 알 수 없는 오류
[20:05:59] [ CAM : 0 ] [알림] 새로운 물체 감지 - 8장 촬영 시작
[20:06:00] [ CAM : 0 ] [정상] 8장 촬영 및 전송 완료
[20:06:01] [ CAM : 0 ] [에러] 서버 판정 데이터 처리 중 알 수 없는 오류
[20:06:03] [ CAM : 0 ] [알림] 새로운 물체 감지 - 8장 촬영 시작
[20:06:05] [ CAM : 0 ] [정상] 8장 촬영 및 전송 완료
[20:06:05] [ CAM : 0 ] [에러] 서버 판정 데이터 처리 중 알 수 없는 오류
[20:06:07] [ CAM : 0 ] [알림] 새로운 물체 감지 - 8장 촬영 시작
[20:06:09] [ CAM : 0 ] [정상] 8장 촬영 및 전송 완료
[20:06:09] [ CAM : 0 ] [에러] 서버 판정 데이터 처리 중 알 수 없는 오류
[20:06:12] [ CAM : 0 ] [알림] 새로운 물체 감지 - 8장 촬영 시작
[20:06:13] [ CAM : 0 ] [정상] 8장 촬영 및 전송 완료
[20:06:13] [ CAM : 0 ] [에러] 서버 판정 데이터 처리 중 알 수 없는 오류
[20:06:16] [ CAM : 0 ] [알림] 새로운 물체 감지 - 8장 촬영 시작
[20:06:18] [ CAM : 0 ] [정상] 8장 촬영 및 전송 완료
[20:06:18] [ CAM : 0 ] [에러] 서버 판정 데이터 처리 중 알 수 없는 오류
[20:06:20] [ CAM : 0 ] [알림] 새로운 물체 감지 - 8장 촬영 시작
[20:06:22] [ CAM : 0 ] [정상] 8장 촬영 및 전송 완료
[20:06:22] [ CAM : 0 ] [에러] 서버 판정 데이터 처리 중 알 수 없는 오류
[20:06:24] [ CAM : 0 ] [알림] 새로운 물체 감지 - 8장 촬영 시작
[20:06:26] [ CAM : 0 ] [정상] 8장 촬영 및 전송 완료
[20:06:26] [ CAM : 0 ] [에러] 서버 판정 데이터 처리 중 알 수 없는 오류
[20:06:29] [ CAM : 0 ] [알림] 새로운 물체 감지 - 8장 촬영 시작
[20:06:30] [ CAM : 0 ] [정상] 8장 촬영 및 전송 완료
[20:06:30] [ CAM : 0 ] [에러] 서버 판정 데이터 처리 중 알 수 없는 오류
[20:06:33] [ CAM : 0 ] [알림] 새로운 물체 감지 - 8장 촬영 시작
[20:06:35] [ CAM : 0 ] [정상] 8장 촬영 및 전송 완료
[20:06:35] [ CAM : 0 ] [에러] 서버 판정 데이터 처리 중 알 수 없는 오류
[20:06:38] [ CAM : 0 ] [알림] 새로운 물체 감지 - 8장 촬영 시작
[20:06:40] [ CAM : 0 ] [정상] 8장 촬영 및 전송 완료
[20:06:40] [ CAM : 0 ] [에러] 서버 판정 데이터 처리 중 알 수 없는 오류
[20:06:43] [ CAM : 0 ] [알림] 새로운 물체 감지 - 8장 촬영 시작
[20:06:44] [ CAM : 0 ] [정상] 8장 촬영 및 전송 완료
[20:06:44] [ CAM : 0 ] [에러] 서버 판정 데이터 처리 중 알 수 없는 오류
[20:07:03] [ CAM : 0 ] [알림] 새로운 물체 감지 - 8장 촬영 시작
[20:07:05] [ CAM : 0 ] [정상] 8장 촬영 및 전송 완료
[20:07:05] [ CAM : 0 ] [에러] 서버 판정 데이터 처리 중 알 수 없는 오류
[20:07:07] [ CAM : 0 ] [알림] 새로운 물체 감지 - 8장 촬영 시작
[20:07:09] [ CAM : 0 ] [정상] 8장 촬영 및 전송 완료
[20:07:09] [ CAM : 0 ] [에러] 서버 판정 데이터 처리 중 알 수 없는 오류
[20:07:11] [ CAM : 0 ] [알림] 새로운 물체 감지 - 8장 촬영 시작
[20:07:13] [ CAM : 0 ] [정상] 8장 촬영 및 전송 완료
[20:07:13] [ CAM : 0 ] [에러] 서버 판정 데이터 처리 중 알 수 없는 오류
[20:07:16] [ CAM : 0 ] [알림] 새로운 물체 감지 - 8장 촬영 시작
[20:07:17] [ CAM : 0 ] [정상] 8장 촬영 및 전송 완료
[20:07:17] [ CAM : 0 ] [에러] 서버 판정 데이터 처리 중 알 수 없는 오류
[20:07:20] [ CAM : 0 ] [알림] 새로운 물체 감지 - 8장 촬영 시작
[20:07:22] [ CAM : 0 ] [정상] 8장 촬영 및 전송 완료
[20:07:22] [ CAM : 0 ] [에러] 서버 판정 데이터 처리 중 알 수 없는 오류
[20:07:24] [ CAM : 0 ] [알림] 새로운 물체 감지 - 8장 촬영 시작
[20:07:26] [ CAM : 0 ] [정상] 8장 촬영 및 전송 완료
[20:07:26] [ CAM : 0 ] [에러] 서버 판정 데이터 처리 중 알 수 없는 오류
[20:07:28] [ CAM : 0 ] [알림] 새로운 물체 감지 - 8장 촬영 시작
[20:07:30] [ CAM : 0 ] [정상] 8장 촬영 및 전송 완료
[20:07:30] [ CAM : 0 ] [에러] 서버 판정 데이터 처리 중 알 수 없는 오류
[20:07:33] [ CAM : 0 ] [알림] 새로운 물체 감지 - 8장 촬영 시작
[20:07:34] [ CAM : 0 ] [정상] 8장 촬영 및 전송 완료
[20:07:34] [ CAM : 0 ] [에러] 서버 판정 데이터 처리 중 알 수 없는 오류
[20:07:37] [ CAM : 0 ] [알림] 새로운 물체 감지 - 8장 촬영 시작
[20:07:39] [ CAM : 0 ] [정상] 8장 촬영 및 전송 완료
[20:07:39] [ CAM : 0 ] [에러] 서버 판정 데이터 처리 중 알 수 없는 오류
[20:07:41] [ CAM : 0 ] [알림] 새로운 물체 감지 - 8장 촬영 시작
[20:07:43] [ CAM : 0 ] [정상] 8장 촬영 및 전송 완료
[20:07:43] [ CAM : 0 ] [에러] 서버 판정 데이터 처리 중 알 수 없는 오류
[20:07:45] [ CAM : 0 ] [알림] 새로운 물체 감지 - 8장 촬영 시작
[20:07:47] [ CAM : 0 ] [정상] 8장 촬영 및 전송 완료
[20:07:47] [ CAM : 0 ] [에러] 서버 판정 데이터 처리 중 알 수 없는 오류
