---------------------------------------------------------------------------
[18:07:24] [ CAM : 0 ] [[ SetInteger ]
] 
---------------------------------------------------------------------------
[Detail]
Value = 0 must be equal or greater than Min = 32.
---------------------------------------------------------------------------

---------------------------------------------------------------------------
[18:07:24] [ CAM : 0 ] [[ SetInteger ]
] 
---------------------------------------------------------------------------
[Detail]
Value = 0 must be equal or greater than Min = 1.
---------------------------------------------------------------------------

---------------------------------------------------------------------------
[18:07:49] [ CAM : 0 ] [[ Connect_Camera Exception ]
] 
---------------------------------------------------------------------------
[Detail]
Node is not writable.
---------------------------------------------------------------------------

