---------------------------------------------------------------------------
[18:30:46] [ CAM : 0 ] [[ GetIntegerMax ]
] 
---------------------------------------------------------------------------
[Detail]
Map not allocated
---------------------------------------------------------------------------

---------------------------------------------------------------------------
[18:30:46] [ CAM : 0 ] [[ SetInteger ]
] 
---------------------------------------------------------------------------
[Detail]
Map not allocated
---------------------------------------------------------------------------

---------------------------------------------------------------------------
[18:30:46] [ CAM : 0 ] [[ SetInteger ]
] 
---------------------------------------------------------------------------
[Detail]
Map not allocated
---------------------------------------------------------------------------

---------------------------------------------------------------------------
[18:30:46] [ CAM : 0 ] [[ GetIntegerMax ]
] 
---------------------------------------------------------------------------
[Detail]
Map not allocated
---------------------------------------------------------------------------

---------------------------------------------------------------------------
[18:30:46] [ CAM : 0 ] [[ SetInteger ]
] 
---------------------------------------------------------------------------
[Detail]
Map not allocated
---------------------------------------------------------------------------

---------------------------------------------------------------------------
[18:30:46] [ CAM : 0 ] [[ SetInteger ]
] 
---------------------------------------------------------------------------
[Detail]
Map not allocated
---------------------------------------------------------------------------

---------------------------------------------------------------------------
[18:30:46] [ CAM : 0 ] [[ SetEnumeration ]
] 
---------------------------------------------------------------------------
[Detail]
Map not allocated
---------------------------------------------------------------------------

---------------------------------------------------------------------------
[18:30:48] [ CAM : 0 ] [[ GrabLive ]
] 
---------------------------------------------------------------------------
[Detail]
No device attached.
---------------------------------------------------------------------------

---------------------------------------------------------------------------
[18:31:05] [ CAM : 0 ] [[ SetInteger ]
] 
---------------------------------------------------------------------------
[Detail]
Value = 0 must be equal or greater than Min = 32.
---------------------------------------------------------------------------

---------------------------------------------------------------------------
[18:31:05] [ CAM : 0 ] [[ SetInteger ]
] 
---------------------------------------------------------------------------
[Detail]
Value = 0 must be equal or greater than Min = 1.
---------------------------------------------------------------------------

---------------------------------------------------------------------------
[18:31:30] [ CAM : 0 ] [Á€»ó] 
---------------------------------------------------------------------------
[Detail]
1čű ÀÌčÌÁö ÀüŒÛ żÏ·á
---------------------------------------------------------------------------

---------------------------------------------------------------------------
[18:31:30] [ CAM : 0 ] [Á€»ó] 
---------------------------------------------------------------------------
[Detail]
ĂÔż” œĂÄöœș żÏ·á
---------------------------------------------------------------------------

---------------------------------------------------------------------------
[18:31:51] [ CAM : 0 ] [[ GrabLive ]
] 
---------------------------------------------------------------------------
[Detail]
Not all cameras in the array have attached devices.
---------------------------------------------------------------------------

---------------------------------------------------------------------------
[18:31:57] [ CAM : 0 ] [[ SetInteger ]
] 
---------------------------------------------------------------------------
[Detail]
Value = 0 must be equal or greater than Min = 32.
---------------------------------------------------------------------------

---------------------------------------------------------------------------
[18:31:57] [ CAM : 0 ] [[ SetInteger ]
] 
---------------------------------------------------------------------------
[Detail]
Value = 0 must be equal or greater than Min = 1.
---------------------------------------------------------------------------

---------------------------------------------------------------------------
[18:32:20] [ CAM : 0 ] [[ SetInteger ]
] 
---------------------------------------------------------------------------
[Detail]
Value = 0 must be equal or greater than Min = 32.
---------------------------------------------------------------------------

---------------------------------------------------------------------------
[18:32:20] [ CAM : 0 ] [[ SetInteger ]
] 
---------------------------------------------------------------------------
[Detail]
Value = 0 must be equal or greater than Min = 1.
---------------------------------------------------------------------------

---------------------------------------------------------------------------
[18:32:21] [ CAM : 0 ] [[ GrabLive ]
] 
---------------------------------------------------------------------------
[Detail]
Not all cameras in the array have attached devices.
---------------------------------------------------------------------------

