[20:12:08] [ CAM : 0 ] [[ SetInteger ]
] Value = 0 must be equal or greater than Min = 32.
[20:12:08] [ CAM : 0 ] [[ SetInteger ]
] Value = 0 must be equal or greater than Min = 1.
[20:12:11] [ CAM : 0 ] [알림] 새로운 물체 감지 - 8장 촬영 시작
[20:12:13] [ CAM : 0 ] [정상] 8장 촬영 및 전송 완료
[20:12:13] [ CAM : 0 ] [에러] 서버 판정 데이터 처리 중 알 수 없는 오류
[20:12:16] [ CAM : 0 ] [알림] 새로운 물체 감지 - 8장 촬영 시작
[20:12:17] [ CAM : 0 ] [정상] 8장 촬영 및 전송 완료
[20:12:17] [ CAM : 0 ] [에러] 서버 판정 데이터 처리 중 알 수 없는 오류
[20:12:20] [ CAM : 0 ] [알림] 새로운 물체 감지 - 8장 촬영 시작
[20:12:22] [ CAM : 0 ] [정상] 8장 촬영 및 전송 완료
[20:12:22] [ CAM : 0 ] [에러] 서버 판정 데이터 처리 중 알 수 없는 오류
[20:12:24] [ CAM : 0 ] [알림] 새로운 물체 감지 - 8장 촬영 시작
[20:12:26] [ CAM : 0 ] [정상] 8장 촬영 및 전송 완료
[20:12:26] [ CAM : 0 ] [에러] 서버 판정 데이터 처리 중 알 수 없는 오류
[20:12:29] [ CAM : 0 ] [알림] 새로운 물체 감지 - 8장 촬영 시작
[20:12:30] [ CAM : 0 ] [정상] 8장 촬영 및 전송 완료
[20:12:30] [ CAM : 0 ] [에러] 서버 판정 데이터 처리 중 알 수 없는 오류
[20:12:33] [ CAM : 0 ] [알림] 새로운 물체 감지 - 8장 촬영 시작
[20:12:35] [ CAM : 0 ] [정상] 8장 촬영 및 전송 완료
[20:12:35] [ CAM : 0 ] [에러] 서버 판정 데이터 처리 중 알 수 없는 오류
[20:12:37] [ CAM : 0 ] [알림] 새로운 물체 감지 - 8장 촬영 시작
[20:12:39] [ CAM : 0 ] [정상] 8장 촬영 및 전송 완료
[20:12:39] [ CAM : 0 ] [에러] 서버 판정 데이터 처리 중 알 수 없는 오류
[20:12:41] [ CAM : 0 ] [알림] 새로운 물체 감지 - 8장 촬영 시작
[20:12:43] [ CAM : 0 ] [정상] 8장 촬영 및 전송 완료
[20:12:43] [ CAM : 0 ] [에러] 서버 판정 데이터 처리 중 알 수 없는 오류
