---------------------------------------------------------------------------
[15§û_54¤Å_42ûò] [ CAM : 0 ] Error 
---------------------------------------------------------------------------
[Error position]
[ SetInteger ]
---------------------------------------------------------------------------
[Error Detail]
Value = 0 must be equal or greater than Min = 32.
---------------------------------------------------------------------------
---------------------------------------------------------------------------
[15§û_54¤Å_42ûò] [ CAM : 0 ] Error 
---------------------------------------------------------------------------
[Error position]
[ SetInteger ]
---------------------------------------------------------------------------
[Error Detail]
Value = 0 must be equal or greater than Min = 1.
---------------------------------------------------------------------------
---------------------------------------------------------------------------
[15§û_55¤Å_10ûò] [ CAM : 0 ] Error 
---------------------------------------------------------------------------
[Error position]
[ GrabLive ]
---------------------------------------------------------------------------
[Error Detail]
Grabbing has already been started.
---------------------------------------------------------------------------
