---------------------------------------------------------------------------
[10:38:28] [ CAM : 0 ] [[ SetInteger ]
] 
---------------------------------------------------------------------------
[Detail]
Value = 0 must be equal or greater than Min = 32.
---------------------------------------------------------------------------

---------------------------------------------------------------------------
[10:38:28] [ CAM : 0 ] [[ SetInteger ]
] 
---------------------------------------------------------------------------
[Detail]
Value = 0 must be equal or greater than Min = 1.
---------------------------------------------------------------------------

---------------------------------------------------------------------------
[10:38:32] [ CAM : 0 ] [정상] 
---------------------------------------------------------------------------
[Detail]
물체 감지 - 촬영 시작
---------------------------------------------------------------------------

---------------------------------------------------------------------------
[10:38:32] [ CAM : 0 ] [정상] 
---------------------------------------------------------------------------
[Detail]
[일반] 1번 전송 완료
---------------------------------------------------------------------------

---------------------------------------------------------------------------
[10:38:32] [ CAM : 0 ] [정상] 
---------------------------------------------------------------------------
[Detail]
[일반] 2번 전송 완료
---------------------------------------------------------------------------

---------------------------------------------------------------------------
[10:38:32] [ CAM : 0 ] [정상] 
---------------------------------------------------------------------------
[Detail]
[일반] 3번 전송 완료
---------------------------------------------------------------------------

---------------------------------------------------------------------------
[10:38:33] [ CAM : 0 ] [정상] 
---------------------------------------------------------------------------
[Detail]
[일반] 4번 전송 완료
---------------------------------------------------------------------------

---------------------------------------------------------------------------
[10:38:33] [ CAM : 0 ] [정상] 
---------------------------------------------------------------------------
[Detail]
촬영 시퀀스 완료
---------------------------------------------------------------------------

---------------------------------------------------------------------------
[10:38:33] [ CAM : 0 ] [정상] 
---------------------------------------------------------------------------
[Detail]
물체 감지 - 촬영 시작
---------------------------------------------------------------------------

---------------------------------------------------------------------------
[10:38:33] [ CAM : 0 ] [정상] 
---------------------------------------------------------------------------
[Detail]
[일반] 1번 전송 완료
---------------------------------------------------------------------------

---------------------------------------------------------------------------
[10:38:33] [ CAM : 0 ] [정상] 
---------------------------------------------------------------------------
[Detail]
[일반] 2번 전송 완료
---------------------------------------------------------------------------

---------------------------------------------------------------------------
[10:38:33] [ CAM : 0 ] [정상] 
---------------------------------------------------------------------------
[Detail]
[일반] 3번 전송 완료
---------------------------------------------------------------------------

---------------------------------------------------------------------------
[10:38:34] [ CAM : 0 ] [정상] 
---------------------------------------------------------------------------
[Detail]
[일반] 4번 전송 완료
---------------------------------------------------------------------------

---------------------------------------------------------------------------
[10:38:34] [ CAM : 0 ] [정상] 
---------------------------------------------------------------------------
[Detail]
촬영 시퀀스 완료
---------------------------------------------------------------------------

---------------------------------------------------------------------------
[10:38:36] [ CAM : 0 ] [알림] 
---------------------------------------------------------------------------
[Detail]
시스템 모드 변경: [재분류 모드]
---------------------------------------------------------------------------

---------------------------------------------------------------------------
[10:38:40] [ CAM : 0 ] [정상] 
---------------------------------------------------------------------------
[Detail]
물체 감지 - 촬영 시작
---------------------------------------------------------------------------

---------------------------------------------------------------------------
[10:38:40] [ CAM : 0 ] [정상] 
---------------------------------------------------------------------------
[Detail]
[재분류] 1번 전송 완료
---------------------------------------------------------------------------

---------------------------------------------------------------------------
[10:38:40] [ CAM : 0 ] [정상] 
---------------------------------------------------------------------------
[Detail]
[재분류] 2번 전송 완료
---------------------------------------------------------------------------

---------------------------------------------------------------------------
[10:38:40] [ CAM : 0 ] [정상] 
---------------------------------------------------------------------------
[Detail]
[재분류] 3번 전송 완료
---------------------------------------------------------------------------

---------------------------------------------------------------------------
[10:38:40] [ CAM : 0 ] [정상] 
---------------------------------------------------------------------------
[Detail]
[재분류] 4번 전송 완료
---------------------------------------------------------------------------

---------------------------------------------------------------------------
[10:38:40] [ CAM : 0 ] [정상] 
---------------------------------------------------------------------------
[Detail]
촬영 시퀀스 완료
---------------------------------------------------------------------------

---------------------------------------------------------------------------
[10:38:40] [ CAM : 0 ] [정상] 
---------------------------------------------------------------------------
[Detail]
물체 감지 - 촬영 시작
---------------------------------------------------------------------------

---------------------------------------------------------------------------
[10:38:41] [ CAM : 0 ] [정상] 
---------------------------------------------------------------------------
[Detail]
[재분류] 1번 전송 완료
---------------------------------------------------------------------------

---------------------------------------------------------------------------
[10:38:41] [ CAM : 0 ] [정상] 
---------------------------------------------------------------------------
[Detail]
[재분류] 2번 전송 완료
---------------------------------------------------------------------------

---------------------------------------------------------------------------
[10:38:41] [ CAM : 0 ] [정상] 
---------------------------------------------------------------------------
[Detail]
[재분류] 3번 전송 완료
---------------------------------------------------------------------------

---------------------------------------------------------------------------
[10:38:41] [ CAM : 0 ] [정상] 
---------------------------------------------------------------------------
[Detail]
[재분류] 4번 전송 완료
---------------------------------------------------------------------------

---------------------------------------------------------------------------
[10:38:41] [ CAM : 0 ] [정상] 
---------------------------------------------------------------------------
[Detail]
촬영 시퀀스 완료
---------------------------------------------------------------------------

---------------------------------------------------------------------------
[10:38:41] [ CAM : 0 ] [정상] 
---------------------------------------------------------------------------
[Detail]
물체 감지 - 촬영 시작
---------------------------------------------------------------------------

---------------------------------------------------------------------------
[10:38:42] [ CAM : 0 ] [정상] 
---------------------------------------------------------------------------
[Detail]
[재분류] 1번 전송 완료
---------------------------------------------------------------------------

---------------------------------------------------------------------------
[10:38:42] [ CAM : 0 ] [정상] 
---------------------------------------------------------------------------
[Detail]
[재분류] 2번 전송 완료
---------------------------------------------------------------------------

---------------------------------------------------------------------------
[10:38:42] [ CAM : 0 ] [정상] 
---------------------------------------------------------------------------
[Detail]
[재분류] 3번 전송 완료
---------------------------------------------------------------------------

---------------------------------------------------------------------------
[10:38:42] [ CAM : 0 ] [정상] 
---------------------------------------------------------------------------
[Detail]
[재분류] 4번 전송 완료
---------------------------------------------------------------------------

---------------------------------------------------------------------------
[10:38:42] [ CAM : 0 ] [정상] 
---------------------------------------------------------------------------
[Detail]
촬영 시퀀스 완료
---------------------------------------------------------------------------

