---------------------------------------------------------------------------
[10:42:13] [ CAM : 0 ] [[ SetInteger ]
] 
---------------------------------------------------------------------------
[Detail]
Value = 0 must be equal or greater than Min = 32.
---------------------------------------------------------------------------

---------------------------------------------------------------------------
[10:42:13] [ CAM : 0 ] [[ SetInteger ]
] 
---------------------------------------------------------------------------
[Detail]
Value = 0 must be equal or greater than Min = 1.
---------------------------------------------------------------------------

---------------------------------------------------------------------------
[10:42:17] [ CAM : 0 ] [СЄЛѓ] 
---------------------------------------------------------------------------
[Detail]
ЙАУМ АЈСі - УдПЕ НУРл
---------------------------------------------------------------------------

---------------------------------------------------------------------------
[10:42:17] [ CAM : 0 ] [СЄЛѓ] 
---------------------------------------------------------------------------
[Detail]
[РЯЙн] 1Йј РќМл ПЯЗс
---------------------------------------------------------------------------

---------------------------------------------------------------------------
[10:42:17] [ CAM : 0 ] [СЄЛѓ] 
---------------------------------------------------------------------------
[Detail]
[РЯЙн] 2Йј РќМл ПЯЗс
---------------------------------------------------------------------------

---------------------------------------------------------------------------
[10:42:17] [ CAM : 0 ] [СЄЛѓ] 
---------------------------------------------------------------------------
[Detail]
[РЯЙн] 3Йј РќМл ПЯЗс
---------------------------------------------------------------------------

---------------------------------------------------------------------------
[10:42:17] [ CAM : 0 ] [СЄЛѓ] 
---------------------------------------------------------------------------
[Detail]
[РЯЙн] 4Йј РќМл ПЯЗс
---------------------------------------------------------------------------

---------------------------------------------------------------------------
[10:42:17] [ CAM : 0 ] [СЄЛѓ] 
---------------------------------------------------------------------------
[Detail]
УдПЕ НУФіНК ПЯЗс
---------------------------------------------------------------------------

---------------------------------------------------------------------------
[10:42:17] [ CAM : 0 ] [СЄЛѓ] 
---------------------------------------------------------------------------
[Detail]
ЙАУМ АЈСі - УдПЕ НУРл
---------------------------------------------------------------------------

---------------------------------------------------------------------------
[10:42:18] [ CAM : 0 ] [СЄЛѓ] 
---------------------------------------------------------------------------
[Detail]
[РЯЙн] 1Йј РќМл ПЯЗс
---------------------------------------------------------------------------

---------------------------------------------------------------------------
[10:42:18] [ CAM : 0 ] [СЄЛѓ] 
---------------------------------------------------------------------------
[Detail]
[РЯЙн] 2Йј РќМл ПЯЗс
---------------------------------------------------------------------------

---------------------------------------------------------------------------
[10:42:18] [ CAM : 0 ] [СЄЛѓ] 
---------------------------------------------------------------------------
[Detail]
[РЯЙн] 3Йј РќМл ПЯЗс
---------------------------------------------------------------------------

---------------------------------------------------------------------------
[10:42:18] [ CAM : 0 ] [СЄЛѓ] 
---------------------------------------------------------------------------
[Detail]
[РЯЙн] 4Йј РќМл ПЯЗс
---------------------------------------------------------------------------

---------------------------------------------------------------------------
[10:42:18] [ CAM : 0 ] [СЄЛѓ] 
---------------------------------------------------------------------------
[Detail]
УдПЕ НУФіНК ПЯЗс
---------------------------------------------------------------------------

---------------------------------------------------------------------------
[10:42:18] [ CAM : 0 ] [СЄЛѓ] 
---------------------------------------------------------------------------
[Detail]
ЙАУМ АЈСі - УдПЕ НУРл
---------------------------------------------------------------------------

---------------------------------------------------------------------------
[10:42:19] [ CAM : 0 ] [СЄЛѓ] 
---------------------------------------------------------------------------
[Detail]
[РЯЙн] 1Йј РќМл ПЯЗс
---------------------------------------------------------------------------

---------------------------------------------------------------------------
[10:42:19] [ CAM : 0 ] [СЄЛѓ] 
---------------------------------------------------------------------------
[Detail]
[РЯЙн] 2Йј РќМл ПЯЗс
---------------------------------------------------------------------------

---------------------------------------------------------------------------
[10:42:19] [ CAM : 0 ] [СЄЛѓ] 
---------------------------------------------------------------------------
[Detail]
[РЯЙн] 3Йј РќМл ПЯЗс
---------------------------------------------------------------------------

---------------------------------------------------------------------------
[10:42:19] [ CAM : 0 ] [СЄЛѓ] 
---------------------------------------------------------------------------
[Detail]
[РЯЙн] 4Йј РќМл ПЯЗс
---------------------------------------------------------------------------

---------------------------------------------------------------------------
[10:42:19] [ CAM : 0 ] [СЄЛѓ] 
---------------------------------------------------------------------------
[Detail]
УдПЕ НУФіНК ПЯЗс
---------------------------------------------------------------------------

---------------------------------------------------------------------------
[10:43:30] [ CAM : 0 ] [СЄЛѓ] 
---------------------------------------------------------------------------
[Detail]
ЙАУМ АЈСі - УдПЕ НУРл
---------------------------------------------------------------------------

---------------------------------------------------------------------------
[10:43:30] [ CAM : 0 ] [СЄЛѓ] 
---------------------------------------------------------------------------
[Detail]
[РЯЙн] 1Йј РќМл ПЯЗс
---------------------------------------------------------------------------

---------------------------------------------------------------------------
[10:43:30] [ CAM : 0 ] [СЄЛѓ] 
---------------------------------------------------------------------------
[Detail]
[РЯЙн] 2Йј РќМл ПЯЗс
---------------------------------------------------------------------------

---------------------------------------------------------------------------
[10:43:31] [ CAM : 0 ] [СЄЛѓ] 
---------------------------------------------------------------------------
[Detail]
[РЯЙн] 3Йј РќМл ПЯЗс
---------------------------------------------------------------------------

---------------------------------------------------------------------------
[10:43:31] [ CAM : 0 ] [СЄЛѓ] 
---------------------------------------------------------------------------
[Detail]
[РЯЙн] 4Йј РќМл ПЯЗс
---------------------------------------------------------------------------

---------------------------------------------------------------------------
[10:43:31] [ CAM : 0 ] [СЄЛѓ] 
---------------------------------------------------------------------------
[Detail]
УдПЕ НУФіНК ПЯЗс
---------------------------------------------------------------------------

---------------------------------------------------------------------------
[10:43:31] [ CAM : 0 ] [СЄЛѓ] 
---------------------------------------------------------------------------
[Detail]
ЙАУМ АЈСі - УдПЕ НУРл
---------------------------------------------------------------------------

---------------------------------------------------------------------------
[10:43:31] [ CAM : 0 ] [СЄЛѓ] 
---------------------------------------------------------------------------
[Detail]
[РЯЙн] 1Йј РќМл ПЯЗс
---------------------------------------------------------------------------

---------------------------------------------------------------------------
[10:43:32] [ CAM : 0 ] [СЄЛѓ] 
---------------------------------------------------------------------------
[Detail]
[РЯЙн] 2Йј РќМл ПЯЗс
---------------------------------------------------------------------------

---------------------------------------------------------------------------
[10:43:32] [ CAM : 0 ] [СЄЛѓ] 
---------------------------------------------------------------------------
[Detail]
[РЯЙн] 3Йј РќМл ПЯЗс
---------------------------------------------------------------------------

---------------------------------------------------------------------------
[10:43:32] [ CAM : 0 ] [СЄЛѓ] 
---------------------------------------------------------------------------
[Detail]
[РЯЙн] 4Йј РќМл ПЯЗс
---------------------------------------------------------------------------

---------------------------------------------------------------------------
[10:43:32] [ CAM : 0 ] [СЄЛѓ] 
---------------------------------------------------------------------------
[Detail]
УдПЕ НУФіНК ПЯЗс
---------------------------------------------------------------------------

---------------------------------------------------------------------------
[10:43:37] [ CAM : 0 ] [ОЫИВ] 
---------------------------------------------------------------------------
[Detail]
НУНКХл И№Ех КЏАц: [РчКаЗљ И№Ех]
---------------------------------------------------------------------------

---------------------------------------------------------------------------
[10:43:39] [ CAM : 0 ] [СЄЛѓ] 
---------------------------------------------------------------------------
[Detail]
ЙАУМ АЈСі - УдПЕ НУРл
---------------------------------------------------------------------------

---------------------------------------------------------------------------
[10:43:39] [ CAM : 0 ] [СЄЛѓ] 
---------------------------------------------------------------------------
[Detail]
[РчКаЗљ] 1Йј РќМл ПЯЗс
---------------------------------------------------------------------------

---------------------------------------------------------------------------
[10:43:40] [ CAM : 0 ] [СЄЛѓ] 
---------------------------------------------------------------------------
[Detail]
[РчКаЗљ] 2Йј РќМл ПЯЗс
---------------------------------------------------------------------------

---------------------------------------------------------------------------
[10:43:40] [ CAM : 0 ] [СЄЛѓ] 
---------------------------------------------------------------------------
[Detail]
[РчКаЗљ] 3Йј РќМл ПЯЗс
---------------------------------------------------------------------------

---------------------------------------------------------------------------
[10:43:40] [ CAM : 0 ] [СЄЛѓ] 
---------------------------------------------------------------------------
[Detail]
[РчКаЗљ] 4Йј РќМл ПЯЗс
---------------------------------------------------------------------------

---------------------------------------------------------------------------
[10:43:40] [ CAM : 0 ] [СЄЛѓ] 
---------------------------------------------------------------------------
[Detail]
УдПЕ НУФіНК ПЯЗс
---------------------------------------------------------------------------

---------------------------------------------------------------------------
[10:43:40] [ CAM : 0 ] [СЄЛѓ] 
---------------------------------------------------------------------------
[Detail]
ЙАУМ АЈСі - УдПЕ НУРл
---------------------------------------------------------------------------

---------------------------------------------------------------------------
[10:43:40] [ CAM : 0 ] [СЄЛѓ] 
---------------------------------------------------------------------------
[Detail]
[РчКаЗљ] 1Йј РќМл ПЯЗс
---------------------------------------------------------------------------

---------------------------------------------------------------------------
[10:43:41] [ CAM : 0 ] [СЄЛѓ] 
---------------------------------------------------------------------------
[Detail]
[РчКаЗљ] 2Йј РќМл ПЯЗс
---------------------------------------------------------------------------

---------------------------------------------------------------------------
[10:43:41] [ CAM : 0 ] [СЄЛѓ] 
---------------------------------------------------------------------------
[Detail]
[РчКаЗљ] 3Йј РќМл ПЯЗс
---------------------------------------------------------------------------

---------------------------------------------------------------------------
[10:43:41] [ CAM : 0 ] [СЄЛѓ] 
---------------------------------------------------------------------------
[Detail]
[РчКаЗљ] 4Йј РќМл ПЯЗс
---------------------------------------------------------------------------

---------------------------------------------------------------------------
[10:43:41] [ CAM : 0 ] [СЄЛѓ] 
---------------------------------------------------------------------------
[Detail]
УдПЕ НУФіНК ПЯЗс
---------------------------------------------------------------------------

---------------------------------------------------------------------------
[10:43:47] [ CAM : 0 ] [СЄЛѓ] 
---------------------------------------------------------------------------
[Detail]
ЙАУМ АЈСі - УдПЕ НУРл
---------------------------------------------------------------------------

---------------------------------------------------------------------------
[10:43:47] [ CAM : 0 ] [СЄЛѓ] 
---------------------------------------------------------------------------
[Detail]
[РчКаЗљ] 1Йј РќМл ПЯЗс
---------------------------------------------------------------------------

---------------------------------------------------------------------------
[10:43:47] [ CAM : 0 ] [СЄЛѓ] 
---------------------------------------------------------------------------
[Detail]
[РчКаЗљ] 2Йј РќМл ПЯЗс
---------------------------------------------------------------------------

---------------------------------------------------------------------------
[10:43:47] [ CAM : 0 ] [СЄЛѓ] 
---------------------------------------------------------------------------
[Detail]
[РчКаЗљ] 3Йј РќМл ПЯЗс
---------------------------------------------------------------------------

---------------------------------------------------------------------------
[10:43:47] [ CAM : 0 ] [СЄЛѓ] 
---------------------------------------------------------------------------
[Detail]
[РчКаЗљ] 4Йј РќМл ПЯЗс
---------------------------------------------------------------------------

---------------------------------------------------------------------------
[10:43:47] [ CAM : 0 ] [СЄЛѓ] 
---------------------------------------------------------------------------
[Detail]
УдПЕ НУФіНК ПЯЗс
---------------------------------------------------------------------------

---------------------------------------------------------------------------
[10:43:47] [ CAM : 0 ] [СЄЛѓ] 
---------------------------------------------------------------------------
[Detail]
ЙАУМ АЈСі - УдПЕ НУРл
---------------------------------------------------------------------------

---------------------------------------------------------------------------
[10:43:48] [ CAM : 0 ] [СЄЛѓ] 
---------------------------------------------------------------------------
[Detail]
[РчКаЗљ] 1Йј РќМл ПЯЗс
---------------------------------------------------------------------------

---------------------------------------------------------------------------
[10:43:48] [ CAM : 0 ] [СЄЛѓ] 
---------------------------------------------------------------------------
[Detail]
[РчКаЗљ] 2Йј РќМл ПЯЗс
---------------------------------------------------------------------------

---------------------------------------------------------------------------
[10:43:48] [ CAM : 0 ] [СЄЛѓ] 
---------------------------------------------------------------------------
[Detail]
[РчКаЗљ] 3Йј РќМл ПЯЗс
---------------------------------------------------------------------------

---------------------------------------------------------------------------
[10:43:48] [ CAM : 0 ] [СЄЛѓ] 
---------------------------------------------------------------------------
[Detail]
[РчКаЗљ] 4Йј РќМл ПЯЗс
---------------------------------------------------------------------------

---------------------------------------------------------------------------
[10:43:48] [ CAM : 0 ] [СЄЛѓ] 
---------------------------------------------------------------------------
[Detail]
УдПЕ НУФіНК ПЯЗс
---------------------------------------------------------------------------

---------------------------------------------------------------------------
[10:43:48] [ CAM : 0 ] [СЄЛѓ] 
---------------------------------------------------------------------------
[Detail]
ЙАУМ АЈСі - УдПЕ НУРл
---------------------------------------------------------------------------

---------------------------------------------------------------------------
[10:43:49] [ CAM : 0 ] [СЄЛѓ] 
---------------------------------------------------------------------------
[Detail]
[РчКаЗљ] 1Йј РќМл ПЯЗс
---------------------------------------------------------------------------

---------------------------------------------------------------------------
[10:43:49] [ CAM : 0 ] [СЄЛѓ] 
---------------------------------------------------------------------------
[Detail]
[РчКаЗљ] 2Йј РќМл ПЯЗс
---------------------------------------------------------------------------

---------------------------------------------------------------------------
[10:43:49] [ CAM : 0 ] [СЄЛѓ] 
---------------------------------------------------------------------------
[Detail]
[РчКаЗљ] 3Йј РќМл ПЯЗс
---------------------------------------------------------------------------

---------------------------------------------------------------------------
[10:43:49] [ CAM : 0 ] [СЄЛѓ] 
---------------------------------------------------------------------------
[Detail]
[РчКаЗљ] 4Йј РќМл ПЯЗс
---------------------------------------------------------------------------

---------------------------------------------------------------------------
[10:43:49] [ CAM : 0 ] [СЄЛѓ] 
---------------------------------------------------------------------------
[Detail]
УдПЕ НУФіНК ПЯЗс
---------------------------------------------------------------------------

