---------------------------------------------------------------------------
[14§û_38¤Å_22ûò] [ CAM : 0 ] Error 
---------------------------------------------------------------------------
[Error position]
[ SetInteger ]
---------------------------------------------------------------------------
[Error Detail]
Value = 0 must be equal or greater than Min = 32.
---------------------------------------------------------------------------
---------------------------------------------------------------------------
[14§û_38¤Å_22ûò] [ CAM : 0 ] Error 
---------------------------------------------------------------------------
[Error position]
[ SetInteger ]
---------------------------------------------------------------------------
[Error Detail]
Value = 0 must be equal or greater than Min = 1.
---------------------------------------------------------------------------
---------------------------------------------------------------------------
[14§û_38¤Å_33ûò] [ CAM : 0 ] Error 
---------------------------------------------------------------------------
[Error position]
[ SingleGrab ]
---------------------------------------------------------------------------
[Error Detail]
Grabbing has already been started.
---------------------------------------------------------------------------
---------------------------------------------------------------------------
[14§û_38¤Å_36ûò] [ CAM : 0 ] Error 
---------------------------------------------------------------------------
[Error position]
[ SingleGrab ]
---------------------------------------------------------------------------
[Error Detail]
Grabbing has already been started.
---------------------------------------------------------------------------
---------------------------------------------------------------------------
[14§û_38¤Å_38ûò] [ CAM : 0 ] Error 
---------------------------------------------------------------------------
[Error position]
[ SingleGrab ]
---------------------------------------------------------------------------
[Error Detail]
Grabbing has already been started.
---------------------------------------------------------------------------
