---------------------------------------------------------------------------
[10:31:07] [ CAM : 0 ] [[ SetInteger ]
] 
---------------------------------------------------------------------------
[Detail]
Value = 0 must be equal or greater than Min = 32.
---------------------------------------------------------------------------

---------------------------------------------------------------------------
[10:31:07] [ CAM : 0 ] [[ SetInteger ]
] 
---------------------------------------------------------------------------
[Detail]
Value = 0 must be equal or greater than Min = 1.
---------------------------------------------------------------------------

---------------------------------------------------------------------------
[10:31:08] [ CAM : 0 ] [정상] 
---------------------------------------------------------------------------
[Detail]
[일반] 1번 전송 완료
---------------------------------------------------------------------------

---------------------------------------------------------------------------
[10:31:09] [ CAM : 0 ] [정상] 
---------------------------------------------------------------------------
[Detail]
[일반] 2번 전송 완료
---------------------------------------------------------------------------

---------------------------------------------------------------------------
[10:31:09] [ CAM : 0 ] [정상] 
---------------------------------------------------------------------------
[Detail]
[일반] 3번 전송 완료
---------------------------------------------------------------------------

---------------------------------------------------------------------------
[10:31:09] [ CAM : 0 ] [정상] 
---------------------------------------------------------------------------
[Detail]
[일반] 4번 전송 완료
---------------------------------------------------------------------------

---------------------------------------------------------------------------
[10:31:09] [ CAM : 0 ] [정상] 
---------------------------------------------------------------------------
[Detail]
[일반] 5번 전송 완료
---------------------------------------------------------------------------

---------------------------------------------------------------------------
[10:31:10] [ CAM : 0 ] [정상] 
---------------------------------------------------------------------------
[Detail]
[일반] 6번 전송 완료
---------------------------------------------------------------------------

---------------------------------------------------------------------------
[10:31:10] [ CAM : 0 ] [정상] 
---------------------------------------------------------------------------
[Detail]
[일반] 7번 전송 완료
---------------------------------------------------------------------------

---------------------------------------------------------------------------
[10:31:10] [ CAM : 0 ] [정상] 
---------------------------------------------------------------------------
[Detail]
[일반] 8번 전송 완료
---------------------------------------------------------------------------

---------------------------------------------------------------------------
[10:31:10] [ CAM : 0 ] [정상] 
---------------------------------------------------------------------------
[Detail]
[일반] 9번 전송 완료
---------------------------------------------------------------------------

---------------------------------------------------------------------------
[10:31:11] [ CAM : 0 ] [정상] 
---------------------------------------------------------------------------
[Detail]
[일반] 10번 전송 완료
---------------------------------------------------------------------------

---------------------------------------------------------------------------
[10:31:11] [ CAM : 0 ] [정상] 
---------------------------------------------------------------------------
[Detail]
[일반] 11번 전송 완료
---------------------------------------------------------------------------

---------------------------------------------------------------------------
[10:31:11] [ CAM : 0 ] [정상] 
---------------------------------------------------------------------------
[Detail]
[일반] 12번 전송 완료
---------------------------------------------------------------------------

---------------------------------------------------------------------------
[10:31:11] [ CAM : 0 ] [정상] 
---------------------------------------------------------------------------
[Detail]
[일반] 13번 전송 완료
---------------------------------------------------------------------------

---------------------------------------------------------------------------
[10:31:12] [ CAM : 0 ] [정상] 
---------------------------------------------------------------------------
[Detail]
[일반] 14번 전송 완료
---------------------------------------------------------------------------

---------------------------------------------------------------------------
[10:31:12] [ CAM : 0 ] [정상] 
---------------------------------------------------------------------------
[Detail]
[일반] 15번 전송 완료
---------------------------------------------------------------------------

---------------------------------------------------------------------------
[10:31:12] [ CAM : 0 ] [정상] 
---------------------------------------------------------------------------
[Detail]
[일반] 16번 전송 완료
---------------------------------------------------------------------------

---------------------------------------------------------------------------
[10:31:12] [ CAM : 0 ] [정상] 
---------------------------------------------------------------------------
[Detail]
[일반] 17번 전송 완료
---------------------------------------------------------------------------

---------------------------------------------------------------------------
[10:31:13] [ CAM : 0 ] [정상] 
---------------------------------------------------------------------------
[Detail]
[일반] 18번 전송 완료
---------------------------------------------------------------------------

---------------------------------------------------------------------------
[10:31:13] [ CAM : 0 ] [정상] 
---------------------------------------------------------------------------
[Detail]
[일반] 19번 전송 완료
---------------------------------------------------------------------------

---------------------------------------------------------------------------
[10:31:13] [ CAM : 0 ] [정상] 
---------------------------------------------------------------------------
[Detail]
[일반] 20번 전송 완료
---------------------------------------------------------------------------

---------------------------------------------------------------------------
[10:31:13] [ CAM : 0 ] [정상] 
---------------------------------------------------------------------------
[Detail]
[일반] 21번 전송 완료
---------------------------------------------------------------------------

---------------------------------------------------------------------------
[10:31:14] [ CAM : 0 ] [정상] 
---------------------------------------------------------------------------
[Detail]
[일반] 22번 전송 완료
---------------------------------------------------------------------------

---------------------------------------------------------------------------
[10:31:14] [ CAM : 0 ] [정상] 
---------------------------------------------------------------------------
[Detail]
[일반] 23번 전송 완료
---------------------------------------------------------------------------

---------------------------------------------------------------------------
[10:31:14] [ CAM : 0 ] [정상] 
---------------------------------------------------------------------------
[Detail]
[일반] 24번 전송 완료
---------------------------------------------------------------------------

---------------------------------------------------------------------------
[10:31:14] [ CAM : 0 ] [정상] 
---------------------------------------------------------------------------
[Detail]
[일반] 25번 전송 완료
---------------------------------------------------------------------------

---------------------------------------------------------------------------
[10:31:15] [ CAM : 0 ] [정상] 
---------------------------------------------------------------------------
[Detail]
[일반] 26번 전송 완료
---------------------------------------------------------------------------

---------------------------------------------------------------------------
[10:31:15] [ CAM : 0 ] [정상] 
---------------------------------------------------------------------------
[Detail]
[일반] 27번 전송 완료
---------------------------------------------------------------------------

---------------------------------------------------------------------------
[10:31:15] [ CAM : 0 ] [정상] 
---------------------------------------------------------------------------
[Detail]
[일반] 28번 전송 완료
---------------------------------------------------------------------------

---------------------------------------------------------------------------
[10:31:15] [ CAM : 0 ] [정상] 
---------------------------------------------------------------------------
[Detail]
[일반] 29번 전송 완료
---------------------------------------------------------------------------

