---------------------------------------------------------------------------
[10:57:00] [ CAM : 0 ] [[ SetInteger ]
] 
---------------------------------------------------------------------------
[Detail]
Value = 0 must be equal or greater than Min = 32.
---------------------------------------------------------------------------

---------------------------------------------------------------------------
[10:57:00] [ CAM : 0 ] [[ SetInteger ]
] 
---------------------------------------------------------------------------
[Detail]
Value = 0 must be equal or greater than Min = 1.
---------------------------------------------------------------------------

---------------------------------------------------------------------------
[10:57:02] [ CAM : 0 ] [정상] 
---------------------------------------------------------------------------
[Detail]
[일반] Plate:1, Shot:1 전송완료
---------------------------------------------------------------------------

---------------------------------------------------------------------------
[10:57:02] [ CAM : 0 ] [정상] 
---------------------------------------------------------------------------
[Detail]
촬영 시퀀스 완료 (대기 모드 진입)
---------------------------------------------------------------------------

---------------------------------------------------------------------------
[10:57:04] [ CAM : 0 ] [정상] 
---------------------------------------------------------------------------
[Detail]
물체 감지 - 촬영 시작
---------------------------------------------------------------------------

---------------------------------------------------------------------------
[10:57:04] [ CAM : 0 ] [정상] 
---------------------------------------------------------------------------
[Detail]
[일반] Plate:2, Shot:1 전송완료
---------------------------------------------------------------------------

---------------------------------------------------------------------------
[10:57:05] [ CAM : 0 ] [정상] 
---------------------------------------------------------------------------
[Detail]
[일반] Plate:2, Shot:2 전송완료
---------------------------------------------------------------------------

---------------------------------------------------------------------------
[10:57:05] [ CAM : 0 ] [정상] 
---------------------------------------------------------------------------
[Detail]
[일반] Plate:2, Shot:3 전송완료
---------------------------------------------------------------------------

---------------------------------------------------------------------------
[10:57:05] [ CAM : 0 ] [정상] 
---------------------------------------------------------------------------
[Detail]
[일반] Plate:2, Shot:4 전송완료
---------------------------------------------------------------------------

---------------------------------------------------------------------------
[10:57:05] [ CAM : 0 ] [정상] 
---------------------------------------------------------------------------
[Detail]
촬영 시퀀스 완료 (대기 모드 진입)
---------------------------------------------------------------------------

---------------------------------------------------------------------------
[10:57:07] [ CAM : 0 ] [정상] 
---------------------------------------------------------------------------
[Detail]
물체 감지 - 촬영 시작
---------------------------------------------------------------------------

---------------------------------------------------------------------------
[10:57:07] [ CAM : 0 ] [정상] 
---------------------------------------------------------------------------
[Detail]
[일반] Plate:3, Shot:1 전송완료
---------------------------------------------------------------------------

---------------------------------------------------------------------------
[10:57:07] [ CAM : 0 ] [정상] 
---------------------------------------------------------------------------
[Detail]
[일반] Plate:3, Shot:2 전송완료
---------------------------------------------------------------------------

---------------------------------------------------------------------------
[10:57:07] [ CAM : 0 ] [정상] 
---------------------------------------------------------------------------
[Detail]
[일반] Plate:3, Shot:3 전송완료
---------------------------------------------------------------------------

---------------------------------------------------------------------------
[10:57:07] [ CAM : 0 ] [정상] 
---------------------------------------------------------------------------
[Detail]
[일반] Plate:3, Shot:4 전송완료
---------------------------------------------------------------------------

---------------------------------------------------------------------------
[10:57:07] [ CAM : 0 ] [정상] 
---------------------------------------------------------------------------
[Detail]
촬영 시퀀스 완료 (대기 모드 진입)
---------------------------------------------------------------------------

---------------------------------------------------------------------------
[10:57:15] [ CAM : 0 ] [정상] 
---------------------------------------------------------------------------
[Detail]
물체 감지 - 촬영 시작
---------------------------------------------------------------------------

---------------------------------------------------------------------------
[10:57:15] [ CAM : 0 ] [정상] 
---------------------------------------------------------------------------
[Detail]
[일반] Plate:4, Shot:1 전송완료
---------------------------------------------------------------------------

---------------------------------------------------------------------------
[10:57:15] [ CAM : 0 ] [정상] 
---------------------------------------------------------------------------
[Detail]
[일반] Plate:4, Shot:2 전송완료
---------------------------------------------------------------------------

---------------------------------------------------------------------------
[10:57:16] [ CAM : 0 ] [정상] 
---------------------------------------------------------------------------
[Detail]
[일반] Plate:4, Shot:3 전송완료
---------------------------------------------------------------------------

---------------------------------------------------------------------------
[10:57:16] [ CAM : 0 ] [정상] 
---------------------------------------------------------------------------
[Detail]
[일반] Plate:4, Shot:4 전송완료
---------------------------------------------------------------------------

---------------------------------------------------------------------------
[10:57:16] [ CAM : 0 ] [정상] 
---------------------------------------------------------------------------
[Detail]
촬영 시퀀스 완료 (대기 모드 진입)
---------------------------------------------------------------------------

---------------------------------------------------------------------------
[10:57:17] [ CAM : 0 ] [정상] 
---------------------------------------------------------------------------
[Detail]
물체 감지 - 촬영 시작
---------------------------------------------------------------------------

---------------------------------------------------------------------------
[10:57:17] [ CAM : 0 ] [정상] 
---------------------------------------------------------------------------
[Detail]
[일반] Plate:5, Shot:1 전송완료
---------------------------------------------------------------------------

---------------------------------------------------------------------------
[10:57:18] [ CAM : 0 ] [정상] 
---------------------------------------------------------------------------
[Detail]
[일반] Plate:5, Shot:2 전송완료
---------------------------------------------------------------------------

---------------------------------------------------------------------------
[10:57:18] [ CAM : 0 ] [정상] 
---------------------------------------------------------------------------
[Detail]
[일반] Plate:5, Shot:3 전송완료
---------------------------------------------------------------------------

---------------------------------------------------------------------------
[10:57:18] [ CAM : 0 ] [정상] 
---------------------------------------------------------------------------
[Detail]
[일반] Plate:5, Shot:4 전송완료
---------------------------------------------------------------------------

---------------------------------------------------------------------------
[10:57:18] [ CAM : 0 ] [정상] 
---------------------------------------------------------------------------
[Detail]
촬영 시퀀스 완료 (대기 모드 진입)
---------------------------------------------------------------------------

---------------------------------------------------------------------------
[10:57:36] [ CAM : 0 ] [정상] 
---------------------------------------------------------------------------
[Detail]
물체 감지 - 촬영 시작
---------------------------------------------------------------------------

---------------------------------------------------------------------------
[10:57:36] [ CAM : 0 ] [정상] 
---------------------------------------------------------------------------
[Detail]
[일반] Plate:6, Shot:1 전송완료
---------------------------------------------------------------------------

---------------------------------------------------------------------------
[10:57:36] [ CAM : 0 ] [정상] 
---------------------------------------------------------------------------
[Detail]
[일반] Plate:6, Shot:2 전송완료
---------------------------------------------------------------------------

---------------------------------------------------------------------------
[10:57:36] [ CAM : 0 ] [정상] 
---------------------------------------------------------------------------
[Detail]
[일반] Plate:6, Shot:3 전송완료
---------------------------------------------------------------------------

---------------------------------------------------------------------------
[10:57:37] [ CAM : 0 ] [정상] 
---------------------------------------------------------------------------
[Detail]
[일반] Plate:6, Shot:4 전송완료
---------------------------------------------------------------------------

---------------------------------------------------------------------------
[10:57:37] [ CAM : 0 ] [정상] 
---------------------------------------------------------------------------
[Detail]
촬영 시퀀스 완료 (대기 모드 진입)
---------------------------------------------------------------------------

---------------------------------------------------------------------------
[10:57:38] [ CAM : 0 ] [정상] 
---------------------------------------------------------------------------
[Detail]
물체 감지 - 촬영 시작
---------------------------------------------------------------------------

---------------------------------------------------------------------------
[10:57:38] [ CAM : 0 ] [정상] 
---------------------------------------------------------------------------
[Detail]
[일반] Plate:7, Shot:1 전송완료
---------------------------------------------------------------------------

---------------------------------------------------------------------------
[10:57:38] [ CAM : 0 ] [정상] 
---------------------------------------------------------------------------
[Detail]
[일반] Plate:7, Shot:2 전송완료
---------------------------------------------------------------------------

---------------------------------------------------------------------------
[10:57:39] [ CAM : 0 ] [정상] 
---------------------------------------------------------------------------
[Detail]
[일반] Plate:7, Shot:3 전송완료
---------------------------------------------------------------------------

---------------------------------------------------------------------------
[10:57:39] [ CAM : 0 ] [정상] 
---------------------------------------------------------------------------
[Detail]
[일반] Plate:7, Shot:4 전송완료
---------------------------------------------------------------------------

---------------------------------------------------------------------------
[10:57:39] [ CAM : 0 ] [정상] 
---------------------------------------------------------------------------
[Detail]
촬영 시퀀스 완료 (대기 모드 진입)
---------------------------------------------------------------------------

