---------------------------------------------------------------------------
[10:53:19] [ CAM : 0 ] [[ SetInteger ]
] 
---------------------------------------------------------------------------
[Detail]
Value = 0 must be equal or greater than Min = 32.
---------------------------------------------------------------------------

---------------------------------------------------------------------------
[10:53:19] [ CAM : 0 ] [[ SetInteger ]
] 
---------------------------------------------------------------------------
[Detail]
Value = 0 must be equal or greater than Min = 1.
---------------------------------------------------------------------------

---------------------------------------------------------------------------
[10:53:26] [ CAM : 0 ] [정상] 
---------------------------------------------------------------------------
[Detail]
물체 감지 - 촬영 시작
---------------------------------------------------------------------------

---------------------------------------------------------------------------
[10:53:26] [ CAM : 0 ] [정상] 
---------------------------------------------------------------------------
[Detail]
[일반] Plate:1, Shot:1 전송완료
---------------------------------------------------------------------------

---------------------------------------------------------------------------
[10:53:26] [ CAM : 0 ] [정상] 
---------------------------------------------------------------------------
[Detail]
[일반] Plate:1, Shot:2 전송완료
---------------------------------------------------------------------------

---------------------------------------------------------------------------
[10:53:26] [ CAM : 0 ] [정상] 
---------------------------------------------------------------------------
[Detail]
[일반] Plate:1, Shot:3 전송완료
---------------------------------------------------------------------------

---------------------------------------------------------------------------
[10:53:27] [ CAM : 0 ] [정상] 
---------------------------------------------------------------------------
[Detail]
[일반] Plate:1, Shot:4 전송완료
---------------------------------------------------------------------------

---------------------------------------------------------------------------
[10:53:27] [ CAM : 0 ] [정상] 
---------------------------------------------------------------------------
[Detail]
촬영 시퀀스 완료 및 Plate ID 증가
---------------------------------------------------------------------------

---------------------------------------------------------------------------
[10:53:27] [ CAM : 0 ] [정상] 
---------------------------------------------------------------------------
[Detail]
물체 감지 - 촬영 시작
---------------------------------------------------------------------------

---------------------------------------------------------------------------
[10:53:27] [ CAM : 0 ] [정상] 
---------------------------------------------------------------------------
[Detail]
[일반] Plate:2, Shot:1 전송완료
---------------------------------------------------------------------------

---------------------------------------------------------------------------
[10:53:27] [ CAM : 0 ] [정상] 
---------------------------------------------------------------------------
[Detail]
[일반] Plate:2, Shot:2 전송완료
---------------------------------------------------------------------------

---------------------------------------------------------------------------
[10:53:27] [ CAM : 0 ] [정상] 
---------------------------------------------------------------------------
[Detail]
[일반] Plate:2, Shot:3 전송완료
---------------------------------------------------------------------------

---------------------------------------------------------------------------
[10:53:28] [ CAM : 0 ] [정상] 
---------------------------------------------------------------------------
[Detail]
[일반] Plate:2, Shot:4 전송완료
---------------------------------------------------------------------------

---------------------------------------------------------------------------
[10:53:28] [ CAM : 0 ] [정상] 
---------------------------------------------------------------------------
[Detail]
촬영 시퀀스 완료 및 Plate ID 증가
---------------------------------------------------------------------------

---------------------------------------------------------------------------
[10:53:49] [ CAM : 0 ] [정상] 
---------------------------------------------------------------------------
[Detail]
물체 감지 - 촬영 시작
---------------------------------------------------------------------------

---------------------------------------------------------------------------
[10:53:49] [ CAM : 0 ] [정상] 
---------------------------------------------------------------------------
[Detail]
[일반] Plate:3, Shot:1 전송완료
---------------------------------------------------------------------------

---------------------------------------------------------------------------
[10:53:50] [ CAM : 0 ] [정상] 
---------------------------------------------------------------------------
[Detail]
[일반] Plate:3, Shot:2 전송완료
---------------------------------------------------------------------------

---------------------------------------------------------------------------
[10:53:50] [ CAM : 0 ] [정상] 
---------------------------------------------------------------------------
[Detail]
[일반] Plate:3, Shot:3 전송완료
---------------------------------------------------------------------------

---------------------------------------------------------------------------
[10:53:50] [ CAM : 0 ] [정상] 
---------------------------------------------------------------------------
[Detail]
[일반] Plate:3, Shot:4 전송완료
---------------------------------------------------------------------------

---------------------------------------------------------------------------
[10:53:50] [ CAM : 0 ] [정상] 
---------------------------------------------------------------------------
[Detail]
촬영 시퀀스 완료 및 Plate ID 증가
---------------------------------------------------------------------------

---------------------------------------------------------------------------
[10:53:50] [ CAM : 0 ] [정상] 
---------------------------------------------------------------------------
[Detail]
물체 감지 - 촬영 시작
---------------------------------------------------------------------------

---------------------------------------------------------------------------
[10:53:50] [ CAM : 0 ] [정상] 
---------------------------------------------------------------------------
[Detail]
[일반] Plate:4, Shot:1 전송완료
---------------------------------------------------------------------------

---------------------------------------------------------------------------
[10:53:51] [ CAM : 0 ] [정상] 
---------------------------------------------------------------------------
[Detail]
[일반] Plate:4, Shot:2 전송완료
---------------------------------------------------------------------------

---------------------------------------------------------------------------
[10:53:51] [ CAM : 0 ] [정상] 
---------------------------------------------------------------------------
[Detail]
[일반] Plate:4, Shot:3 전송완료
---------------------------------------------------------------------------

---------------------------------------------------------------------------
[10:53:51] [ CAM : 0 ] [정상] 
---------------------------------------------------------------------------
[Detail]
[일반] Plate:4, Shot:4 전송완료
---------------------------------------------------------------------------

---------------------------------------------------------------------------
[10:53:51] [ CAM : 0 ] [정상] 
---------------------------------------------------------------------------
[Detail]
촬영 시퀀스 완료 및 Plate ID 증가
---------------------------------------------------------------------------

