---------------------------------------------------------------------------
[09:33:29] [ CAM : 0 ] [[ SetInteger ]
] 
---------------------------------------------------------------------------
[Detail]
Value = 0 must be equal or greater than Min = 32.
---------------------------------------------------------------------------

---------------------------------------------------------------------------
[09:33:29] [ CAM : 0 ] [[ SetInteger ]
] 
---------------------------------------------------------------------------
[Detail]
Value = 0 must be equal or greater than Min = 1.
---------------------------------------------------------------------------

---------------------------------------------------------------------------
[09:33:31] [ CAM : 0 ] [정상] 
---------------------------------------------------------------------------
[Detail]
1번 이미지 전송 완료
---------------------------------------------------------------------------

---------------------------------------------------------------------------
[09:33:31] [ CAM : 0 ] [정상] 
---------------------------------------------------------------------------
[Detail]
촬영 시퀀스 완료
---------------------------------------------------------------------------

---------------------------------------------------------------------------
[09:33:31] [ CAM : 0 ] [정상] 
---------------------------------------------------------------------------
[Detail]
물체 감지 - 촬영 시작
---------------------------------------------------------------------------

---------------------------------------------------------------------------
[09:33:31] [ CAM : 0 ] [정상] 
---------------------------------------------------------------------------
[Detail]
1번 이미지 전송 완료
---------------------------------------------------------------------------

---------------------------------------------------------------------------
[09:33:32] [ CAM : 0 ] [정상] 
---------------------------------------------------------------------------
[Detail]
2번 이미지 전송 완료
---------------------------------------------------------------------------

---------------------------------------------------------------------------
[09:33:32] [ CAM : 0 ] [정상] 
---------------------------------------------------------------------------
[Detail]
3번 이미지 전송 완료
---------------------------------------------------------------------------

---------------------------------------------------------------------------
[09:33:32] [ CAM : 0 ] [정상] 
---------------------------------------------------------------------------
[Detail]
4번 이미지 전송 완료
---------------------------------------------------------------------------

---------------------------------------------------------------------------
[09:33:32] [ CAM : 0 ] [정상] 
---------------------------------------------------------------------------
[Detail]
촬영 시퀀스 완료
---------------------------------------------------------------------------

---------------------------------------------------------------------------
[09:33:32] [ CAM : 0 ] [정상] 
---------------------------------------------------------------------------
[Detail]
물체 감지 - 촬영 시작
---------------------------------------------------------------------------

---------------------------------------------------------------------------
[09:33:32] [ CAM : 0 ] [정상] 
---------------------------------------------------------------------------
[Detail]
1번 이미지 전송 완료
---------------------------------------------------------------------------

---------------------------------------------------------------------------
[09:33:33] [ CAM : 0 ] [정상] 
---------------------------------------------------------------------------
[Detail]
2번 이미지 전송 완료
---------------------------------------------------------------------------

---------------------------------------------------------------------------
[09:33:33] [ CAM : 0 ] [정상] 
---------------------------------------------------------------------------
[Detail]
3번 이미지 전송 완료
---------------------------------------------------------------------------

---------------------------------------------------------------------------
[09:33:33] [ CAM : 0 ] [정상] 
---------------------------------------------------------------------------
[Detail]
4번 이미지 전송 완료
---------------------------------------------------------------------------

---------------------------------------------------------------------------
[09:33:33] [ CAM : 0 ] [정상] 
---------------------------------------------------------------------------
[Detail]
촬영 시퀀스 완료
---------------------------------------------------------------------------

---------------------------------------------------------------------------
[09:33:33] [ CAM : 0 ] [정상] 
---------------------------------------------------------------------------
[Detail]
물체 감지 - 촬영 시작
---------------------------------------------------------------------------

---------------------------------------------------------------------------
[09:33:33] [ CAM : 0 ] [정상] 
---------------------------------------------------------------------------
[Detail]
1번 이미지 전송 완료
---------------------------------------------------------------------------

---------------------------------------------------------------------------
[09:33:34] [ CAM : 0 ] [정상] 
---------------------------------------------------------------------------
[Detail]
2번 이미지 전송 완료
---------------------------------------------------------------------------

---------------------------------------------------------------------------
[09:33:34] [ CAM : 0 ] [정상] 
---------------------------------------------------------------------------
[Detail]
3번 이미지 전송 완료
---------------------------------------------------------------------------

---------------------------------------------------------------------------
[09:33:34] [ CAM : 0 ] [정상] 
---------------------------------------------------------------------------
[Detail]
4번 이미지 전송 완료
---------------------------------------------------------------------------

---------------------------------------------------------------------------
[09:33:34] [ CAM : 0 ] [정상] 
---------------------------------------------------------------------------
[Detail]
촬영 시퀀스 완료
---------------------------------------------------------------------------

---------------------------------------------------------------------------
[09:33:34] [ CAM : 0 ] [정상] 
---------------------------------------------------------------------------
[Detail]
물체 감지 - 촬영 시작
---------------------------------------------------------------------------

---------------------------------------------------------------------------
[09:33:34] [ CAM : 0 ] [정상] 
---------------------------------------------------------------------------
[Detail]
1번 이미지 전송 완료
---------------------------------------------------------------------------

---------------------------------------------------------------------------
[09:33:35] [ CAM : 0 ] [정상] 
---------------------------------------------------------------------------
[Detail]
2번 이미지 전송 완료
---------------------------------------------------------------------------

---------------------------------------------------------------------------
[09:33:35] [ CAM : 0 ] [정상] 
---------------------------------------------------------------------------
[Detail]
3번 이미지 전송 완료
---------------------------------------------------------------------------

---------------------------------------------------------------------------
[09:33:35] [ CAM : 0 ] [정상] 
---------------------------------------------------------------------------
[Detail]
4번 이미지 전송 완료
---------------------------------------------------------------------------

---------------------------------------------------------------------------
[09:33:35] [ CAM : 0 ] [정상] 
---------------------------------------------------------------------------
[Detail]
촬영 시퀀스 완료
---------------------------------------------------------------------------

---------------------------------------------------------------------------
[09:33:35] [ CAM : 0 ] [정상] 
---------------------------------------------------------------------------
[Detail]
물체 감지 - 촬영 시작
---------------------------------------------------------------------------

---------------------------------------------------------------------------
[09:33:35] [ CAM : 0 ] [정상] 
---------------------------------------------------------------------------
[Detail]
1번 이미지 전송 완료
---------------------------------------------------------------------------

---------------------------------------------------------------------------
[09:33:36] [ CAM : 0 ] [정상] 
---------------------------------------------------------------------------
[Detail]
2번 이미지 전송 완료
---------------------------------------------------------------------------

---------------------------------------------------------------------------
[09:33:36] [ CAM : 0 ] [정상] 
---------------------------------------------------------------------------
[Detail]
3번 이미지 전송 완료
---------------------------------------------------------------------------

---------------------------------------------------------------------------
[09:33:36] [ CAM : 0 ] [정상] 
---------------------------------------------------------------------------
[Detail]
4번 이미지 전송 완료
---------------------------------------------------------------------------

---------------------------------------------------------------------------
[09:33:36] [ CAM : 0 ] [정상] 
---------------------------------------------------------------------------
[Detail]
촬영 시퀀스 완료
---------------------------------------------------------------------------

---------------------------------------------------------------------------
[09:33:36] [ CAM : 0 ] [정상] 
---------------------------------------------------------------------------
[Detail]
물체 감지 - 촬영 시작
---------------------------------------------------------------------------

---------------------------------------------------------------------------
[09:33:36] [ CAM : 0 ] [정상] 
---------------------------------------------------------------------------
[Detail]
1번 이미지 전송 완료
---------------------------------------------------------------------------

---------------------------------------------------------------------------
[09:33:37] [ CAM : 0 ] [정상] 
---------------------------------------------------------------------------
[Detail]
2번 이미지 전송 완료
---------------------------------------------------------------------------

---------------------------------------------------------------------------
[09:33:37] [ CAM : 0 ] [정상] 
---------------------------------------------------------------------------
[Detail]
3번 이미지 전송 완료
---------------------------------------------------------------------------

---------------------------------------------------------------------------
[09:33:37] [ CAM : 0 ] [정상] 
---------------------------------------------------------------------------
[Detail]
4번 이미지 전송 완료
---------------------------------------------------------------------------

---------------------------------------------------------------------------
[09:33:37] [ CAM : 0 ] [정상] 
---------------------------------------------------------------------------
[Detail]
촬영 시퀀스 완료
---------------------------------------------------------------------------

---------------------------------------------------------------------------
[09:33:40] [ CAM : 0 ] [정상] 
---------------------------------------------------------------------------
[Detail]
물체 감지 - 촬영 시작
---------------------------------------------------------------------------

---------------------------------------------------------------------------
[09:33:40] [ CAM : 0 ] [정상] 
---------------------------------------------------------------------------
[Detail]
1번 이미지 전송 완료
---------------------------------------------------------------------------

---------------------------------------------------------------------------
[09:33:40] [ CAM : 0 ] [정상] 
---------------------------------------------------------------------------
[Detail]
2번 이미지 전송 완료
---------------------------------------------------------------------------

---------------------------------------------------------------------------
[09:33:41] [ CAM : 0 ] [정상] 
---------------------------------------------------------------------------
[Detail]
3번 이미지 전송 완료
---------------------------------------------------------------------------

---------------------------------------------------------------------------
[09:33:41] [ CAM : 0 ] [정상] 
---------------------------------------------------------------------------
[Detail]
4번 이미지 전송 완료
---------------------------------------------------------------------------

---------------------------------------------------------------------------
[09:33:41] [ CAM : 0 ] [정상] 
---------------------------------------------------------------------------
[Detail]
촬영 시퀀스 완료
---------------------------------------------------------------------------

---------------------------------------------------------------------------
[09:33:41] [ CAM : 0 ] [정상] 
---------------------------------------------------------------------------
[Detail]
물체 감지 - 촬영 시작
---------------------------------------------------------------------------

---------------------------------------------------------------------------
[09:33:41] [ CAM : 0 ] [정상] 
---------------------------------------------------------------------------
[Detail]
1번 이미지 전송 완료
---------------------------------------------------------------------------

---------------------------------------------------------------------------
[09:33:41] [ CAM : 0 ] [정상] 
---------------------------------------------------------------------------
[Detail]
2번 이미지 전송 완료
---------------------------------------------------------------------------

---------------------------------------------------------------------------
[09:33:42] [ CAM : 0 ] [정상] 
---------------------------------------------------------------------------
[Detail]
3번 이미지 전송 완료
---------------------------------------------------------------------------

---------------------------------------------------------------------------
[09:33:42] [ CAM : 0 ] [정상] 
---------------------------------------------------------------------------
[Detail]
4번 이미지 전송 완료
---------------------------------------------------------------------------

---------------------------------------------------------------------------
[09:33:42] [ CAM : 0 ] [정상] 
---------------------------------------------------------------------------
[Detail]
촬영 시퀀스 완료
---------------------------------------------------------------------------

---------------------------------------------------------------------------
[09:33:42] [ CAM : 0 ] [정상] 
---------------------------------------------------------------------------
[Detail]
물체 감지 - 촬영 시작
---------------------------------------------------------------------------

---------------------------------------------------------------------------
[09:33:42] [ CAM : 0 ] [정상] 
---------------------------------------------------------------------------
[Detail]
1번 이미지 전송 완료
---------------------------------------------------------------------------

---------------------------------------------------------------------------
[09:33:43] [ CAM : 0 ] [정상] 
---------------------------------------------------------------------------
[Detail]
2번 이미지 전송 완료
---------------------------------------------------------------------------

---------------------------------------------------------------------------
[09:33:43] [ CAM : 0 ] [정상] 
---------------------------------------------------------------------------
[Detail]
3번 이미지 전송 완료
---------------------------------------------------------------------------

---------------------------------------------------------------------------
[09:33:43] [ CAM : 0 ] [정상] 
---------------------------------------------------------------------------
[Detail]
4번 이미지 전송 완료
---------------------------------------------------------------------------

---------------------------------------------------------------------------
[09:33:43] [ CAM : 0 ] [정상] 
---------------------------------------------------------------------------
[Detail]
촬영 시퀀스 완료
---------------------------------------------------------------------------

---------------------------------------------------------------------------
[09:33:43] [ CAM : 0 ] [정상] 
---------------------------------------------------------------------------
[Detail]
물체 감지 - 촬영 시작
---------------------------------------------------------------------------

---------------------------------------------------------------------------
[09:33:43] [ CAM : 0 ] [정상] 
---------------------------------------------------------------------------
[Detail]
1번 이미지 전송 완료
---------------------------------------------------------------------------

---------------------------------------------------------------------------
[09:33:44] [ CAM : 0 ] [정상] 
---------------------------------------------------------------------------
[Detail]
2번 이미지 전송 완료
---------------------------------------------------------------------------

---------------------------------------------------------------------------
[09:33:44] [ CAM : 0 ] [정상] 
---------------------------------------------------------------------------
[Detail]
3번 이미지 전송 완료
---------------------------------------------------------------------------

---------------------------------------------------------------------------
[09:33:44] [ CAM : 0 ] [정상] 
---------------------------------------------------------------------------
[Detail]
4번 이미지 전송 완료
---------------------------------------------------------------------------

---------------------------------------------------------------------------
[09:33:44] [ CAM : 0 ] [정상] 
---------------------------------------------------------------------------
[Detail]
촬영 시퀀스 완료
---------------------------------------------------------------------------

