---------------------------------------------------------------------------
[11:42:53] [ CAM : 0 ] [[ SetInteger ]
] 
---------------------------------------------------------------------------
[Detail]
Value = 0 must be equal or greater than Min = 32.
---------------------------------------------------------------------------

---------------------------------------------------------------------------
[11:42:53] [ CAM : 0 ] [[ SetInteger ]
] 
---------------------------------------------------------------------------
[Detail]
Value = 0 must be equal or greater than Min = 1.
---------------------------------------------------------------------------

---------------------------------------------------------------------------
[11:42:56] [ CAM : 0 ] [정상] 
---------------------------------------------------------------------------
[Detail]
물체 감지! 4장 촬영 시작
---------------------------------------------------------------------------

---------------------------------------------------------------------------
[11:42:57] [ CAM : 0 ] [정상] 
---------------------------------------------------------------------------
[Detail]
4장 전송 완료. (중복 방지 대기 중)
---------------------------------------------------------------------------

---------------------------------------------------------------------------
[11:43:07] [ CAM : 0 ] [정상] 
---------------------------------------------------------------------------
[Detail]
물체 감지! 4장 촬영 시작
---------------------------------------------------------------------------

---------------------------------------------------------------------------
[11:43:08] [ CAM : 0 ] [정상] 
---------------------------------------------------------------------------
[Detail]
4장 전송 완료. (중복 방지 대기 중)
---------------------------------------------------------------------------

---------------------------------------------------------------------------
[11:43:10] [ CAM : 0 ] [정상] 
---------------------------------------------------------------------------
[Detail]
물체 감지! 4장 촬영 시작
---------------------------------------------------------------------------

---------------------------------------------------------------------------
[11:43:11] [ CAM : 0 ] [정상] 
---------------------------------------------------------------------------
[Detail]
4장 전송 완료. (중복 방지 대기 중)
---------------------------------------------------------------------------

---------------------------------------------------------------------------
[11:43:18] [ CAM : 0 ] [정상] 
---------------------------------------------------------------------------
[Detail]
물체 감지! 4장 촬영 시작
---------------------------------------------------------------------------

---------------------------------------------------------------------------
[11:43:19] [ CAM : 0 ] [정상] 
---------------------------------------------------------------------------
[Detail]
4장 전송 완료. (중복 방지 대기 중)
---------------------------------------------------------------------------

---------------------------------------------------------------------------
[11:43:21] [ CAM : 0 ] [정상] 
---------------------------------------------------------------------------
[Detail]
물체 감지! 4장 촬영 시작
---------------------------------------------------------------------------

---------------------------------------------------------------------------
[11:43:22] [ CAM : 0 ] [정상] 
---------------------------------------------------------------------------
[Detail]
4장 전송 완료. (중복 방지 대기 중)
---------------------------------------------------------------------------

---------------------------------------------------------------------------
[11:43:27] [ CAM : 0 ] [정상] 
---------------------------------------------------------------------------
[Detail]
물체 감지! 4장 촬영 시작
---------------------------------------------------------------------------

---------------------------------------------------------------------------
[11:43:27] [ CAM : 0 ] [정상] 
---------------------------------------------------------------------------
[Detail]
4장 전송 완료. (중복 방지 대기 중)
---------------------------------------------------------------------------

---------------------------------------------------------------------------
[11:43:29] [ CAM : 0 ] [정상] 
---------------------------------------------------------------------------
[Detail]
물체 감지! 4장 촬영 시작
---------------------------------------------------------------------------

---------------------------------------------------------------------------
[11:43:30] [ CAM : 0 ] [정상] 
---------------------------------------------------------------------------
[Detail]
4장 전송 완료. (중복 방지 대기 중)
---------------------------------------------------------------------------

---------------------------------------------------------------------------
[11:43:37] [ CAM : 0 ] [알림] 
---------------------------------------------------------------------------
[Detail]
시스템 모드 변경: [재분류 모드]
---------------------------------------------------------------------------

---------------------------------------------------------------------------
[11:43:43] [ CAM : 0 ] [정상] 
---------------------------------------------------------------------------
[Detail]
물체 감지! 4장 촬영 시작
---------------------------------------------------------------------------

---------------------------------------------------------------------------
[11:43:43] [ CAM : 0 ] [정상] 
---------------------------------------------------------------------------
[Detail]
4장 전송 완료. (중복 방지 대기 중)
---------------------------------------------------------------------------

---------------------------------------------------------------------------
[11:43:46] [ CAM : 0 ] [정상] 
---------------------------------------------------------------------------
[Detail]
물체 감지! 4장 촬영 시작
---------------------------------------------------------------------------

---------------------------------------------------------------------------
[11:43:46] [ CAM : 0 ] [정상] 
---------------------------------------------------------------------------
[Detail]
4장 전송 완료. (중복 방지 대기 중)
---------------------------------------------------------------------------

