---------------------------------------------------------------------------
[18:08:26] [ CAM : 0 ] [[ SetInteger ]
] 
---------------------------------------------------------------------------
[Detail]
Value = 0 must be equal or greater than Min = 32.
---------------------------------------------------------------------------

---------------------------------------------------------------------------
[18:08:26] [ CAM : 0 ] [[ SetInteger ]
] 
---------------------------------------------------------------------------
[Detail]
Value = 0 must be equal or greater than Min = 1.
---------------------------------------------------------------------------

---------------------------------------------------------------------------
[18:08:27] [ CAM : 0 ] [정상] 
---------------------------------------------------------------------------
[Detail]
1번 이미지 전송 완료
---------------------------------------------------------------------------

---------------------------------------------------------------------------
[18:08:27] [ CAM : 0 ] [정상] 
---------------------------------------------------------------------------
[Detail]
촬영 시퀀스 완료
---------------------------------------------------------------------------

